[2016.04.15-09.28.48:439][  0]Log file open, 04/15/16 13:28:48
[2016.04.15-09.28.48:439][  0]LogInit:Display: Running engine for game: LD35
[2016.04.15-09.28.48:439][  0]LogPlatformFile: Not using cached read wrapper
[2016.04.15-09.28.48:439][  0]LogInit:Display: RandInit(1445908777) SRandInit(1445908778).
[2016.04.15-09.28.48:439][  0]LogTaskGraph: Started task graph with 4 named threads and 7 total threads.
[2016.04.15-09.28.48:439][  0]LogStats: Stats thread started at 0.062207
[2016.04.15-09.28.48:439][  0]LogInit: Version: 4.10.2-2818068+++depot+UE4-Releases+4.10
[2016.04.15-09.28.48:439][  0]LogInit: API Version: 2758231
[2016.04.15-09.28.48:439][  0]LogInit: Compiled (64-bit): Jan  6 2016 17:36:42
[2016.04.15-09.28.48:439][  0]LogInit: Compiled with Visual C++: 19.00.23026.00
[2016.04.15-09.28.48:439][  0]LogInit: Build Configuration: Development
[2016.04.15-09.28.48:439][  0]LogInit: Branch Name: ++depot+UE4-Releases+4.10
[2016.04.15-09.28.48:439][  0]LogInit: Command line:  
[2016.04.15-09.28.48:439][  0]LogInit: Base directory: C:/Program Files/Epic Games/4.10/Engine/Binaries/Win64/
[2016.04.15-09.28.48:439][  0]LogInit: Rocket: 1
[2016.04.15-09.28.48:449][  0]LogInit: Using libcurl 7.41.0
[2016.04.15-09.28.48:449][  0]LogInit:  - built for x86_64-pc-win32
[2016.04.15-09.28.48:449][  0]LogInit:  - supports SSL with WinSSL
[2016.04.15-09.28.48:449][  0]LogInit:  - other features:
[2016.04.15-09.28.48:449][  0]LogInit:      CURL_VERSION_SSL
[2016.04.15-09.28.48:449][  0]LogInit:      CURL_VERSION_IPV6
[2016.04.15-09.28.48:449][  0]LogInit:      CURL_VERSION_ASYNCHDNS
[2016.04.15-09.28.48:449][  0]LogInit:      CURL_VERSION_LARGEFILE
[2016.04.15-09.28.48:449][  0]LogInit:      CURL_VERSION_IDN
[2016.04.15-09.28.48:449][  0]LogInit:  CurlRequestOptions (configurable via config and command line):
[2016.04.15-09.28.48:449][  0]LogInit:  - bVerifyPeer = true  - Libcurl will verify peer certificate
[2016.04.15-09.28.48:449][  0]LogInit:  - bUseHttpProxy = false  - Libcurl will NOT use HTTP proxy
[2016.04.15-09.28.48:449][  0]LogInit:  - bDontReuseConnections = false  - Libcurl will reuse connections
[2016.04.15-09.28.48:449][  0]LogInit:  - CertBundlePath = nullptr  - Libcurl will use whatever was configured at build time.
[2016.04.15-09.28.48:453][  0]LogInit: Presizing for 0 objects not considered by GC, pre-allocating 0 bytes.
[2016.04.15-09.28.48:459][  0]LogInit: Object subsystem initialized
[2016.04.15-09.28.48:460][  0]LogInit: Selected Device Profile: [Windows]
[2016.04.15-09.28.48:460][  0]LogInit: Applying CVar settings loaded from the selected device profile: [Windows]
[2016.04.15-09.28.48:465][  0]LogInit: Computer: MEGATRON
[2016.04.15-09.28.48:465][  0]LogInit: User: Supr
[2016.04.15-09.28.48:465][  0]LogInit: CPU Page size=4096, Cores=4
[2016.04.15-09.28.48:465][  0]LogInit: High frequency timer resolution =3.320419 MHz
[2016.04.15-09.28.48:465][  0]LogMemory: Memory total: Physical=12.0GB (12GB approx)
[2016.04.15-09.28.48:465][  0]LogMemory: Platform Memory Stats for Windows
[2016.04.15-09.28.48:465][  0]LogMemory: Process Physical Memory: 56.84 MB used, 56.84 MB peak
[2016.04.15-09.28.48:465][  0]LogMemory: Process Virtual Memory: 58.71 MB used, 58.71 MB peak
[2016.04.15-09.28.48:465][  0]LogMemory: Physical Memory: 6283.35 MB used, 12264.86 MB total
[2016.04.15-09.28.48:465][  0]LogMemory: Virtual Memory: 352.86 MB used, 8388608.00 MB total
[2016.04.15-09.28.48:503][  0]LogTextLocalizationManager: No translations for ('ru-RU') exist, falling back to 'en' for localization and internationalization data.
[2016.04.15-09.28.48:834][  0]LogD3D11RHI: Found D3D11 adapter 0: NVIDIA Quadro 4000 (Feature Level 11_0)
[2016.04.15-09.28.48:834][  0]LogD3D11RHI: Adapter has 1999MB of dedicated video memory, 0MB of dedicated system memory, and 5876MB of shared system memory, 1 output[s]
[2016.04.15-09.28.48:834][  0]LogD3D11RHI: Chosen D3D11 Adapter Id = 0
[2016.04.15-09.28.48:840][  0]LogD3D11RHI: !Direct3DDevice
[2016.04.15-09.28.48:840][  0]LogRHI: Texture pool is 1361 MB (70% of 1945 MB)
[2016.04.15-09.28.48:847][  0]LogD3D11RHI: Async texture creation enabled
[2016.04.15-09.28.48:859][  0]LogShaderCompilers: Guid format shader working directory is 3 characters bigger than the processId version (F:/_Good_Job/Unreal Projects/LD35copy/LD35/Intermediate/Shaders/WorkingDirectory/7000/).
[2016.04.15-09.28.48:860][  0]LogShaderCompilers: Cleaned the shader compiler working directory 'C:/Users/Supr/AppData/Local/Temp/UnrealShaderWorkingDir/0BDCE76F4FF9A031134852B533326D92/'.
[2016.04.15-09.28.48:860][  0]LogShaderCompilers:Display: Using Local Shader Compiler.
[2016.04.15-09.28.49:640][  0]LogTemp:Display: Loaded TP AllDesktopTargetPlatform
[2016.04.15-09.28.49:643][  0]LogTemp:Display: Loaded TP WindowsClientTargetPlatform
[2016.04.15-09.28.49:647][  0]LogTemp:Display: Loaded TP WindowsNoEditorTargetPlatform
[2016.04.15-09.28.49:650][  0]LogTemp:Display: Loaded TP WindowsServerTargetPlatform
[2016.04.15-09.28.49:653][  0]LogTemp:Display: Loaded TP WindowsTargetPlatform
[2016.04.15-09.28.49:655][  0]LogTemp:Display: Loaded TP AndroidTargetPlatform
[2016.04.15-09.28.49:657][  0]LogTemp:Display: Loaded TP Android_ASTCTargetPlatform
[2016.04.15-09.28.49:660][  0]LogTemp:Display: Loaded TP Android_ATCTargetPlatform
[2016.04.15-09.28.49:662][  0]LogTemp:Display: Loaded TP Android_DXTTargetPlatform
[2016.04.15-09.28.49:665][  0]LogTemp:Display: Loaded TP Android_ETC1TargetPlatform
[2016.04.15-09.28.49:667][  0]LogTemp:Display: Loaded TP Android_ETC2TargetPlatform
[2016.04.15-09.28.49:672][  0]LogTemp:Display: Loaded TP Android_MultiTargetPlatform
[2016.04.15-09.28.49:672][  0]LogTemp:Display: Loaded TP Android_PVRTCTargetPlatform
[2016.04.15-09.28.49:673][  0]LogTemp:Display: Loaded TP HTML5TargetPlatform
[2016.04.15-09.28.49:687][  0]LogTemp:Display: Loaded TP IOSTargetPlatform
[2016.04.15-09.28.49:689][  0]LogTemp:Display: Loaded TP LinuxNoEditorTargetPlatform
[2016.04.15-09.28.49:691][  0]LogTemp:Display: Loaded TP LinuxServerTargetPlatform
[2016.04.15-09.28.49:693][  0]LogTemp:Display: Loaded TP LinuxTargetPlatform
[2016.04.15-09.28.49:693][  0]LogTargetPlatformManager:Display: Building Assets For Windows
[2016.04.15-09.28.49:756][  0]LogDerivedDataCache:Display: Max Cache Size: 512 MB
[2016.04.15-09.28.49:793][  0]LogDerivedDataCache: Loaded boot cache 0.04s 41MB C:/Users/Supr/AppData/Local/UnrealEngine/4.10/DerivedDataCache/Boot.ddc.
[2016.04.15-09.28.49:793][  0]LogDerivedDataCache:Display: Loaded Boot cache: C:/Users/Supr/AppData/Local/UnrealEngine/4.10/DerivedDataCache/Boot.ddc
[2016.04.15-09.28.49:793][  0]LogDerivedDataCache: FDerivedDataBackendGraph:  Pak pak cache file F:/_Good_Job/Unreal Projects/LD35copy/LD35/DerivedDataCache/DDC.ddp not found, will not use a pak cache.
[2016.04.15-09.28.49:793][  0]LogDerivedDataCache: Unable to find inner node Pak for hierarchical cache Hierarchy.
[2016.04.15-09.28.49:793][  0]LogDerivedDataCache: FDerivedDataBackendGraph:  CompressedPak pak cache file F:/_Good_Job/Unreal Projects/LD35copy/LD35/DerivedDataCache/Compressed.ddp not found, will not use a pak cache.
[2016.04.15-09.28.49:793][  0]LogDerivedDataCache: Unable to find inner node CompressedPak for hierarchical cache Hierarchy.
[2016.04.15-09.28.49:841][  0]LogDerivedDataCache:Display: Pak cache opened for reading ../../../Engine/DerivedDataCache/Compressed.ddp.
[2016.04.15-09.28.49:852][  0]LogDerivedDataCache: Using Local data cache path C:/Users/Supr/AppData/Local/UnrealEngine/Common/DerivedDataCache: Writable
[2016.04.15-09.28.49:996][  0]LogInit: Selected Device Profile: [Windows]
[2016.04.15-09.28.49:996][  0]LogContentStreaming: Texture pool size is 0.000000MB
[2016.04.15-09.28.50:024][  0]LogMeshUtilities: No automatic mesh reduction module available
[2016.04.15-09.28.50:024][  0]LogMeshUtilities: No automatic mesh merging module available
[2016.04.15-09.28.50:239][  0]LogLinker:Warning: Can't find file '/Game/SkyBox/M_SkyCustom'
[2016.04.15-09.28.50:239][  0]LogLinker:Warning: Can't find file for asset '/Game/SkyBox/M_SkyCustom' while loading ../../../Engine/Content/EngineMeshes/Sphere.uasset.
[2016.04.15-09.28.50:239][  0]LoadErrors:Error: Error /Engine/EngineMeshes/Sphere : Can't find file for asset. /Game/SkyBox/M_SkyCustom
[2016.04.15-09.28.50:239][  0]LogLinker:Warning: Can't find file '/Game/SkyBox/M_SkyCustom'
[2016.04.15-09.28.50:239][  0]LogLinker:Warning: Can't find file for asset '/Game/SkyBox/M_SkyCustom' while loading ../../../Engine/Content/EngineMeshes/Sphere.uasset.
[2016.04.15-09.28.50:239][  0]LoadErrors:Error: Error /Engine/EngineMeshes/Sphere : Can't find file for asset. /Game/SkyBox/M_SkyCustom
[2016.04.15-09.28.50:239][  0]LogLinker:Warning: Can't find file '/Game/SkyBox/M_SkyCustom'
[2016.04.15-09.28.50:239][  0]LoadErrors: Info Failed to load /Game/SkyBox/M_SkyCustom.M_SkyCustom Referenced by Sphere
[2016.04.15-09.28.50:239][  0]LogLinker:Warning: Can't find file for asset '/Game/SkyBox/M_SkyCustom' while loading NULL.
[2016.04.15-09.28.50:240][  0]LoadErrors: Info Failed to load /Game/SkyBox/M_SkyCustom.M_SkyCustom Referenced by Sphere
[2016.04.15-09.28.50:283][  0]LogInit: WinSock: version 1.1 (2.2), MaxSocks=32767, MaxUdp=65467
[2016.04.15-09.28.50:943][  0]UdpMessaging: Initializing bridge on interface 0.0.0.0:0 to multicast group 230.0.0.1:6666.
[2016.04.15-09.28.51:048][  0]LogAssetRegistry: FAssetRegistry took 0.0095 seconds to start up
[2016.04.15-09.28.51:177][  0]SourceControl: Info Source control is disabled
[2016.04.15-09.28.51:209][  0]SourceControl: Info Source control is disabled
[2016.04.15-09.28.51:218][  0]SourceControl: Info Source control is disabled
[2016.04.15-09.28.51:228][  0]SourceControl: Info Source control is disabled
[2016.04.15-09.28.51:434][  0]LogObj: 28635 objects as part of root set at end of initial load.
[2016.04.15-09.28.51:434][  0]LogUObjectAllocator: 6100120 out of 0 bytes used by permanent object pool.
[2016.04.15-09.28.51:479][  0]LogEngine: Initializing Engine...
[2016.04.15-09.28.51:482][  0]LogHMD: Can't find Oculus library dev build: is proper Runtime installed? Version: 0.8.0.0
[2016.04.15-09.28.51:483][  0]LogHMD: SteamVR failed to initialize.  Err: 110
[2016.04.15-09.28.51:582][  0]LogAIModule: Creating AISystem for world NewWorld
[2016.04.15-09.28.51:589][  0]LogInit: XAudio2 using 'Динамики (Realtek High Definition Audio)' : 2 channels at 48 kHz using 32 bits per sample (channel mask 0x3)
[2016.04.15-09.28.51:631][  0]LogInit: FAudioDevice initialized.
[2016.04.15-09.28.51:649][  0]LogDerivedDataCache: Saved boot cache 0.02s 41MB C:/Users/Supr/AppData/Local/UnrealEngine/4.10/DerivedDataCache/Boot.ddc.
[2016.04.15-09.28.51:654][  0]LogInit: Texture streaming: Enabled
[2016.04.15-09.28.51:658][  0]LogAnalytics: Creating configured Analytics provider AnalyticsET
[2016.04.15-09.28.51:658][  0]LogAnalytics: [UEEditor.Rocket.Release] APIServer = http://et2.epicgames.com/ET2/. AppVersion = 4.10.2-2818068+++depot+UE4-Releases+4.10
[2016.04.15-09.28.51:658][  0]LogAnalytics: [UEEditor.Rocket.Release] SetUserId 2603a47d4a20b96fefa063b29d8033c7|e55af7e451744c999a4762e2fdd1f9fe|0890e980-5389-4143-bb97-cee61de94ec7
[2016.04.15-09.28.51:658][  0]LogAnalytics: [UEEditor.Rocket.Release] AnalyticsET::StartSession
[2016.04.15-09.28.51:667][  0]LogInit: Transaction tracking system initialized
[2016.04.15-09.28.51:685][  0]BlueprintLog: New page: Editor Load
[2016.04.15-09.28.51:735][  0]LocalizationService: Info Localization service is disabled
[2016.04.15-09.28.51:803][  0]LogConsoleResponse:Display: 
[2016.04.15-09.28.51:892][  0]LogCook:Display: Done creating registry. It took  0.00s.
[2016.04.15-09.28.51:934][  0]LogFileCache: Scanning file cache for directory 'F:/_Good_Job/Unreal Projects/LD35copy/LD35/Content/' took 0.01s
[2016.04.15-09.28.51:934][  0]SourceControl: Info Source control is disabled
[2016.04.15-09.28.51:934][  0]Cmd: MAP LOAD FILE="F:/_Good_Job/Unreal Projects/LD35copy/LD35/Content/LD35.umap" TEMPLATE=0 SHOWPROGRESS=1 FEATURELEVEL=3
[2016.04.15-09.28.51:934][  0]LightingResults: New page: Lighting Build
[2016.04.15-09.28.51:936][  0]MapCheck: New page: Map Check
[2016.04.15-09.28.51:936][  0]LightingResults: New page: Lighting Build
[2016.04.15-09.28.51:944][  0]LogParticles: Destroying 0 GPU particle simulations for FXSystem 0x000000001EC0EAC0
[2016.04.15-09.28.52:084][  0]LogAIModule: Creating AISystem for world LD35
[2016.04.15-09.28.52:088][  0]LogEditorServer: Finished looking for orphan Actors (0.000 secs)
[2016.04.15-09.28.52:089][  0]Cmd: MAP CHECKDEP NOCLEARLOG
[2016.04.15-09.28.52:145][  0]MapCheck: Info Map check complete: 0 Error(s), 0 Warning(s), took 56.196ms to complete.
[2016.04.15-09.28.52:145][  0]LogFileHelpers: Loading map 'LD35' took 0.211
[2016.04.15-09.28.52:226][  0]LogCollectionManager: Loaded 0 collections in 0.001262 seconds
[2016.04.15-09.28.52:260][  0]LogFileCache: Scanning file cache for directory 'F:/_Good_Job/Unreal Projects/LD35copy/LD35/Saved/Collections/' took 0.01s
[2016.04.15-09.28.52:260][  0]LogFileCache: Scanning file cache for directory 'F:/_Good_Job/Unreal Projects/LD35copy/LD35/Content/Developers/Supr/Collections/' took 0.01s
[2016.04.15-09.28.52:260][  0]LogFileCache: Scanning file cache for directory 'F:/_Good_Job/Unreal Projects/LD35copy/LD35/Content/Collections/' took 0.01s
[2016.04.15-09.28.52:260][  0]LogCollectionManager: Rebuilt the GUID cache for 0 collections in 0.000002 seconds
[2016.04.15-09.28.52:266][  0]LogContentBrowser: Native class hierarchy populated in 0.0058 seconds. Added 1893 classes and 338 folders.
[2016.04.15-09.28.52:270][  0]LogContentBrowser: Native class hierarchy updated for 'WidgetCarousel' in 0.0003 seconds. Added 0 classes and 0 folders.
[2016.04.15-09.28.52:315][  0]LogContentBrowser: Native class hierarchy updated for 'AddContentDialog' in 0.0003 seconds. Added 0 classes and 0 folders.
[2016.04.15-09.28.52:322][  0]LogContentBrowser: Native class hierarchy updated for 'SceneOutliner' in 0.0003 seconds. Added 1 classes and 2 folders.
[2016.04.15-09.28.52:358][  0]LogCrashTracker: Crashtracker disabled due to settings.
[2016.04.15-09.28.52:360][  0]LogUObjectGlobals:Warning: Failed to find object 'Class None.'
[2016.04.15-09.28.52:381][  0]LogLoad: Full Startup: 4.27 seconds (BP compile: 0.03 seconds)
[2016.04.15-09.28.52:396][  0]LogOcInput: Can't find Oculus library dev build: is proper Runtime installed? Version: 0.8.0.0
[2016.04.15-09.28.52:434][  0]LogContentStreaming: Texture pool size now 700 MB
[2016.04.15-09.28.52:541][  0]LogRenderer: Reallocating scene render targets to support 1396x808 (Frame:2).
[2016.04.15-09.28.52:735][  1]LogAssetRegistry: Asset discovery search completed in 1.6971 seconds
[2016.04.15-09.28.52:735][  1]LogCollectionManager: Rebuilt the object cache for 0 collections in 0.000001 seconds (found 0 objects)
[2016.04.15-09.28.52:735][  1]LogCollectionManager: Fixed up redirectors for 0 collections in 0.000024 seconds (updated 0 objects)
[2016.04.15-09.28.56:924][465]LogLinker:Warning: Asset '../../../Engine/Content/ArtTools/RenderToTexture/Macros/RenderToTextureMacros.uasset' has been saved with empty engine version. The asset will be loaded but may be incompatible.
[2016.04.15-09.28.57:334][465]LogContentBrowser: Native class hierarchy updated for 'BlueprintGraph' in 0.0006 seconds. Added 107 classes and 0 folders.
[2016.04.15-09.29.03:509][139]Cmd: OBJ SAVEPACKAGE PACKAGE="/Game/LD35" FILE="F:/_Good_Job/Unreal Projects/LD35copy/LD35/Content/LD35.umap" SILENT=true AUTOSAVING=false KEEPDIRTY=false
[2016.04.15-09.29.03:636][139]LogSavePackage: Save=98.214714ms
[2016.04.15-09.29.03:636][139]LogSavePackage: Moving 'F:/_Good_Job/Unreal Projects/LD35copy/LD35/Saved/LD3527F45C8948B940A4E2E59FAFD15B5D98.tmp' to 'F:/_Good_Job/Unreal Projects/LD35copy/LD35/Content/LD35.umap'
[2016.04.15-09.29.03:637][139]LogSavePackage: Total save time: 109.940343ms
[2016.04.15-09.29.03:637][139]LogSavePackage:Display: Finished SavePackage F:/_Good_Job/Unreal Projects/LD35copy/LD35/Content/LD35.umap
[2016.04.15-09.29.03:655][139]LogFileHelpers: Saving map 'LD35' took 0.210
[2016.04.15-09.29.51:301][ 18]LogParticles: Destroying 0 GPU particle simulations for FXSystem 0x00000000486D6340
[2016.04.15-09.29.51:338][ 18]Cmd: OBJ SAVEPACKAGE PACKAGE="/Game/LD35" FILE="F:/_Good_Job/Unreal Projects/LD35copy/LD35/Saved/Autosaves/Game/UEDPCLD35.umap" SILENT=true AUTOSAVING=true KEEPDIRTY=true
[2016.04.15-09.29.51:459][ 18]LogSavePackage: Save=95.444885ms
[2016.04.15-09.29.51:459][ 18]LogSavePackage: Moving 'F:/_Good_Job/Unreal Projects/LD35copy/LD35/Saved/UEDPCLD3512F0B43E4F9E0BA653B37B8AA6055A5B.tmp' to 'F:/_Good_Job/Unreal Projects/LD35copy/LD35/Saved/Autosaves/Game/UEDPCLD35.umap'
[2016.04.15-09.29.51:460][ 18]LogSavePackage: Total save time: 102.096453ms
[2016.04.15-09.29.51:460][ 18]LogSavePackage:Display: Finished SavePackage F:/_Good_Job/Unreal Projects/LD35copy/LD35/Saved/Autosaves/Game/UEDPCLD35.umap
[2016.04.15-09.31.40:240][654]Cmd: OBJ SAVEPACKAGE PACKAGE="/Game/LD35" FILE="F:/_Good_Job/Unreal Projects/LD35copy/LD35/Saved/Autosaves/Game/UEDPCLD35.umap" SILENT=true AUTOSAVING=true KEEPDIRTY=true
[2016.04.15-09.31.40:346][654]LogSavePackage: Save=96.876030ms
[2016.04.15-09.31.40:346][654]LogSavePackage: Moving 'F:/_Good_Job/Unreal Projects/LD35copy/LD35/Saved/UEDPCLD35DEBE90ED471360B41BF475B22051C807.tmp' to 'F:/_Good_Job/Unreal Projects/LD35copy/LD35/Saved/Autosaves/Game/UEDPCLD35.umap'
[2016.04.15-09.31.40:346][654]LogSavePackage: Total save time: 106.179368ms
[2016.04.15-09.31.40:346][654]LogSavePackage:Display: Finished SavePackage F:/_Good_Job/Unreal Projects/LD35copy/LD35/Saved/Autosaves/Game/UEDPCLD35.umap
[2016.04.15-09.33.42:863][186]Cmd: OBJ SAVEPACKAGE PACKAGE="/Game/LD35" FILE="F:/_Good_Job/Unreal Projects/LD35copy/LD35/Content/LD35.umap" SILENT=true AUTOSAVING=false KEEPDIRTY=false
[2016.04.15-09.33.42:986][186]LogSavePackage: Save=95.989990ms
[2016.04.15-09.33.42:986][186]LogSavePackage: Moving 'F:/_Good_Job/Unreal Projects/LD35copy/LD35/Saved/LD35CA1D53B2415576E105E163B45378B73E.tmp' to 'F:/_Good_Job/Unreal Projects/LD35copy/LD35/Content/LD35.umap'
[2016.04.15-09.33.42:987][186]LogSavePackage: Total save time: 106.766649ms
[2016.04.15-09.33.42:987][186]LogSavePackage:Display: Finished SavePackage F:/_Good_Job/Unreal Projects/LD35copy/LD35/Content/LD35.umap
[2016.04.15-09.33.43:002][186]LogFileHelpers: Saving map 'LD35' took 0.201
[2016.04.15-09.33.53:446][426]Cmd: OBJ SAVEPACKAGE PACKAGE="/Game/LD35" FILE="F:/_Good_Job/Unreal Projects/LD35copy/LD35/Saved/Autosaves/Game/UEDPCLD35.umap" SILENT=true AUTOSAVING=true KEEPDIRTY=true
[2016.04.15-09.33.53:549][426]LogSavePackage: Save=96.629669ms
[2016.04.15-09.33.53:549][426]LogSavePackage: Moving 'F:/_Good_Job/Unreal Projects/LD35copy/LD35/Saved/UEDPCLD35FC4374C7459998C333F43ABCB9D13222.tmp' to 'F:/_Good_Job/Unreal Projects/LD35copy/LD35/Saved/Autosaves/Game/UEDPCLD35.umap'
[2016.04.15-09.33.53:550][426]LogSavePackage: Total save time: 103.399299ms
[2016.04.15-09.33.53:550][426]LogSavePackage:Display: Finished SavePackage F:/_Good_Job/Unreal Projects/LD35copy/LD35/Saved/Autosaves/Game/UEDPCLD35.umap
[2016.04.15-09.35.28:255][975]Cmd: OBJ SAVEPACKAGE PACKAGE="/Game/LD35" FILE="F:/_Good_Job/Unreal Projects/LD35copy/LD35/Saved/Autosaves/Game/UEDPCLD35.umap" SILENT=true AUTOSAVING=true KEEPDIRTY=true
[2016.04.15-09.35.28:717][975]LogSavePackage: Save=132.206512ms
[2016.04.15-09.35.28:717][975]LogSavePackage: Moving 'F:/_Good_Job/Unreal Projects/LD35copy/LD35/Saved/UEDPCLD3539536A6745CDEC5E1571CB9E14B2DB12.tmp' to 'F:/_Good_Job/Unreal Projects/LD35copy/LD35/Saved/Autosaves/Game/UEDPCLD35.umap'
[2016.04.15-09.35.28:717][975]LogSavePackage: Total save time: 156.699199ms
[2016.04.15-09.35.28:717][975]LogSavePackage:Display: Finished SavePackage F:/_Good_Job/Unreal Projects/LD35copy/LD35/Saved/Autosaves/Game/UEDPCLD35.umap
[2016.04.15-09.35.48:131][187]Cmd: OBJ SAVEPACKAGE PACKAGE="/Game/LD35" FILE="F:/_Good_Job/Unreal Projects/LD35copy/LD35/Content/LD35.umap" SILENT=true AUTOSAVING=false KEEPDIRTY=false
[2016.04.15-09.35.48:253][187]LogSavePackage: Save=95.842720ms
[2016.04.15-09.35.48:253][187]LogSavePackage: Moving 'F:/_Good_Job/Unreal Projects/LD35copy/LD35/Saved/LD354172C52C4A1E05C4ABA5788131AC0E41.tmp' to 'F:/_Good_Job/Unreal Projects/LD35copy/LD35/Content/LD35.umap'
[2016.04.15-09.35.48:254][187]LogSavePackage: Total save time: 105.977289ms
[2016.04.15-09.35.48:254][187]LogSavePackage:Display: Finished SavePackage F:/_Good_Job/Unreal Projects/LD35copy/LD35/Content/LD35.umap
[2016.04.15-09.35.48:268][187]LogFileHelpers: Saving map 'LD35' took 0.200
[2016.04.15-10.27.55:831][439]Cmd: OBJ SAVEPACKAGE PACKAGE="/Game/LD35" FILE="F:/_Good_Job/Unreal Projects/LD35copy/LD35/Saved/Autosaves/Game/UEDPCLD35.umap" SILENT=true AUTOSAVING=true KEEPDIRTY=true
[2016.04.15-10.27.55:939][439]LogSavePackage: Save=96.692017ms
[2016.04.15-10.27.55:939][439]LogSavePackage: Moving 'F:/_Good_Job/Unreal Projects/LD35copy/LD35/Saved/UEDPCLD3599A64B2B47CC6B8B804574A93410786A.tmp' to 'F:/_Good_Job/Unreal Projects/LD35copy/LD35/Saved/Autosaves/Game/UEDPCLD35.umap'
[2016.04.15-10.27.55:940][439]LogSavePackage: Total save time: 106.934696ms
[2016.04.15-10.27.55:940][439]LogSavePackage:Display: Finished SavePackage F:/_Good_Job/Unreal Projects/LD35copy/LD35/Saved/Autosaves/Game/UEDPCLD35.umap
[2016.04.15-10.28.36:444][588]Cmd: OBJ SAVEPACKAGE PACKAGE="/Game/LD35" FILE="F:/_Good_Job/Unreal Projects/LD35copy/LD35/Saved/Autosaves/Game/LD35_Auto1.umap" SILENT=true AUTOSAVING=true KEEPDIRTY=false
[2016.04.15-10.28.36:553][588]LogSavePackage: Save=96.692017ms
[2016.04.15-10.28.36:553][588]LogSavePackage: Moving 'F:/_Good_Job/Unreal Projects/LD35copy/LD35/Saved/LD35_Auto1250A610447ED730B6B78BE82B09700C2.tmp' to 'F:/_Good_Job/Unreal Projects/LD35copy/LD35/Saved/Autosaves/Game/LD35_Auto1.umap'
[2016.04.15-10.28.36:554][588]LogSavePackage: Total save time: 108.663395ms
[2016.04.15-10.28.36:554][588]LogSavePackage:Display: Finished SavePackage F:/_Good_Job/Unreal Projects/LD35copy/LD35/Saved/Autosaves/Game/LD35_Auto1.umap
[2016.04.15-10.28.36:555][588]LogFileHelpers: Editor autosave (incl. sublevels) for '/Game/LD35' took 0.132
[2016.04.15-10.28.36:555][588]LogFileHelpers: Editor autosave (incl. sublevels) for all levels took 0.132
[2016.04.15-10.57.40:474][879]BlueprintLog: New page: Compile LD35
[2016.04.15-10.57.40:533][879]BlueprintEditorCompileResults: Info [5332.29] Compile of LD35 successful! [in 58 ms]
[2016.04.15-10.57.42:152][ 60]Cmd: OBJ SAVEPACKAGE PACKAGE="/Game/LD35" FILE="F:/_Good_Job/Unreal Projects/LD35copy/LD35/Content/LD35.umap" SILENT=true AUTOSAVING=false KEEPDIRTY=false
[2016.04.15-10.57.42:721][ 60]LogSavePackage: Save=95.524689ms
[2016.04.15-10.57.42:721][ 60]LogSavePackage: Moving 'F:/_Good_Job/Unreal Projects/LD35copy/LD35/Saved/LD35F1967B814E4FC3A3A55EE9897A9DE5FB.tmp' to 'F:/_Good_Job/Unreal Projects/LD35copy/LD35/Content/LD35.umap'
[2016.04.15-10.57.42:722][ 60]LogSavePackage: Total save time: 106.457651ms
[2016.04.15-10.57.42:722][ 60]LogSavePackage:Display: Finished SavePackage F:/_Good_Job/Unreal Projects/LD35copy/LD35/Content/LD35.umap
[2016.04.15-10.57.42:736][ 60]LogFileHelpers: Saving map 'LD35' took 0.659
[2016.04.15-16.37.06:681][722]LogEditorViewport: Clicking on Actor (context menu): BP_SkySphereCustom1_C (BP_SkySphereCustom1)
[2016.04.15-19.24.07:729][777]LogParticles: Destroying 0 GPU particle simulations for FXSystem 0x00000000486D7A60
[2016.04.15-19.24.07:914][778]Cmd: QUIT_EDITOR
[2016.04.15-19.24.08:041][778]LogExit: Preparing to exit.
[2016.04.15-19.24.08:248][778]LogExit: Editor shut down
[2016.04.15-19.24.08:249][778]LogExit: Transaction tracking system shut down
[2016.04.15-19.24.08:249][778]LogParticles: Destroying 0 GPU particle simulations for FXSystem 0x00000000147DA520
[2016.04.15-19.24.08:250][778]LogParticles: Destroying 0 GPU particle simulations for FXSystem 0x000000003501EFC0
[2016.04.15-19.24.08:250][778]LogParticles: Destroying 0 GPU particle simulations for FXSystem 0x00000000352EB4C0
[2016.04.15-19.24.08:250][778]LogParticles: Destroying 0 GPU particle simulations for FXSystem 0x00000000455F1EE0
[2016.04.15-19.24.08:250][778]LogParticles: Destroying 0 GPU particle simulations for FXSystem 0x00000000455F1D00
[2016.04.15-19.24.08:400][778]LogExit: Object subsystem successfully closed.
[2016.04.15-19.24.08:413][778]LogD3D11RHI: Shutdown
[2016.04.15-19.24.08:413][778]LogD3D11RHI: CleanupD3DDevice
[2016.04.15-19.24.08:451][778]LogD3D11RHI: ~FD3D11DynamicRHI
[2016.04.15-19.24.08:479][778]LogModuleManager: Shutting down and abandoning module CookingStats (200)
[2016.04.15-19.24.08:479][778]LogModuleManager: Shutting down and abandoning module BlueprintGraph (199)
[2016.04.15-19.24.08:479][778]LogModuleManager: Shutting down and abandoning module CrashTracker (198)
[2016.04.15-19.24.08:479][778]LogModuleManager: Shutting down and abandoning module SceneOutliner (197)
[2016.04.15-19.24.08:479][778]LogModuleManager: Shutting down and abandoning module SuperSearch (196)
[2016.04.15-19.24.08:479][778]LogModuleManager: Shutting down and abandoning module WidgetCarousel (195)
[2016.04.15-19.24.08:479][778]LogModuleManager: Shutting down and abandoning module AddContentDialog (194)
[2016.04.15-19.24.08:480][778]LogModuleManager: Shutting down and abandoning module EditorWidgets (193)
[2016.04.15-19.24.08:480][778]LogModuleManager: Shutting down and abandoning module CollectionManager (192)
[2016.04.15-19.24.08:480][778]LogModuleManager: Shutting down and abandoning module StatsViewer (191)
[2016.04.15-19.24.08:480][778]LogModuleManager: Shutting down and abandoning module FoliageEdit (190)
[2016.04.15-19.24.08:480][778]LogModuleManager: Shutting down and abandoning module LandscapeEditor (189)
[2016.04.15-19.24.08:480][778]LogModuleManager: Shutting down and abandoning module ActorPickerMode (188)
[2016.04.15-19.24.08:480][778]LogModuleManager: Shutting down and abandoning module GeometryMode (187)
[2016.04.15-19.24.08:480][778]LogModuleManager: Shutting down and abandoning module TextureAlignMode (186)
[2016.04.15-19.24.08:480][778]LogModuleManager: Shutting down and abandoning module BspMode (185)
[2016.04.15-19.24.08:480][778]LogModuleManager: Shutting down and abandoning module PlacementMode (184)
[2016.04.15-19.24.08:480][778]LogModuleManager: Shutting down and abandoning module AutomationWorker (183)
[2016.04.15-19.24.08:480][778]LogModuleManager: Shutting down and abandoning module CharacterAI (182)
[2016.04.15-19.24.08:480][778]LogModuleManager: Shutting down and abandoning module SmartSnapping (181)
[2016.04.15-19.24.08:480][778]LogModuleManager: Shutting down and abandoning module ViewportSnapping (180)
[2016.04.15-19.24.08:480][778]LogModuleManager: Shutting down and abandoning module LogVisualizer (179)
[2016.04.15-19.24.08:480][778]LogModuleManager: Shutting down and abandoning module GameProjectGeneration (178)
[2016.04.15-19.24.08:480][778]LogModuleManager: Shutting down and abandoning module IntroTutorials (177)
[2016.04.15-19.24.08:480][778]LogModuleManager: Shutting down and abandoning module EditorLiveStreaming (176)
[2016.04.15-19.24.08:480][778]LogModuleManager: Shutting down and abandoning module IOSPlatformEditor (175)
[2016.04.15-19.24.08:480][778]LogModuleManager: Shutting down and abandoning module HTML5PlatformEditor (174)
[2016.04.15-19.24.08:480][778]LogModuleManager: Shutting down and abandoning module AndroidDeviceDetection (173)
[2016.04.15-19.24.08:921][778]LogModuleManager: Shutting down and abandoning module AndroidPlatformEditor (172)
[2016.04.15-19.24.08:921][778]LogModuleManager: Shutting down and abandoning module IOSRuntimeSettings (171)
[2016.04.15-19.24.08:921][778]LogModuleManager: Shutting down and abandoning module AndroidRuntimeSettings (170)
[2016.04.15-19.24.08:921][778]LogModuleManager: Shutting down and abandoning module MergeActors (169)
[2016.04.15-19.24.08:921][778]LogModuleManager: Shutting down and abandoning module SizeMap (168)
[2016.04.15-19.24.08:921][778]LogModuleManager: Shutting down and abandoning module TreeMap (167)
[2016.04.15-19.24.08:921][778]LogModuleManager: Shutting down and abandoning module ReferenceViewer (166)
[2016.04.15-19.24.08:921][778]LogModuleManager: Shutting down and abandoning module LocalizationService (165)
[2016.04.15-19.24.08:921][778]LogModuleManager: Shutting down and abandoning module LocalizationDashboard (164)
[2016.04.15-19.24.08:921][778]LogModuleManager: Shutting down and abandoning module HardwareTargeting (163)
[2016.04.15-19.24.08:921][778]LogModuleManager: Shutting down and abandoning module DeviceProfileEditor (162)
[2016.04.15-19.24.08:921][778]LogModuleManager: Shutting down and abandoning module UndoHistory (161)
[2016.04.15-19.24.08:921][778]LogModuleManager: Shutting down and abandoning module GameplayTagsEditor (160)
[2016.04.15-19.24.08:921][778]LogModuleManager: Shutting down and abandoning module UserFeedback (159)
[2016.04.15-19.24.08:921][778]LogModuleManager: Shutting down and abandoning module XmlParser (158)
[2016.04.15-19.24.08:922][778]LogModuleManager: Shutting down and abandoning module Blutility (157)
[2016.04.15-19.24.08:922][778]LogModuleManager: Shutting down and abandoning module ProjectTargetPlatformEditor (156)
[2016.04.15-19.24.08:922][778]LogModuleManager: Shutting down and abandoning module ProjectSettingsViewer (155)
[2016.04.15-19.24.08:922][778]LogModuleManager: Shutting down and abandoning module InputBindingEditor (154)
[2016.04.15-19.24.08:922][778]LogModuleManager: Shutting down and abandoning module EditorSettingsViewer (153)
[2016.04.15-19.24.08:922][778]LogModuleManager: Shutting down and abandoning module SettingsEditor (152)
[2016.04.15-19.24.08:922][778]LogModuleManager: Shutting down and abandoning module ProjectLauncher (151)
[2016.04.15-19.24.08:922][778]LogModuleManager: Shutting down and abandoning module SessionFrontend (150)
[2016.04.15-19.24.08:922][778]LogModuleManager: Shutting down and abandoning module ProfilerClient (149)
[2016.04.15-19.24.08:922][778]LogModuleManager: Shutting down and abandoning module TargetDeviceServices (148)
[2016.04.15-19.24.08:922][778]LogModuleManager: Shutting down and abandoning module DeviceManager (147)
[2016.04.15-19.24.08:922][778]LogModuleManager: Shutting down and abandoning module AutomationController (146)
[2016.04.15-19.24.08:922][778]LogModuleManager: Shutting down and abandoning module AutomationWindow (145)
[2016.04.15-19.24.08:922][778]LogModuleManager: Shutting down and abandoning module Layers (144)
[2016.04.15-19.24.08:922][778]LogModuleManager: Shutting down and abandoning module ComponentVisualizers (143)
[2016.04.15-19.24.08:922][778]LogModuleManager: Shutting down and abandoning module DetailCustomizations (142)
[2016.04.15-19.24.08:922][778]LogModuleManager: Shutting down and abandoning module PackagesDialog (141)
[2016.04.15-19.24.08:923][778]LogModuleManager: Shutting down and abandoning module Persona (140)
[2016.04.15-19.24.08:923][778]LogModuleManager: Shutting down and abandoning module Kismet (139)
[2016.04.15-19.24.08:923][778]LogModuleManager: Shutting down and abandoning module GraphEditor (138)
[2016.04.15-19.24.08:923][778]LogModuleManager: Shutting down and abandoning module ClassViewer (137)
[2016.04.15-19.24.08:923][778]LogModuleManager: Shutting down and abandoning module Toolbox (136)
[2016.04.15-19.24.08:923][778]LogModuleManager: Shutting down and abandoning module ModuleUI (135)
[2016.04.15-19.24.08:923][778]LogModuleManager: Shutting down and abandoning module MovieSceneTools (134)
[2016.04.15-19.24.08:923][778]LogModuleManager: Shutting down and abandoning module OutputLog (133)
[2016.04.15-19.24.08:923][778]LogModuleManager: Shutting down and abandoning module GammaUI (132)
[2016.04.15-19.24.08:923][778]LogModuleManager: Shutting down and abandoning module Documentation (131)
[2016.04.15-19.24.08:923][778]LogModuleManager: Shutting down and abandoning module GameLiveStreaming (130)
[2016.04.15-19.24.08:923][778]LogModuleManager: Shutting down and abandoning module StreamingPauseRendering (129)
[2016.04.15-19.24.08:923][778]LogModuleManager: Shutting down and abandoning module AnalyticsET (128)
[2016.04.15-19.24.08:923][778]LogModuleManager: Shutting down and abandoning module Analytics (127)
[2016.04.15-19.24.08:923][778]LogModuleManager: Shutting down and abandoning module AITestSuite (126)
[2016.04.15-19.24.08:923][778]LogModuleManager: Shutting down and abandoning module GameplayDebugger (125)
[2016.04.15-19.24.08:923][778]LogModuleManager: Shutting down and abandoning module AIModule (124)
[2016.04.15-19.24.08:923][778]LogModuleManager: Shutting down and abandoning module ProfilerService (123)
[2016.04.15-19.24.09:051][778]LogModuleManager: Shutting down and abandoning module TaskGraph (122)
[2016.04.15-19.24.09:051][778]LogModuleManager: Shutting down and abandoning module SlateRemote (121)
[2016.04.15-19.24.09:051][778]LogModuleManager: Shutting down and abandoning module SteamVRController (120)
[2016.04.15-19.24.09:051][778]LogModuleManager: Shutting down and abandoning module SteamVR (119)
[2016.04.15-19.24.09:051][778]LogModuleManager: Shutting down and abandoning module ProceduralMeshComponent (118)
[2016.04.15-19.24.09:051][778]LogModuleManager: Shutting down and abandoning module OculusLibrary (117)
[2016.04.15-19.24.09:051][778]LogModuleManager: Shutting down and abandoning module OculusInput (116)
[2016.04.15-19.24.09:051][778]LogModuleManager: Shutting down and abandoning module LeapMotionController (115)
[2016.04.15-19.24.09:080][778]LogModuleManager: Shutting down and abandoning module CustomMeshComponent (114)
[2016.04.15-19.24.09:080][778]LogModuleManager: Shutting down and abandoning module CableComponent (113)
[2016.04.15-19.24.09:080][778]LogModuleManager: Shutting down and abandoning module ArchVisCharacter (112)
[2016.04.15-19.24.09:081][778]LogModuleManager: Shutting down and abandoning module MessagingDebugger (111)
[2016.04.15-19.24.09:081][778]LogModuleManager: Shutting down and abandoning module MediaPlayerEditor (110)
[2016.04.15-19.24.09:081][778]LogModuleManager: Shutting down and abandoning module HTML5Networking (109)
[2016.04.15-19.24.09:081][778]LogModuleManager: Shutting down and abandoning module SpeedTreeImporter (108)
[2016.04.15-19.24.09:081][778]LogModuleManager: Shutting down and abandoning module PluginBrowser (107)
[2016.04.15-19.24.09:081][778]LogModuleManager: Shutting down and abandoning module EpicSurvey (106)
[2016.04.15-19.24.09:081][778]LogModuleManager: Shutting down and abandoning module DesktopPlatform (105)
[2016.04.15-19.24.09:081][778]LogModuleManager: Shutting down and abandoning module VisualStudioSourceCodeAccess (104)
[2016.04.15-19.24.09:081][778]LogModuleManager: Shutting down and abandoning module UObjectPlugin (103)
[2016.04.15-19.24.09:081][778]LogModuleManager: Shutting down and abandoning module SubversionSourceControl (102)
[2016.04.15-19.24.09:081][778]LogModuleManager: Shutting down and abandoning module PerforceSourceControl (101)
[2016.04.15-19.24.09:081][778]LogModuleManager: Shutting down and abandoning module SourceControl (100)
[2016.04.15-19.24.09:081][778]LogModuleManager: Shutting down and abandoning module GitSourceControl (99)
[2016.04.15-19.24.09:081][778]LogModuleManager: Shutting down and abandoning module LightPropagationVolumeEditor (98)
[2016.04.15-19.24.09:081][778]LogModuleManager: Shutting down and abandoning module PaperTiledImporter (97)
[2016.04.15-19.24.09:081][778]LogModuleManager: Shutting down and abandoning module PaperSpriteSheetImporter (96)
[2016.04.15-19.24.09:081][778]LogModuleManager: Shutting down and abandoning module MeshPaint (95)
[2016.04.15-19.24.09:081][778]LogModuleManager: Shutting down and abandoning module SlateReflector (94)
[2016.04.15-19.24.09:081][778]LogModuleManager: Shutting down and abandoning module HotReload (93)
[2016.04.15-19.24.09:081][778]LogModuleManager: Shutting down and abandoning module MainFrame (92)
[2016.04.15-19.24.09:081][778]LogModuleManager: Shutting down and abandoning module LevelEditor (91)
[2016.04.15-19.24.09:083][778]LogModuleManager: Shutting down and abandoning module DirectoryWatcher (90)
[2016.04.15-19.24.09:083][778]LogModuleManager: Shutting down and abandoning module AssetRegistry (89)
[2016.04.15-19.24.09:150][778]LogModuleManager: Shutting down and abandoning module ContentBrowser (88)
[2016.04.15-19.24.09:150][778]LogModuleManager: Shutting down and abandoning module Paper2DEditor (87)
[2016.04.15-19.24.09:151][778]LogModuleManager: Shutting down and abandoning module UdpMessaging (86)
[2016.04.15-19.24.09:251][778]LogModuleManager: Shutting down and abandoning module LightPropagationVolumeRuntime (85)
[2016.04.15-19.24.09:251][778]LogModuleManager: Shutting down and abandoning module Paper2D (84)
[2016.04.15-19.24.09:251][778]LogModuleManager: Shutting down and abandoning module WindowsMoviePlayer (83)
[2016.04.15-19.24.09:255][778]LogModuleManager: Shutting down and abandoning module Media (82)
[2016.04.15-19.24.09:255][778]LogModuleManager: Shutting down and abandoning module WmfMedia (81)
[2016.04.15-19.24.09:256][778]LogModuleManager: Shutting down and abandoning module OnlineBlueprintSupport (80)
[2016.04.15-19.24.09:256][778]LogModuleManager: Shutting down and abandoning module GameplayTasksEditor (79)
[2016.04.15-19.24.09:256][778]LogModuleManager: Shutting down and abandoning module PropertyEditor (78)
[2016.04.15-19.24.09:256][778]LogModuleManager: Shutting down and abandoning module BehaviorTreeEditor (77)
[2016.04.15-19.24.09:256][778]LogModuleManager: Shutting down and abandoning module FunctionalTesting (76)
[2016.04.15-19.24.09:256][778]LogModuleManager: Shutting down and abandoning module CollisionAnalyzer (75)
[2016.04.15-19.24.09:256][778]LogModuleManager: Shutting down and abandoning module WorkspaceMenuStructure (74)
[2016.04.15-19.24.09:256][778]LogModuleManager: Shutting down and abandoning module MessageLog (73)
[2016.04.15-19.24.09:256][778]LogModuleManager: Shutting down and abandoning module Sequencer (72)
[2016.04.15-19.24.09:257][778]LogModuleManager: Shutting down and abandoning module AssetTools (71)
[2016.04.15-19.24.09:257][778]LogModuleManager: Shutting down and abandoning module UMGEditor (70)
[2016.04.15-19.24.09:257][778]LogModuleManager: Shutting down and abandoning module UMG (69)
[2016.04.15-19.24.09:257][778]LogModuleManager: Shutting down and abandoning module Slate (68)
[2016.04.15-19.24.09:257][778]LogModuleManager: Shutting down and abandoning module EditorStyle (67)
[2016.04.15-19.24.09:262][778]LogModuleManager: Shutting down and abandoning module SessionServices (66)
[2016.04.15-19.24.09:262][778]LogModuleManager: Shutting down and abandoning module SourceCodeAccess (65)
[2016.04.15-19.24.09:262][778]LogModuleManager: Shutting down and abandoning module HeadMountedDisplay (64)
[2016.04.15-19.24.09:262][778]LogModuleManager: Shutting down and abandoning module XAudio2 (63)
[2016.04.15-19.24.09:263][778]LogModuleManager: Shutting down and abandoning module Networking (61)
[2016.04.15-19.24.09:263][778]LogModuleManager: Shutting down and abandoning module Core (60)
[2016.04.15-19.24.09:263][778]LogModuleManager: Shutting down and abandoning module KismetCompiler (59)
[2016.04.15-19.24.09:263][778]LogModuleManager: Shutting down and abandoning module PhysXFormats (58)
[2016.04.15-19.24.09:263][778]LogModuleManager: Shutting down and abandoning module MeshUtilities (57)
[2016.04.15-19.24.09:263][778]LogModuleManager: Shutting down and abandoning module DerivedDataCache (56)
[2016.04.15-19.24.09:317][778]LogDerivedDataCache: Shutdown
[2016.04.15-19.24.09:317][778]LogModuleManager: Shutting down and abandoning module ShaderFormatOpenGL (55)
[2016.04.15-19.24.09:318][778]LogModuleManager: Shutting down and abandoning module ShaderFormatD3D (54)
[2016.04.15-19.24.09:318][778]LogModuleManager: Shutting down and abandoning module MetalShaderFormat (53)
[2016.04.15-19.24.09:318][778]LogModuleManager: Shutting down and abandoning module TextureFormatUncompressed (52)
[2016.04.15-19.24.09:318][778]LogModuleManager: Shutting down and abandoning module TextureFormatPVR (51)
[2016.04.15-19.24.09:318][778]LogModuleManager: Shutting down and abandoning module TextureFormatIntelISPCTexComp (50)
[2016.04.15-19.24.09:318][778]LogModuleManager: Shutting down and abandoning module TextureFormatDXT (49)
[2016.04.15-19.24.09:318][778]LogModuleManager: Shutting down and abandoning module ImageWrapper (48)
[2016.04.15-19.24.09:318][778]LogModuleManager: Shutting down and abandoning module TextureFormatASTC (47)
[2016.04.15-19.24.09:318][778]LogModuleManager: Shutting down and abandoning module TextureFormatAndroid (46)
[2016.04.15-19.24.09:318][778]LogModuleManager: Shutting down and abandoning module AudioFormatOpus (45)
[2016.04.15-19.24.09:318][778]LogModuleManager: Shutting down and abandoning module AudioFormatOgg (44)
[2016.04.15-19.24.09:318][778]LogModuleManager: Shutting down and abandoning module AudioFormatADPCM (43)
[2016.04.15-19.24.09:318][778]LogModuleManager: Shutting down and abandoning module LinuxTargetPlatform (42)
[2016.04.15-19.24.09:318][778]LogModuleManager: Shutting down and abandoning module LinuxServerTargetPlatform (41)
[2016.04.15-19.24.09:318][778]LogModuleManager: Shutting down and abandoning module LinuxNoEditorTargetPlatform (40)
[2016.04.15-19.24.09:318][778]LogModuleManager: Shutting down and abandoning module Messaging (39)
[2016.04.15-19.24.09:318][778]LogModuleManager: Shutting down and abandoning module IOSTargetPlatform (38)
[2016.04.15-19.24.09:318][778]LogModuleManager: Shutting down and abandoning module HTML5TargetPlatform (37)
[2016.04.15-19.24.09:318][778]LogModuleManager: Shutting down and abandoning module Android_PVRTCTargetPlatform (36)
[2016.04.15-19.24.09:318][778]LogModuleManager: Shutting down and abandoning module Android_MultiTargetPlatform (35)
[2016.04.15-19.24.09:318][778]LogModuleManager: Shutting down and abandoning module Android_ETC2TargetPlatform (34)
[2016.04.15-19.24.09:318][778]LogModuleManager: Shutting down and abandoning module Android_ETC1TargetPlatform (33)
[2016.04.15-19.24.09:318][778]LogModuleManager: Shutting down and abandoning module Android_DXTTargetPlatform (32)
[2016.04.15-19.24.09:318][778]LogModuleManager: Shutting down and abandoning module Android_ATCTargetPlatform (31)
[2016.04.15-19.24.09:318][778]LogModuleManager: Shutting down and abandoning module Android_ASTCTargetPlatform (30)
[2016.04.15-19.24.09:318][778]LogModuleManager: Shutting down and abandoning module AndroidTargetPlatform (29)
[2016.04.15-19.24.09:318][778]LogModuleManager: Shutting down and abandoning module WindowsTargetPlatform (28)
[2016.04.15-19.24.09:318][778]LogModuleManager: Shutting down and abandoning module WindowsServerTargetPlatform (27)
[2016.04.15-19.24.09:318][778]LogModuleManager: Shutting down and abandoning module WindowsNoEditorTargetPlatform (26)
[2016.04.15-19.24.09:318][778]LogModuleManager: Shutting down and abandoning module WindowsClientTargetPlatform (25)
[2016.04.15-19.24.09:318][778]LogModuleManager: Shutting down and abandoning module AllDesktopTargetPlatform (24)
[2016.04.15-19.24.09:318][778]LogModuleManager: Shutting down and abandoning module TargetPlatform (23)
[2016.04.15-19.24.09:318][778]LogModuleManager: Shutting down and abandoning module InputCore (22)
[2016.04.15-19.24.09:318][778]LogModuleManager: Shutting down and abandoning module Settings (21)
[2016.04.15-19.24.09:318][778]LogModuleManager: Shutting down and abandoning module OnlineSubsystem (19)
[2016.04.15-19.24.09:318][778]LogModuleManager: Shutting down and abandoning module HTTP (18)
[2016.04.15-19.24.11:319][778]LogModuleManager: Shutting down and abandoning module XMPP (17)
[2016.04.15-19.24.11:319][778]LogModuleManager: Shutting down and abandoning module OculusRift (16)
[2016.04.15-19.24.11:319][778]LogModuleManager: Shutting down and abandoning module ExampleDeviceProfileSelector (15)
[2016.04.15-19.24.11:319][778]LogModuleManager: Shutting down and abandoning module TextureCompressor (14)
[2016.04.15-19.24.11:319][778]LogModuleManager: Shutting down and abandoning module ShaderCore (13)
[2016.04.15-19.24.11:319][778]LogModuleManager: Shutting down and abandoning module Landscape (12)
[2016.04.15-19.24.11:319][778]LogModuleManager: Shutting down and abandoning module SlateRHIRenderer (11)
[2016.04.15-19.24.11:321][778]LogModuleManager: Shutting down and abandoning module OpenGLDrv (10)
[2016.04.15-19.24.11:321][778]LogModuleManager: Shutting down and abandoning module D3D11RHI (9)
[2016.04.15-19.24.11:321][778]LogModuleManager: Shutting down and abandoning module AnimGraphRuntime (8)
[2016.04.15-19.24.11:321][778]LogModuleManager: Shutting down and abandoning module Renderer (7)
[2016.04.15-19.24.11:321][778]LogModuleManager: Shutting down and abandoning module Engine (6)
[2016.04.15-19.24.11:321][778]LogModuleManager: Shutting down and abandoning module CoreUObject (5)
[2016.04.15-19.24.11:321][778]LogModuleManager: Shutting down and abandoning module NetworkFile (4)
[2016.04.15-19.24.11:321][778]LogModuleManager: Shutting down and abandoning module StreamingFile (3)
[2016.04.15-19.24.11:321][778]LogModuleManager: Shutting down and abandoning module SandboxFile (2)
[2016.04.15-19.24.11:321][778]LogModuleManager: Shutting down and abandoning module PakFile (1)
[2016.04.15-19.24.11:323][778]LogExit: Exiting.
[2016.04.15-19.24.11:341][778]Log file closed, 04/15/16 23:24:11
