[2016.04.14-08.56.59:277][  0]Log file open, 04/14/16 12:56:59
[2016.04.14-08.56.59:277][  0]LogInit:Display: Running engine for game: LD35
[2016.04.14-08.56.59:277][  0]LogPlatformFile: Not using cached read wrapper
[2016.04.14-08.56.59:277][  0]LogInit:Display: RandInit(-436776720) SRandInit(-436776718).
[2016.04.14-08.56.59:277][  0]LogTaskGraph: Started task graph with 4 named threads and 7 total threads.
[2016.04.14-08.56.59:277][  0]LogStats: Stats thread started at 0.062485
[2016.04.14-08.56.59:277][  0]LogInit: Version: 4.10.2-2818068+++depot+UE4-Releases+4.10
[2016.04.14-08.56.59:277][  0]LogInit: API Version: 2758231
[2016.04.14-08.56.59:277][  0]LogInit: Compiled (64-bit): Jan  6 2016 17:36:42
[2016.04.14-08.56.59:277][  0]LogInit: Compiled with Visual C++: 19.00.23026.00
[2016.04.14-08.56.59:277][  0]LogInit: Build Configuration: Development
[2016.04.14-08.56.59:277][  0]LogInit: Branch Name: ++depot+UE4-Releases+4.10
[2016.04.14-08.56.59:277][  0]LogInit: Command line:  
[2016.04.14-08.56.59:277][  0]LogInit: Base directory: C:/Program Files/Epic Games/4.10/Engine/Binaries/Win64/
[2016.04.14-08.56.59:277][  0]LogInit: Rocket: 1
[2016.04.14-08.56.59:282][  0]LogInit: Using libcurl 7.41.0
[2016.04.14-08.56.59:282][  0]LogInit:  - built for x86_64-pc-win32
[2016.04.14-08.56.59:282][  0]LogInit:  - supports SSL with WinSSL
[2016.04.14-08.56.59:282][  0]LogInit:  - other features:
[2016.04.14-08.56.59:282][  0]LogInit:      CURL_VERSION_SSL
[2016.04.14-08.56.59:282][  0]LogInit:      CURL_VERSION_IPV6
[2016.04.14-08.56.59:282][  0]LogInit:      CURL_VERSION_ASYNCHDNS
[2016.04.14-08.56.59:282][  0]LogInit:      CURL_VERSION_LARGEFILE
[2016.04.14-08.56.59:282][  0]LogInit:      CURL_VERSION_IDN
[2016.04.14-08.56.59:282][  0]LogInit:  CurlRequestOptions (configurable via config and command line):
[2016.04.14-08.56.59:282][  0]LogInit:  - bVerifyPeer = true  - Libcurl will verify peer certificate
[2016.04.14-08.56.59:282][  0]LogInit:  - bUseHttpProxy = false  - Libcurl will NOT use HTTP proxy
[2016.04.14-08.56.59:282][  0]LogInit:  - bDontReuseConnections = false  - Libcurl will reuse connections
[2016.04.14-08.56.59:282][  0]LogInit:  - CertBundlePath = nullptr  - Libcurl will use whatever was configured at build time.
[2016.04.14-08.56.59:286][  0]LogInit: Presizing for 0 objects not considered by GC, pre-allocating 0 bytes.
[2016.04.14-08.56.59:292][  0]LogInit: Object subsystem initialized
[2016.04.14-08.56.59:292][  0]LogInit: Selected Device Profile: [Windows]
[2016.04.14-08.56.59:292][  0]LogInit: Applying CVar settings loaded from the selected device profile: [Windows]
[2016.04.14-08.56.59:297][  0]LogInit: Computer: MEGATRON
[2016.04.14-08.56.59:297][  0]LogInit: User: Supr
[2016.04.14-08.56.59:297][  0]LogInit: CPU Page size=4096, Cores=4
[2016.04.14-08.56.59:297][  0]LogInit: High frequency timer resolution =3.320410 MHz
[2016.04.14-08.56.59:298][  0]LogMemory: Memory total: Physical=12.0GB (12GB approx)
[2016.04.14-08.56.59:298][  0]LogMemory: Platform Memory Stats for Windows
[2016.04.14-08.56.59:298][  0]LogMemory: Process Physical Memory: 56.81 MB used, 56.81 MB peak
[2016.04.14-08.56.59:298][  0]LogMemory: Process Virtual Memory: 58.70 MB used, 58.70 MB peak
[2016.04.14-08.56.59:298][  0]LogMemory: Physical Memory: 7323.21 MB used, 12264.86 MB total
[2016.04.14-08.56.59:298][  0]LogMemory: Virtual Memory: 352.88 MB used, 8388608.00 MB total
[2016.04.14-08.56.59:334][  0]LogTextLocalizationManager: No translations for ('ru-RU') exist, falling back to 'en' for localization and internationalization data.
[2016.04.14-08.56.59:662][  0]LogD3D11RHI: Found D3D11 adapter 0: NVIDIA Quadro 4000 (Feature Level 11_0)
[2016.04.14-08.56.59:662][  0]LogD3D11RHI: Adapter has 1999MB of dedicated video memory, 0MB of dedicated system memory, and 5876MB of shared system memory, 1 output[s]
[2016.04.14-08.56.59:662][  0]LogD3D11RHI: Chosen D3D11 Adapter Id = 0
[2016.04.14-08.56.59:669][  0]LogD3D11RHI: !Direct3DDevice
[2016.04.14-08.56.59:669][  0]LogRHI: Texture pool is 1361 MB (70% of 1945 MB)
[2016.04.14-08.56.59:676][  0]LogD3D11RHI: Async texture creation enabled
[2016.04.14-08.56.59:688][  0]LogShaderCompilers: Guid format shader working directory is 7 characters bigger than the processId version (F:/_Good_Job/Unreal Projects/LD35/LD35/Intermediate/Shaders/WorkingDirectory/4068/).
[2016.04.14-08.56.59:689][  0]LogShaderCompilers: Cleaned the shader compiler working directory 'C:/Users/Supr/AppData/Local/Temp/UnrealShaderWorkingDir/9EAFAC7D4F24C7137D3B7AB318EEA05C/'.
[2016.04.14-08.56.59:689][  0]LogShaderCompilers:Display: Using Local Shader Compiler.
[2016.04.14-08.57.00:421][  0]LogTemp:Display: Loaded TP AllDesktopTargetPlatform
[2016.04.14-08.57.00:424][  0]LogTemp:Display: Loaded TP WindowsClientTargetPlatform
[2016.04.14-08.57.00:427][  0]LogTemp:Display: Loaded TP WindowsNoEditorTargetPlatform
[2016.04.14-08.57.00:430][  0]LogTemp:Display: Loaded TP WindowsServerTargetPlatform
[2016.04.14-08.57.00:433][  0]LogTemp:Display: Loaded TP WindowsTargetPlatform
[2016.04.14-08.57.00:436][  0]LogTemp:Display: Loaded TP AndroidTargetPlatform
[2016.04.14-08.57.00:438][  0]LogTemp:Display: Loaded TP Android_ASTCTargetPlatform
[2016.04.14-08.57.00:440][  0]LogTemp:Display: Loaded TP Android_ATCTargetPlatform
[2016.04.14-08.57.00:442][  0]LogTemp:Display: Loaded TP Android_DXTTargetPlatform
[2016.04.14-08.57.00:444][  0]LogTemp:Display: Loaded TP Android_ETC1TargetPlatform
[2016.04.14-08.57.00:447][  0]LogTemp:Display: Loaded TP Android_ETC2TargetPlatform
[2016.04.14-08.57.00:451][  0]LogTemp:Display: Loaded TP Android_MultiTargetPlatform
[2016.04.14-08.57.00:451][  0]LogTemp:Display: Loaded TP Android_PVRTCTargetPlatform
[2016.04.14-08.57.00:452][  0]LogTemp:Display: Loaded TP HTML5TargetPlatform
[2016.04.14-08.57.00:466][  0]LogTemp:Display: Loaded TP IOSTargetPlatform
[2016.04.14-08.57.00:468][  0]LogTemp:Display: Loaded TP LinuxNoEditorTargetPlatform
[2016.04.14-08.57.00:470][  0]LogTemp:Display: Loaded TP LinuxServerTargetPlatform
[2016.04.14-08.57.00:472][  0]LogTemp:Display: Loaded TP LinuxTargetPlatform
[2016.04.14-08.57.00:472][  0]LogTargetPlatformManager:Display: Building Assets For Windows
[2016.04.14-08.57.00:533][  0]LogDerivedDataCache:Display: Max Cache Size: 512 MB
[2016.04.14-08.57.00:567][  0]LogDerivedDataCache: Loaded boot cache 0.03s 41MB C:/Users/Supr/AppData/Local/UnrealEngine/4.10/DerivedDataCache/Boot.ddc.
[2016.04.14-08.57.00:567][  0]LogDerivedDataCache:Display: Loaded Boot cache: C:/Users/Supr/AppData/Local/UnrealEngine/4.10/DerivedDataCache/Boot.ddc
[2016.04.14-08.57.00:567][  0]LogDerivedDataCache: FDerivedDataBackendGraph:  Pak pak cache file F:/_Good_Job/Unreal Projects/LD35/LD35/DerivedDataCache/DDC.ddp not found, will not use a pak cache.
[2016.04.14-08.57.00:567][  0]LogDerivedDataCache: Unable to find inner node Pak for hierarchical cache Hierarchy.
[2016.04.14-08.57.00:567][  0]LogDerivedDataCache: FDerivedDataBackendGraph:  CompressedPak pak cache file F:/_Good_Job/Unreal Projects/LD35/LD35/DerivedDataCache/Compressed.ddp not found, will not use a pak cache.
[2016.04.14-08.57.00:567][  0]LogDerivedDataCache: Unable to find inner node CompressedPak for hierarchical cache Hierarchy.
[2016.04.14-08.57.00:615][  0]LogDerivedDataCache:Display: Pak cache opened for reading ../../../Engine/DerivedDataCache/Compressed.ddp.
[2016.04.14-08.57.00:626][  0]LogDerivedDataCache: Using Local data cache path C:/Users/Supr/AppData/Local/UnrealEngine/Common/DerivedDataCache: Writable
[2016.04.14-08.57.00:766][  0]LogInit: Selected Device Profile: [Windows]
[2016.04.14-08.57.00:766][  0]LogContentStreaming: Texture pool size is 0.000000MB
[2016.04.14-08.57.00:794][  0]LogMeshUtilities: No automatic mesh reduction module available
[2016.04.14-08.57.00:794][  0]LogMeshUtilities: No automatic mesh merging module available
[2016.04.14-08.57.01:002][  0]LogLinker:Warning: Can't find file '/Game/SkyBox/M_SkyCustom'
[2016.04.14-08.57.01:002][  0]LogLinker:Warning: Can't find file for asset '/Game/SkyBox/M_SkyCustom' while loading ../../../Engine/Content/EngineMeshes/Sphere.uasset.
[2016.04.14-08.57.01:002][  0]LoadErrors:Error: Error /Engine/EngineMeshes/Sphere : Can't find file for asset. /Game/SkyBox/M_SkyCustom
[2016.04.14-08.57.01:002][  0]LogLinker:Warning: Can't find file '/Game/SkyBox/M_SkyCustom'
[2016.04.14-08.57.01:002][  0]LogLinker:Warning: Can't find file for asset '/Game/SkyBox/M_SkyCustom' while loading ../../../Engine/Content/EngineMeshes/Sphere.uasset.
[2016.04.14-08.57.01:002][  0]LoadErrors:Error: Error /Engine/EngineMeshes/Sphere : Can't find file for asset. /Game/SkyBox/M_SkyCustom
[2016.04.14-08.57.01:003][  0]LogLinker:Warning: Can't find file '/Game/SkyBox/M_SkyCustom'
[2016.04.14-08.57.01:003][  0]LoadErrors: Info Failed to load /Game/SkyBox/M_SkyCustom.M_SkyCustom Referenced by Sphere
[2016.04.14-08.57.01:003][  0]LogLinker:Warning: Can't find file for asset '/Game/SkyBox/M_SkyCustom' while loading NULL.
[2016.04.14-08.57.01:003][  0]LoadErrors: Info Failed to load /Game/SkyBox/M_SkyCustom.M_SkyCustom Referenced by Sphere
[2016.04.14-08.57.01:044][  0]LogInit: WinSock: version 1.1 (2.2), MaxSocks=32767, MaxUdp=65467
[2016.04.14-08.57.01:646][  0]UdpMessaging: Initializing bridge on interface 0.0.0.0:0 to multicast group 230.0.0.1:6666.
[2016.04.14-08.57.01:760][  0]LogAssetRegistry: FAssetRegistry took 0.0099 seconds to start up
[2016.04.14-08.57.01:884][  0]SourceControl: Info Source control is disabled
[2016.04.14-08.57.01:901][  0]SourceControl: Info Source control is disabled
[2016.04.14-08.57.01:910][  0]SourceControl: Info Source control is disabled
[2016.04.14-08.57.01:919][  0]SourceControl: Info Source control is disabled
[2016.04.14-08.57.02:119][  0]LogObj: 28635 objects as part of root set at end of initial load.
[2016.04.14-08.57.02:119][  0]LogUObjectAllocator: 6100112 out of 0 bytes used by permanent object pool.
[2016.04.14-08.57.02:163][  0]LogEngine: Initializing Engine...
[2016.04.14-08.57.02:167][  0]LogHMD: Can't find Oculus library dev build: is proper Runtime installed? Version: 0.8.0.0
[2016.04.14-08.57.02:167][  0]LogHMD: SteamVR failed to initialize.  Err: 110
[2016.04.14-08.57.02:261][  0]LogAIModule: Creating AISystem for world NewWorld
[2016.04.14-08.57.02:267][  0]LogInit: XAudio2 using 'Динамики (Realtek High Definition Audio)' : 2 channels at 48 kHz using 32 bits per sample (channel mask 0x3)
[2016.04.14-08.57.02:273][  0]LogInit: FAudioDevice initialized.
[2016.04.14-08.57.02:290][  0]LogDerivedDataCache: Saved boot cache 0.02s 41MB C:/Users/Supr/AppData/Local/UnrealEngine/4.10/DerivedDataCache/Boot.ddc.
[2016.04.14-08.57.02:295][  0]LogInit: Texture streaming: Enabled
[2016.04.14-08.57.02:298][  0]LogAnalytics: Creating configured Analytics provider AnalyticsET
[2016.04.14-08.57.02:298][  0]LogAnalytics: [UEEditor.Rocket.Release] APIServer = http://et2.epicgames.com/ET2/. AppVersion = 4.10.2-2818068+++depot+UE4-Releases+4.10
[2016.04.14-08.57.02:298][  0]LogAnalytics: [UEEditor.Rocket.Release] SetUserId 2603a47d4a20b96fefa063b29d8033c7|e55af7e451744c999a4762e2fdd1f9fe|0890e980-5389-4143-bb97-cee61de94ec7
[2016.04.14-08.57.02:298][  0]LogAnalytics: [UEEditor.Rocket.Release] AnalyticsET::StartSession
[2016.04.14-08.57.02:307][  0]LogInit: Transaction tracking system initialized
[2016.04.14-08.57.02:324][  0]BlueprintLog: New page: Editor Load
[2016.04.14-08.57.02:372][  0]LocalizationService: Info Localization service is disabled
[2016.04.14-08.57.02:438][  0]LogConsoleResponse:Display: 
[2016.04.14-08.57.02:535][  0]LogCook:Display: Done creating registry. It took  0.00s.
[2016.04.14-08.57.02:576][  0]LogFileCache: Scanning file cache for directory 'F:/_Good_Job/Unreal Projects/LD35/LD35/Content/' took 0.01s
[2016.04.14-08.57.02:576][  0]SourceControl: Info Source control is disabled
[2016.04.14-08.57.02:576][  0]Cmd: MAP LOAD FILE="F:/_Good_Job/Unreal Projects/LD35/LD35/Content/LD35.umap" TEMPLATE=0 SHOWPROGRESS=1 FEATURELEVEL=3
[2016.04.14-08.57.02:577][  0]LightingResults: New page: Lighting Build
[2016.04.14-08.57.02:578][  0]MapCheck: New page: Map Check
[2016.04.14-08.57.02:578][  0]LightingResults: New page: Lighting Build
[2016.04.14-08.57.02:588][  0]LogParticles: Destroying 0 GPU particle simulations for FXSystem 0x0000000025C22AC0
[2016.04.14-08.57.02:667][  0]LogLinker:Warning: Can't find file '/Game/SkyBox/M_SkyCustom'
[2016.04.14-08.57.02:668][  0]LogLinker:Warning: Can't find file for asset '/Game/SkyBox/M_SkyCustom' while loading ../../../Engine/Content/EngineSky/BP_Sky_Sphere.uasset.
[2016.04.14-08.57.02:668][  0]LoadErrors:Error: Error /Engine/EngineSky/BP_Sky_Sphere : Can't find file for asset. /Game/SkyBox/M_SkyCustom
[2016.04.14-08.57.02:668][  0]LogLinker:Warning: Can't find file '/Game/SkyBox/M_SkyCustom'
[2016.04.14-08.57.02:668][  0]LogLinker:Warning: Can't find file for asset '/Game/SkyBox/M_SkyCustom' while loading ../../../Engine/Content/EngineSky/BP_Sky_Sphere.uasset.
[2016.04.14-08.57.02:668][  0]LoadErrors:Error: Error /Engine/EngineSky/BP_Sky_Sphere : Can't find file for asset. /Game/SkyBox/M_SkyCustom
[2016.04.14-08.57.02:668][  0]LogLinker:Warning: Can't find file '/Game/SkyBox/Mesh_SkySphere'
[2016.04.14-08.57.02:668][  0]LogLinker:Warning: Can't find file for asset '/Game/SkyBox/Mesh_SkySphere' while loading ../../../Engine/Content/EngineSky/BP_Sky_Sphere.uasset.
[2016.04.14-08.57.02:668][  0]LoadErrors:Error: Error /Engine/EngineSky/BP_Sky_Sphere : Can't find file for asset. /Game/SkyBox/Mesh_SkySphere
[2016.04.14-08.57.02:669][  0]LogLinker:Warning: Can't find file '/Game/SkyBox/Mesh_SkySphere'
[2016.04.14-08.57.02:669][  0]LogLinker:Warning: Can't find file for asset '/Game/SkyBox/Mesh_SkySphere' while loading ../../../Engine/Content/EngineSky/BP_Sky_Sphere.uasset.
[2016.04.14-08.57.02:669][  0]LoadErrors:Error: Error /Engine/EngineSky/BP_Sky_Sphere : Can't find file for asset. /Game/SkyBox/Mesh_SkySphere
[2016.04.14-08.57.02:671][  0]LogLinker:Warning: Can't find file '/Game/SkyBox/M_SkyCustom'
[2016.04.14-08.57.02:671][  0]LogLinker:Warning: Can't find file for asset '/Game/SkyBox/M_SkyCustom' while loading F:/_Good_Job/Unreal Projects/LD35/LD35/Content/LD35.umap.
[2016.04.14-08.57.02:671][  0]LoadErrors:Error: Error /Game/LD35 : Can't find file for asset. /Game/SkyBox/M_SkyCustom
[2016.04.14-08.57.02:671][  0]LogLinker:Warning: Can't find file '/Game/SkyBox/M_SkyCustom'
[2016.04.14-08.57.02:671][  0]LogLinker:Warning: Can't find file for asset '/Game/SkyBox/M_SkyCustom' while loading F:/_Good_Job/Unreal Projects/LD35/LD35/Content/LD35.umap.
[2016.04.14-08.57.02:671][  0]LoadErrors:Error: Error /Game/LD35 : Can't find file for asset. /Game/SkyBox/M_SkyCustom
[2016.04.14-08.57.02:671][  0]LogLinker:Warning: Can't find file '/Game/SkyBox/Mesh_SkySphere'
[2016.04.14-08.57.02:671][  0]LogLinker:Warning: Can't find file for asset '/Game/SkyBox/Mesh_SkySphere' while loading F:/_Good_Job/Unreal Projects/LD35/LD35/Content/LD35.umap.
[2016.04.14-08.57.02:671][  0]LoadErrors:Error: Error /Game/LD35 : Can't find file for asset. /Game/SkyBox/Mesh_SkySphere
[2016.04.14-08.57.02:671][  0]LogLinker:Warning: Can't find file '/Game/SkyBox/Mesh_SkySphere'
[2016.04.14-08.57.02:671][  0]LogLinker:Warning: Can't find file for asset '/Game/SkyBox/Mesh_SkySphere' while loading F:/_Good_Job/Unreal Projects/LD35/LD35/Content/LD35.umap.
[2016.04.14-08.57.02:671][  0]LoadErrors:Error: Error /Game/LD35 : Can't find file for asset. /Game/SkyBox/Mesh_SkySphere
[2016.04.14-08.57.02:698][  0]LogLinker:Warning: Can't find file '/Game/SkyBox/Mesh_SkySphere'
[2016.04.14-08.57.02:699][  0]LoadErrors: Info Failed to load /Game/SkyBox/Mesh_SkySphere.Mesh_SkySphere Referenced by StaticMeshComponent_12
[2016.04.14-08.57.02:699][  0]LogLinker:Warning: Can't find file for asset '/Game/SkyBox/Mesh_SkySphere' while loading F:/_Good_Job/Unreal Projects/LD35/LD35/Content/LD35.umap.
[2016.04.14-08.57.02:699][  0]LoadErrors: Info Failed to load /Game/SkyBox/Mesh_SkySphere.Mesh_SkySphere Referenced by StaticMeshComponent_12
[2016.04.14-08.57.02:699][  0]LoadErrors:Error: Error /Game/LD35 : Can't find file for asset. /Game/SkyBox/Mesh_SkySphere
[2016.04.14-08.57.02:699][  0]LogLinker:Warning: Can't find file '/Game/SkyBox/M_SkyCustom'
[2016.04.14-08.57.02:699][  0]LoadErrors: Info Failed to load /Game/SkyBox/M_SkyCustom.M_SkyCustom Referenced by StaticMeshComponent_12
[2016.04.14-08.57.02:699][  0]LogLinker:Warning: Can't find file for asset '/Game/SkyBox/M_SkyCustom' while loading F:/_Good_Job/Unreal Projects/LD35/LD35/Content/LD35.umap.
[2016.04.14-08.57.02:699][  0]LoadErrors: Info Failed to load /Game/SkyBox/M_SkyCustom.M_SkyCustom Referenced by StaticMeshComponent_12
[2016.04.14-08.57.02:699][  0]LoadErrors:Error: Error /Game/LD35 : Can't find file for asset. /Game/SkyBox/M_SkyCustom
[2016.04.14-08.57.02:742][  0]LogLinker:Warning: Can't find file '/Game/Video/ld35keynote'
[2016.04.14-08.57.02:742][  0]LogLinker:Warning: Can't find file for asset '/Game/Video/ld35keynote' while loading F:/_Good_Job/Unreal Projects/LD35/LD35/Content/Video/ld35keynote_Tex.uasset.
[2016.04.14-08.57.02:742][  0]LoadErrors:Error: Error /Game/Video/ld35keynote_Tex : Can't find file for asset. /Game/Video/ld35keynote
[2016.04.14-08.57.02:742][  0]LogLinker:Warning: Can't find file '/Game/Video/ld35keynote'
[2016.04.14-08.57.02:742][  0]LogLinker:Warning: Can't find file for asset '/Game/Video/ld35keynote' while loading F:/_Good_Job/Unreal Projects/LD35/LD35/Content/Video/ld35keynote_Tex.uasset.
[2016.04.14-08.57.02:742][  0]LoadErrors:Error: Error /Game/Video/ld35keynote_Tex : Can't find file for asset. /Game/Video/ld35keynote
[2016.04.14-08.57.02:762][  0]LogLinker:Warning: Can't find file '/Game/Video/ld35keynote'
[2016.04.14-08.57.02:762][  0]LoadErrors: Info Failed to load /Game/Video/ld35keynote.ld35keynote Referenced by ld35keynote_Tex
[2016.04.14-08.57.02:762][  0]LogLinker:Warning: Can't find file for asset '/Game/Video/ld35keynote' while loading NULL.
[2016.04.14-08.57.02:762][  0]LoadErrors: Info Failed to load /Game/Video/ld35keynote.ld35keynote Referenced by ld35keynote_Tex
[2016.04.14-08.57.02:762][  0]LogLinker:Warning: Can't find file '/Game/Video/ld35keynote'
[2016.04.14-08.57.02:762][  0]LoadErrors: Info Failed to load /Game/Video/ld35keynote.ld35keynote Referenced by ld35keynote_Tex
[2016.04.14-08.57.02:762][  0]LogLinker:Warning: Can't find file for asset '/Game/Video/ld35keynote' while loading NULL.
[2016.04.14-08.57.02:762][  0]LoadErrors: Info Failed to load /Game/Video/ld35keynote.ld35keynote Referenced by ld35keynote_Tex
[2016.04.14-08.57.02:846][  0]LogAIModule: Creating AISystem for world LD35
[2016.04.14-08.57.02:851][  0]LogEditorServer: Finished looking for orphan Actors (0.000 secs)
[2016.04.14-08.57.02:851][  0]Cmd: MAP CHECKDEP NOCLEARLOG
[2016.04.14-08.57.02:896][  0]MapCheck: Info Map check complete: 0 Error(s), 0 Warning(s), took 45.31ms to complete.
[2016.04.14-08.57.02:896][  0]LogFileHelpers: Loading map 'LD35' took 0.320
[2016.04.14-08.57.03:001][  0]LogCollectionManager: Loaded 0 collections in 0.001297 seconds
[2016.04.14-08.57.03:039][  0]LogFileCache: Scanning file cache for directory 'F:/_Good_Job/Unreal Projects/LD35/LD35/Saved/Collections/' took 0.01s
[2016.04.14-08.57.03:039][  0]LogFileCache: Scanning file cache for directory 'F:/_Good_Job/Unreal Projects/LD35/LD35/Content/Developers/Supr/Collections/' took 0.01s
[2016.04.14-08.57.03:039][  0]LogFileCache: Scanning file cache for directory 'F:/_Good_Job/Unreal Projects/LD35/LD35/Content/Collections/' took 0.01s
[2016.04.14-08.57.03:039][  0]LogCollectionManager: Rebuilt the GUID cache for 0 collections in 0.000003 seconds
[2016.04.14-08.57.03:054][  0]LogContentBrowser: Native class hierarchy populated in 0.0151 seconds. Added 1893 classes and 338 folders.
[2016.04.14-08.57.03:064][  0]LogContentBrowser: Native class hierarchy updated for 'WidgetCarousel' in 0.0003 seconds. Added 0 classes and 0 folders.
[2016.04.14-08.57.03:108][  0]LogContentBrowser: Native class hierarchy updated for 'AddContentDialog' in 0.0003 seconds. Added 0 classes and 0 folders.
[2016.04.14-08.57.03:115][  0]LogContentBrowser: Native class hierarchy updated for 'SceneOutliner' in 0.0003 seconds. Added 1 classes and 2 folders.
[2016.04.14-08.57.03:150][  0]LogCrashTracker: Crashtracker disabled due to settings.
[2016.04.14-08.57.03:152][  0]LogUObjectGlobals:Warning: Failed to find object 'Class None.'
[2016.04.14-08.57.03:173][  0]LogLoad: Full Startup: 4.21 seconds (BP compile: 0.05 seconds)
[2016.04.14-08.57.03:193][  0]LogOcInput: Can't find Oculus library dev build: is proper Runtime installed? Version: 0.8.0.0
[2016.04.14-08.57.03:246][  0]LogContentStreaming: Texture pool size now 700 MB
[2016.04.14-08.57.03:356][  0]LogRenderer: Reallocating scene render targets to support 1396x808 (Frame:2).
[2016.04.14-08.57.03:612][  3]LogAssetRegistry: Asset discovery search completed in 1.8621 seconds
[2016.04.14-08.57.03:612][  3]LogCollectionManager: Rebuilt the object cache for 0 collections in 0.000001 seconds (found 0 objects)
[2016.04.14-08.57.03:612][  3]LogCollectionManager: Fixed up redirectors for 0 collections in 0.000024 seconds (updated 0 objects)
[2016.04.14-08.57.17:703][990]LogFactory: FactoryCreateBinary: MediaPlayer with MediaPlayerFactory (0 0 F:/_Good_Job/Unreal Projects/LD35/LD35/Content/Video/ld35keynote.wmv)
[2016.04.14-08.57.40:456][411]Cmd: OBJ SAVEPACKAGE PACKAGE="/Game/Video/ld35keynote" FILE="F:/_Good_Job/Unreal Projects/LD35/LD35/Content/Video/ld35keynote.uasset" SILENT=true
[2016.04.14-08.57.40:459][411]LogSavePackage: Save=0.836644ms
[2016.04.14-08.57.40:459][411]LogSavePackage: Moving 'F:/_Good_Job/Unreal Projects/LD35/LD35/Saved/ld35keynote6273562C42A8AF5371EED9B1F544E335.tmp' to 'F:/_Good_Job/Unreal Projects/LD35/LD35/Content/Video/ld35keynote.uasset'
[2016.04.14-08.57.40:460][411]LogSavePackage: Total save time: 3.641114ms
[2016.04.14-08.57.40:460][411]LogSavePackage:Display: Finished SavePackage F:/_Good_Job/Unreal Projects/LD35/LD35/Content/Video/ld35keynote.uasset
[2016.04.14-08.57.44:776][878]LogBlueprintUserMessages: Early PlayInEditor Detection: Level '/Game/LD35.LD35:PersistentLevel' has LevelScriptBlueprint '/Game/LD35.LD35:PersistentLevel.LD35' with GeneratedClass '/Game/LD35.LD35_C' with ClassGeneratedBy '/Game/LD35.LD35:PersistentLevel.LD35'
[2016.04.14-08.57.44:776][878]LogPlayLevel: PlayLevel: No blueprints needed recompiling
[2016.04.14-08.57.44:776][878]PIE: New page: PIE session: LD35 (Apr 14, 2016, 4:57:44 PM)
[2016.04.14-08.57.44:776][878]LogPlayLevel: Creating play world package: /Game/UEDPIE_0_LD35
[2016.04.14-08.57.44:781][878]LogPlayLevel: PIE: StaticDuplicateObject took: (0.005442s)
[2016.04.14-08.57.44:782][878]LogAIModule: Creating AISystem for world LD35
[2016.04.14-08.57.44:782][878]LogPlayLevel: PIE: World Init took: (0.000611s)
[2016.04.14-08.57.44:782][878]LogPlayLevel: PIE: Created PIE world by copying editor world from /Game/LD35.LD35 to /Game/UEDPIE_0_LD35.LD35 (0.006236s)
[2016.04.14-08.57.44:794][878]LogInit: XAudio2 using 'Динамики (Realtek High Definition Audio)' : 2 channels at 48 kHz using 32 bits per sample (channel mask 0x3)
[2016.04.14-08.57.44:800][878]LogInit: FAudioDevice initialized.
[2016.04.14-08.57.44:888][878]LogWorld: Game class is 'MyGameMode_C'
[2016.04.14-08.57.44:894][878]LogWorld: Bringing World /Game/UEDPIE_0_LD35.LD35 up for play (max tick rate 0) at 2016.04.14-12.57.44
[2016.04.14-08.57.44:894][878]LogActor:Warning: GameSession /Game/UEDPIE_0_LD35.LD35:PersistentLevel.GameSession_0 has natively added scene component(s), but none of them were set as the actor's RootComponent - picking one arbitrarily
[2016.04.14-08.57.44:895][878]LogActor:Warning: GameNetworkManager /Game/UEDPIE_0_LD35.LD35:PersistentLevel.GameNetworkManager_0 has natively added scene component(s), but none of them were set as the actor's RootComponent - picking one arbitrarily
[2016.04.14-08.57.44:895][878]LogWorld: Bringing up level for play took: 0.005245
[2016.04.14-08.57.44:926][878]PIE: Info Play in editor start time for /Game/UEDPIE_0_LD35 0.423
[2016.04.14-08.57.44:926][878]LogBlueprintUserMessages: Late PlayInEditor Detection: Level '/Game/LD35.LD35:PersistentLevel' has LevelScriptBlueprint '/Game/LD35.LD35:PersistentLevel.LD35' with GeneratedClass '/Game/LD35.LD35_C' with ClassGeneratedBy '/Game/LD35.LD35:PersistentLevel.LD35'
[2016.04.14-08.57.47:714][  3]LogScript:Warning: Accessed None 'Video'
	LD35_C /Game/UEDPIE_0_LD35.LD35:PersistentLevel.LD35_C_1
	Function /Game/LD35.LD35_C:ExecuteUbergraph_LD35:0051
[2016.04.14-08.57.47:714][  3]PIE:Error: Error Accessed None 'Video' from node Play in graph 'EventGraph' in blueprint LD35
[2016.04.14-08.57.52:688][230]LogBlueprintUserMessages: Early EndPlayMap Detection: Level '/Game/LD35.LD35:PersistentLevel' has LevelScriptBlueprint '/Game/LD35.LD35:PersistentLevel.LD35' with GeneratedClass '/Game/LD35.LD35_C' with ClassGeneratedBy '/Game/LD35.LD35:PersistentLevel.LD35'
[2016.04.14-08.57.52:731][230]LogBlueprintUserMessages: Late EndPlayMap Detection: Level '/Game/LD35.LD35:PersistentLevel' has LevelScriptBlueprint '/Game/LD35.LD35:PersistentLevel.LD35' with GeneratedClass '/Game/LD35.LD35_C' with ClassGeneratedBy '/Game/LD35.LD35:PersistentLevel.LD35'
[2016.04.14-08.57.52:745][230]LogParticles: Destroying 0 GPU particle simulations for FXSystem 0x0000000010527920
[2016.04.14-08.58.05:702][750]LogLinker:Warning: Asset '../../../Engine/Content/ArtTools/RenderToTexture/Macros/RenderToTextureMacros.uasset' has been saved with empty engine version. The asset will be loaded but may be incompatible.
[2016.04.14-08.58.06:038][750]LogContentBrowser: Native class hierarchy updated for 'BlueprintGraph' in 0.0006 seconds. Added 107 classes and 0 folders.
[2016.04.14-08.58.49:431][709]Cmd: OBJ SAVEPACKAGE PACKAGE="/Game/Video/ld35keynote_Wav" FILE="F:/_Good_Job/Unreal Projects/LD35/LD35/Content/Video/ld35keynote_Wav.uasset" SILENT=true
[2016.04.14-08.58.49:434][709]LogSavePackage: Save=2.846034ms
[2016.04.14-08.58.49:434][709]LogSavePackage: Moving 'F:/_Good_Job/Unreal Projects/LD35/LD35/Saved/ld35keynote_Wav62953A6340F18B1664FD1CAE9A504CEB.tmp' to 'F:/_Good_Job/Unreal Projects/LD35/LD35/Content/Video/ld35keynote_Wav.uasset'
[2016.04.14-08.58.49:435][709]LogSavePackage: Total save time: 3.808264ms
[2016.04.14-08.58.49:435][709]LogSavePackage:Display: Finished SavePackage F:/_Good_Job/Unreal Projects/LD35/LD35/Content/Video/ld35keynote_Wav.uasset
[2016.04.14-08.59.12:359][244]LogEditorViewport: Clicking on Actor (LMB): StaticMeshActor (Floor)
[2016.04.14-08.59.32:323][309]LogEditorViewport: Clicking on Actor (LMB): AmbientSound (ld35keynote)
[2016.04.14-08.59.41:649][324]LogBlueprintUserMessages: Early PlayInEditor Detection: Level '/Game/LD35.LD35:PersistentLevel' has LevelScriptBlueprint '/Game/LD35.LD35:PersistentLevel.LD35' with GeneratedClass '/Game/LD35.LD35_C' with ClassGeneratedBy '/Game/LD35.LD35:PersistentLevel.LD35'
[2016.04.14-08.59.41:649][324]LogPlayLevel: PlayLevel: No blueprints needed recompiling
[2016.04.14-08.59.41:649][324]PIE: New page: PIE session: LD35 (Apr 14, 2016, 4:59:41 PM)
[2016.04.14-08.59.41:649][324]LogPlayLevel: Creating play world package: /Game/UEDPIE_0_LD35
[2016.04.14-08.59.41:655][324]LogPlayLevel: PIE: StaticDuplicateObject took: (0.005235s)
[2016.04.14-08.59.41:655][324]LogAIModule: Creating AISystem for world LD35
[2016.04.14-08.59.41:655][324]LogPlayLevel: PIE: World Init took: (0.000558s)
[2016.04.14-08.59.41:655][324]LogPlayLevel: PIE: Created PIE world by copying editor world from /Game/LD35.LD35 to /Game/UEDPIE_0_LD35.LD35 (0.005966s)
[2016.04.14-08.59.41:677][324]LogInit: XAudio2 using 'Динамики (Realtek High Definition Audio)' : 2 channels at 48 kHz using 32 bits per sample (channel mask 0x3)
[2016.04.14-08.59.41:683][324]LogInit: FAudioDevice initialized.
[2016.04.14-08.59.41:757][324]LogWorld: Game class is 'MyGameMode_C'
[2016.04.14-08.59.41:763][324]LogWorld: Bringing World /Game/UEDPIE_0_LD35.LD35 up for play (max tick rate 0) at 2016.04.14-12.59.41
[2016.04.14-08.59.41:763][324]LogActor:Warning: GameSession /Game/UEDPIE_0_LD35.LD35:PersistentLevel.GameSession_1 has natively added scene component(s), but none of them were set as the actor's RootComponent - picking one arbitrarily
[2016.04.14-08.59.41:764][324]LogActor:Warning: GameNetworkManager /Game/UEDPIE_0_LD35.LD35:PersistentLevel.GameNetworkManager_1 has natively added scene component(s), but none of them were set as the actor's RootComponent - picking one arbitrarily
[2016.04.14-08.59.41:764][324]LogWorld: Bringing up level for play took: 0.004997
[2016.04.14-08.59.41:795][324]PIE: Info Play in editor start time for /Game/UEDPIE_0_LD35 -0.711
[2016.04.14-08.59.41:795][324]LogBlueprintUserMessages: Late PlayInEditor Detection: Level '/Game/LD35.LD35:PersistentLevel' has LevelScriptBlueprint '/Game/LD35.LD35:PersistentLevel.LD35' with GeneratedClass '/Game/LD35.LD35_C' with ClassGeneratedBy '/Game/LD35.LD35:PersistentLevel.LD35'
[2016.04.14-08.59.44:325][438]LogScript:Warning: Accessed None 'Video'
	LD35_C /Game/UEDPIE_0_LD35.LD35:PersistentLevel.LD35_C_1
	Function /Game/LD35.LD35_C:ExecuteUbergraph_LD35:0051
[2016.04.14-08.59.44:325][438]PIE:Error: Error Accessed None 'Video' from node Play in graph 'EventGraph' in blueprint LD35
[2016.04.14-08.59.47:757][594]LogBlueprintUserMessages: Early EndPlayMap Detection: Level '/Game/LD35.LD35:PersistentLevel' has LevelScriptBlueprint '/Game/LD35.LD35:PersistentLevel.LD35' with GeneratedClass '/Game/LD35.LD35_C' with ClassGeneratedBy '/Game/LD35.LD35:PersistentLevel.LD35'
[2016.04.14-08.59.47:812][594]LogBlueprintUserMessages: Late EndPlayMap Detection: Level '/Game/LD35.LD35:PersistentLevel' has LevelScriptBlueprint '/Game/LD35.LD35:PersistentLevel.LD35' with GeneratedClass '/Game/LD35.LD35_C' with ClassGeneratedBy '/Game/LD35.LD35:PersistentLevel.LD35'
[2016.04.14-08.59.47:837][594]LogParticles: Destroying 0 GPU particle simulations for FXSystem 0x0000000076D6F920
[2016.04.14-08.59.51:820][872]LogBlueprintUserMessages: Early PlayInEditor Detection: Level '/Game/LD35.LD35:PersistentLevel' has LevelScriptBlueprint '/Game/LD35.LD35:PersistentLevel.LD35' with GeneratedClass '/Game/LD35.LD35_C' with ClassGeneratedBy '/Game/LD35.LD35:PersistentLevel.LD35'
[2016.04.14-08.59.51:820][872]LogPlayLevel: PlayLevel: No blueprints needed recompiling
[2016.04.14-08.59.51:820][872]PIE: New page: PIE session: LD35 (Apr 14, 2016, 4:59:51 PM)
[2016.04.14-08.59.51:820][872]LogPlayLevel: Creating play world package: /Game/UEDPIE_0_LD35
[2016.04.14-08.59.51:825][872]LogPlayLevel: PIE: StaticDuplicateObject took: (0.005275s)
[2016.04.14-08.59.51:826][872]LogAIModule: Creating AISystem for world LD35
[2016.04.14-08.59.51:826][872]LogPlayLevel: PIE: World Init took: (0.000573s)
[2016.04.14-08.59.51:826][872]LogPlayLevel: PIE: Created PIE world by copying editor world from /Game/LD35.LD35 to /Game/UEDPIE_0_LD35.LD35 (0.006024s)
[2016.04.14-08.59.51:847][872]LogInit: XAudio2 using 'Динамики (Realtek High Definition Audio)' : 2 channels at 48 kHz using 32 bits per sample (channel mask 0x3)
[2016.04.14-08.59.51:853][872]LogInit: FAudioDevice initialized.
[2016.04.14-08.59.51:916][872]LogWorld: Game class is 'MyGameMode_C'
[2016.04.14-08.59.51:922][872]LogWorld: Bringing World /Game/UEDPIE_0_LD35.LD35 up for play (max tick rate 0) at 2016.04.14-12.59.51
[2016.04.14-08.59.51:922][872]LogActor:Warning: GameSession /Game/UEDPIE_0_LD35.LD35:PersistentLevel.GameSession_2 has natively added scene component(s), but none of them were set as the actor's RootComponent - picking one arbitrarily
[2016.04.14-08.59.51:923][872]LogActor:Warning: GameNetworkManager /Game/UEDPIE_0_LD35.LD35:PersistentLevel.GameNetworkManager_2 has natively added scene component(s), but none of them were set as the actor's RootComponent - picking one arbitrarily
[2016.04.14-08.59.51:923][872]LogWorld: Bringing up level for play took: 0.005185
[2016.04.14-08.59.51:957][872]PIE: Info Play in editor start time for /Game/UEDPIE_0_LD35 -0.55
[2016.04.14-08.59.51:957][872]LogBlueprintUserMessages: Late PlayInEditor Detection: Level '/Game/LD35.LD35:PersistentLevel' has LevelScriptBlueprint '/Game/LD35.LD35:PersistentLevel.LD35' with GeneratedClass '/Game/LD35.LD35_C' with ClassGeneratedBy '/Game/LD35.LD35:PersistentLevel.LD35'
[2016.04.14-08.59.54:490][984]LogScript:Warning: Accessed None 'Video'
	LD35_C /Game/UEDPIE_0_LD35.LD35:PersistentLevel.LD35_C_1
	Function /Game/LD35.LD35_C:ExecuteUbergraph_LD35:0051
[2016.04.14-08.59.54:490][984]PIE:Error: Error Accessed None 'Video' from node Play in graph 'EventGraph' in blueprint LD35
[2016.04.14-08.59.57:224][107]LogBlueprintUserMessages: Early EndPlayMap Detection: Level '/Game/LD35.LD35:PersistentLevel' has LevelScriptBlueprint '/Game/LD35.LD35:PersistentLevel.LD35' with GeneratedClass '/Game/LD35.LD35_C' with ClassGeneratedBy '/Game/LD35.LD35:PersistentLevel.LD35'
[2016.04.14-08.59.57:274][107]LogBlueprintUserMessages: Late EndPlayMap Detection: Level '/Game/LD35.LD35:PersistentLevel' has LevelScriptBlueprint '/Game/LD35.LD35:PersistentLevel.LD35' with GeneratedClass '/Game/LD35.LD35_C' with ClassGeneratedBy '/Game/LD35.LD35:PersistentLevel.LD35'
[2016.04.14-08.59.57:299][107]LogParticles: Destroying 0 GPU particle simulations for FXSystem 0x00000000104987C0
[2016.04.14-09.00.05:125][  9]LogBlueprintUserMessages: Early PlayInEditor Detection: Level '/Game/LD35.LD35:PersistentLevel' has LevelScriptBlueprint '/Game/LD35.LD35:PersistentLevel.LD35' with GeneratedClass '/Game/LD35.LD35_C' with ClassGeneratedBy '/Game/LD35.LD35:PersistentLevel.LD35'
[2016.04.14-09.00.05:125][  9]LogPlayLevel: PlayLevel: No blueprints needed recompiling
[2016.04.14-09.00.05:125][  9]PIE: New page: PIE session: LD35 (Apr 14, 2016, 5:00:05 PM)
[2016.04.14-09.00.05:125][  9]LogPlayLevel: Creating play world package: /Game/UEDPIE_0_LD35
[2016.04.14-09.00.05:130][  9]LogPlayLevel: PIE: StaticDuplicateObject took: (0.005344s)
[2016.04.14-09.00.05:131][  9]LogAIModule: Creating AISystem for world LD35
[2016.04.14-09.00.05:131][  9]LogPlayLevel: PIE: World Init took: (0.000551s)
[2016.04.14-09.00.05:131][  9]LogPlayLevel: PIE: Created PIE world by copying editor world from /Game/LD35.LD35 to /Game/UEDPIE_0_LD35.LD35 (0.006088s)
[2016.04.14-09.00.05:153][  9]LogInit: XAudio2 using 'Динамики (Realtek High Definition Audio)' : 2 channels at 48 kHz using 32 bits per sample (channel mask 0x3)
[2016.04.14-09.00.05:158][  9]LogInit: FAudioDevice initialized.
[2016.04.14-09.00.05:231][  9]LogWorld: Game class is 'MyGameMode_C'
[2016.04.14-09.00.05:237][  9]LogWorld: Bringing World /Game/UEDPIE_0_LD35.LD35 up for play (max tick rate 0) at 2016.04.14-13.00.05
[2016.04.14-09.00.05:238][  9]LogActor:Warning: GameSession /Game/UEDPIE_0_LD35.LD35:PersistentLevel.GameSession_3 has natively added scene component(s), but none of them were set as the actor's RootComponent - picking one arbitrarily
[2016.04.14-09.00.05:238][  9]LogActor:Warning: GameNetworkManager /Game/UEDPIE_0_LD35.LD35:PersistentLevel.GameNetworkManager_3 has natively added scene component(s), but none of them were set as the actor's RootComponent - picking one arbitrarily
[2016.04.14-09.00.05:238][  9]LogWorld: Bringing up level for play took: 0.005144
[2016.04.14-09.00.05:261][  9]PIE: Info Play in editor start time for /Game/UEDPIE_0_LD35 0.754
[2016.04.14-09.00.05:261][  9]LogBlueprintUserMessages: Late PlayInEditor Detection: Level '/Game/LD35.LD35:PersistentLevel' has LevelScriptBlueprint '/Game/LD35.LD35:PersistentLevel.LD35' with GeneratedClass '/Game/LD35.LD35_C' with ClassGeneratedBy '/Game/LD35.LD35:PersistentLevel.LD35'
[2016.04.14-09.00.07:627][114]LogScript:Warning: Accessed None 'Video'
	LD35_C /Game/UEDPIE_0_LD35.LD35:PersistentLevel.LD35_C_1
	Function /Game/LD35.LD35_C:ExecuteUbergraph_LD35:0051
[2016.04.14-09.00.07:628][114]PIE:Error: Error Accessed None 'Video' from node Play in graph 'EventGraph' in blueprint LD35
[2016.04.14-09.00.08:227][141]LogBlueprintUserMessages: Early EndPlayMap Detection: Level '/Game/LD35.LD35:PersistentLevel' has LevelScriptBlueprint '/Game/LD35.LD35:PersistentLevel.LD35' with GeneratedClass '/Game/LD35.LD35_C' with ClassGeneratedBy '/Game/LD35.LD35:PersistentLevel.LD35'
[2016.04.14-09.00.08:285][141]LogBlueprintUserMessages: Late EndPlayMap Detection: Level '/Game/LD35.LD35:PersistentLevel' has LevelScriptBlueprint '/Game/LD35.LD35:PersistentLevel.LD35' with GeneratedClass '/Game/LD35.LD35_C' with ClassGeneratedBy '/Game/LD35.LD35:PersistentLevel.LD35'
[2016.04.14-09.00.08:310][141]LogParticles: Destroying 0 GPU particle simulations for FXSystem 0x00000000495779C0
[2016.04.14-09.00.28:495][141]Cmd: TRANSACTION UNDO
[2016.04.14-09.00.28:495][141]LogEditorTransaction: Undo Edit Override Attenuation
[2016.04.14-09.00.28:951][175]Cmd: TRANSACTION UNDO
[2016.04.14-09.00.28:951][175]LogEditorTransaction: Undo Create Actors
[2016.04.14-09.00.29:333][212]Cmd: TRANSACTION UNDO
[2016.04.14-09.00.29:333][212]LogEditorTransaction: Undo Move Actors
[2016.04.14-09.00.30:044][292]Cmd: TRANSACTION UNDO
[2016.04.14-09.00.30:044][292]LogEditorTransaction: Undo Clicking on Actors
[2016.04.14-09.00.32:505][578]LogBlueprintUserMessages: Early PlayInEditor Detection: Level '/Game/LD35.LD35:PersistentLevel' has LevelScriptBlueprint '/Game/LD35.LD35:PersistentLevel.LD35' with GeneratedClass '/Game/LD35.LD35_C' with ClassGeneratedBy '/Game/LD35.LD35:PersistentLevel.LD35'
[2016.04.14-09.00.32:505][578]BlueprintLog: New page: Pre-Play auto-recompile
[2016.04.14-09.00.32:506][578]LogPlayLevel: [PlayLevel] Compiling LD35 before play...
[2016.04.14-09.00.32:540][578]LogPlayLevel: PlayLevel: Blueprint regeneration took 34 ms (1 blueprints)
[2016.04.14-09.00.32:558][578]PIE: New page: PIE session: LD35 (Apr 14, 2016, 5:00:32 PM)
[2016.04.14-09.00.32:558][578]LogPlayLevel: Creating play world package: /Game/UEDPIE_0_LD35
[2016.04.14-09.00.32:564][578]LogPlayLevel: PIE: StaticDuplicateObject took: (0.005078s)
[2016.04.14-09.00.32:564][578]LogAIModule: Creating AISystem for world LD35
[2016.04.14-09.00.32:564][578]LogPlayLevel: PIE: World Init took: (0.000558s)
[2016.04.14-09.00.32:564][578]LogPlayLevel: PIE: Created PIE world by copying editor world from /Game/LD35.LD35 to /Game/UEDPIE_0_LD35.LD35 (0.005813s)
[2016.04.14-09.00.32:586][578]LogInit: XAudio2 using 'Динамики (Realtek High Definition Audio)' : 2 channels at 48 kHz using 32 bits per sample (channel mask 0x3)
[2016.04.14-09.00.32:591][578]LogInit: FAudioDevice initialized.
[2016.04.14-09.00.32:662][578]LogWorld: Game class is 'MyGameMode_C'
[2016.04.14-09.00.32:664][578]LogWorld: Bringing World /Game/UEDPIE_0_LD35.LD35 up for play (max tick rate 0) at 2016.04.14-13.00.32
[2016.04.14-09.00.32:664][578]LogActor:Warning: GameSession /Game/UEDPIE_0_LD35.LD35:PersistentLevel.GameSession_4 has natively added scene component(s), but none of them were set as the actor's RootComponent - picking one arbitrarily
[2016.04.14-09.00.32:665][578]LogActor:Warning: GameNetworkManager /Game/UEDPIE_0_LD35.LD35:PersistentLevel.GameNetworkManager_4 has natively added scene component(s), but none of them were set as the actor's RootComponent - picking one arbitrarily
[2016.04.14-09.00.32:665][578]LogWorld: Bringing up level for play took: 0.002045
[2016.04.14-09.00.32:678][578]PIE: Info Play in editor start time for /Game/UEDPIE_0_LD35 0.17
[2016.04.14-09.00.32:678][578]LogBlueprintUserMessages: Late PlayInEditor Detection: Level '/Game/LD35.LD35:PersistentLevel' has LevelScriptBlueprint '/Game/LD35.LD35:PersistentLevel.LD35' with GeneratedClass '/Game/LD35.LD35_C' with ClassGeneratedBy '/Game/LD35.LD35:PersistentLevel.LD35'
[2016.04.14-09.00.35:008][682]LogScript:Warning: Accessed None 'Video'
	LD35_C /Game/UEDPIE_0_LD35.LD35:PersistentLevel.LD35_C_0
	Function /Game/LD35.LD35_C:ExecuteUbergraph_LD35:0051
[2016.04.14-09.00.35:008][682]PIE:Error: Error Accessed None 'Video' from node Play in graph 'EventGraph' in blueprint LD35
[2016.04.14-09.00.45:303][143]LogBlueprintUserMessages: Early EndPlayMap Detection: Level '/Game/LD35.LD35:PersistentLevel' has LevelScriptBlueprint '/Game/LD35.LD35:PersistentLevel.LD35' with GeneratedClass '/Game/LD35.LD35_C' with ClassGeneratedBy '/Game/LD35.LD35:PersistentLevel.LD35'
[2016.04.14-09.00.45:359][143]LogBlueprintUserMessages: Late EndPlayMap Detection: Level '/Game/LD35.LD35:PersistentLevel' has LevelScriptBlueprint '/Game/LD35.LD35:PersistentLevel.LD35' with GeneratedClass '/Game/LD35.LD35_C' with ClassGeneratedBy '/Game/LD35.LD35:PersistentLevel.LD35'
[2016.04.14-09.00.45:384][143]LogParticles: Destroying 0 GPU particle simulations for FXSystem 0x0000000007C36CA0
[2016.04.14-09.00.45:384][143]LogActorComponent: ReregisterComponent: (/Game/LD35.LD35:PersistentLevel.AmbientSound_1.AudioComponent0) Not currently registered. Aborting.
[2016.04.14-09.00.57:761][395]Cmd: OBJ SAVEPACKAGE PACKAGE="/Game/LD35" FILE="F:/_Good_Job/Unreal Projects/LD35/LD35/Content/LD35.umap" SILENT=true AUTOSAVING=false KEEPDIRTY=false
[2016.04.14-09.00.57:847][395]LogSavePackage: Save=64.570938ms
[2016.04.14-09.00.57:847][395]LogSavePackage: Moving 'F:/_Good_Job/Unreal Projects/LD35/LD35/Saved/LD35109EACD747FA586C3FEBB9B398F9ADE9.tmp' to 'F:/_Good_Job/Unreal Projects/LD35/LD35/Content/LD35.umap'
[2016.04.14-09.00.57:848][395]LogSavePackage: Total save time: 68.907756ms
[2016.04.14-09.00.57:848][395]LogSavePackage:Display: Finished SavePackage F:/_Good_Job/Unreal Projects/LD35/LD35/Content/LD35.umap
[2016.04.14-09.00.57:861][395]LogFileHelpers: Saving map 'LD35' took 0.153
[2016.04.14-09.00.57:865][395]Cmd: OBJ SAVEPACKAGE PACKAGE="/Game/Video/ld35keynote_Wav2" FILE="F:/_Good_Job/Unreal Projects/LD35/LD35/Content/Video/ld35keynote_Wav2.uasset" SILENT=true
[2016.04.14-09.00.57:867][395]LogSavePackage: Save=0.588482ms
[2016.04.14-09.00.57:867][395]LogSavePackage: Moving 'F:/_Good_Job/Unreal Projects/LD35/LD35/Saved/ld35keynote_Wav293691552494436111BD7DBAA10CF0789.tmp' to 'F:/_Good_Job/Unreal Projects/LD35/LD35/Content/Video/ld35keynote_Wav2.uasset'
[2016.04.14-09.00.57:867][395]LogSavePackage: Total save time: 1.520596ms
[2016.04.14-09.00.57:867][395]LogSavePackage:Display: Finished SavePackage F:/_Good_Job/Unreal Projects/LD35/LD35/Content/Video/ld35keynote_Wav2.uasset
[2016.04.14-09.00.59:462][575]Cmd: OBJ SAVEPACKAGE PACKAGE="/Game/LD35" FILE="F:/_Good_Job/Unreal Projects/LD35/LD35/Content/LD35.umap" SILENT=true AUTOSAVING=false KEEPDIRTY=false
[2016.04.14-09.00.59:547][575]LogSavePackage: Save=64.518234ms
[2016.04.14-09.00.59:547][575]LogSavePackage: Moving 'F:/_Good_Job/Unreal Projects/LD35/LD35/Saved/LD35C31881514A4295EA61B887A1B15ABBB0.tmp' to 'F:/_Good_Job/Unreal Projects/LD35/LD35/Content/LD35.umap'
[2016.04.14-09.00.59:548][575]LogSavePackage: Total save time: 67.733202ms
[2016.04.14-09.00.59:548][575]LogSavePackage:Display: Finished SavePackage F:/_Good_Job/Unreal Projects/LD35/LD35/Content/LD35.umap
[2016.04.14-09.00.59:561][575]LogFileHelpers: Saving map 'LD35' took 0.152
[2016.04.14-09.01.00:768][719]LogBlueprintUserMessages: Early PlayInEditor Detection: Level '/Game/LD35.LD35:PersistentLevel' has LevelScriptBlueprint '/Game/LD35.LD35:PersistentLevel.LD35' with GeneratedClass '/Game/LD35.LD35_C' with ClassGeneratedBy '/Game/LD35.LD35:PersistentLevel.LD35'
[2016.04.14-09.01.00:768][719]LogPlayLevel: PlayLevel: No blueprints needed recompiling
[2016.04.14-09.01.00:768][719]PIE: New page: PIE session: LD35 (Apr 14, 2016, 5:01:00 PM)
[2016.04.14-09.01.00:768][719]LogPlayLevel: Creating play world package: /Game/UEDPIE_0_LD35
[2016.04.14-09.01.00:774][719]LogPlayLevel: PIE: StaticDuplicateObject took: (0.005159s)
[2016.04.14-09.01.00:774][719]LogAIModule: Creating AISystem for world LD35
[2016.04.14-09.01.00:774][719]LogPlayLevel: PIE: World Init took: (0.000563s)
[2016.04.14-09.01.00:774][719]LogPlayLevel: PIE: Created PIE world by copying editor world from /Game/LD35.LD35 to /Game/UEDPIE_0_LD35.LD35 (0.005896s)
[2016.04.14-09.01.00:796][719]LogInit: XAudio2 using 'Динамики (Realtek High Definition Audio)' : 2 channels at 48 kHz using 32 bits per sample (channel mask 0x3)
[2016.04.14-09.01.00:801][719]LogInit: FAudioDevice initialized.
[2016.04.14-09.01.00:876][719]LogWorld: Game class is 'MyGameMode_C'
[2016.04.14-09.01.00:882][719]LogWorld: Bringing World /Game/UEDPIE_0_LD35.LD35 up for play (max tick rate 0) at 2016.04.14-13.01.00
[2016.04.14-09.01.00:882][719]LogActor:Warning: GameSession /Game/UEDPIE_0_LD35.LD35:PersistentLevel.GameSession_5 has natively added scene component(s), but none of them were set as the actor's RootComponent - picking one arbitrarily
[2016.04.14-09.01.00:882][719]LogActor:Warning: GameNetworkManager /Game/UEDPIE_0_LD35.LD35:PersistentLevel.GameNetworkManager_5 has natively added scene component(s), but none of them were set as the actor's RootComponent - picking one arbitrarily
[2016.04.14-09.01.00:883][719]LogWorld: Bringing up level for play took: 0.005094
[2016.04.14-09.01.00:884][719]LogGameMode: Warning - PATHS NOT DEFINED or NO PLAYERSTART with positive rating
[2016.04.14-09.01.00:885][719]LogScript:Warning: Accessed None 'Video'
	LD35_C /Game/UEDPIE_0_LD35.LD35:PersistentLevel.LD35_C_0
	Function /Game/LD35.LD35_C:ExecuteUbergraph_LD35:004C
[2016.04.14-09.01.00:885][719]PIE:Error: Error Accessed None 'Video' from node Play in graph 'EventGraph' in blueprint LD35
[2016.04.14-09.01.00:900][719]PIE: Info Play in editor start time for /Game/UEDPIE_0_LD35 0.392
[2016.04.14-09.01.00:900][719]LogBlueprintUserMessages: Late PlayInEditor Detection: Level '/Game/LD35.LD35:PersistentLevel' has LevelScriptBlueprint '/Game/LD35.LD35:PersistentLevel.LD35' with GeneratedClass '/Game/LD35.LD35_C' with ClassGeneratedBy '/Game/LD35.LD35:PersistentLevel.LD35'
[2016.04.14-09.01.03:860][848]LogBlueprintUserMessages: Early EndPlayMap Detection: Level '/Game/LD35.LD35:PersistentLevel' has LevelScriptBlueprint '/Game/LD35.LD35:PersistentLevel.LD35' with GeneratedClass '/Game/LD35.LD35_C' with ClassGeneratedBy '/Game/LD35.LD35:PersistentLevel.LD35'
[2016.04.14-09.01.03:931][848]LogBlueprintUserMessages: Late EndPlayMap Detection: Level '/Game/LD35.LD35:PersistentLevel' has LevelScriptBlueprint '/Game/LD35.LD35:PersistentLevel.LD35' with GeneratedClass '/Game/LD35.LD35_C' with ClassGeneratedBy '/Game/LD35.LD35:PersistentLevel.LD35'
[2016.04.14-09.01.03:950][848]LogParticles: Destroying 0 GPU particle simulations for FXSystem 0x000000006C571B20
[2016.04.14-09.01.06:504][132]LogBlueprintUserMessages: Early PlayInEditor Detection: Level '/Game/LD35.LD35:PersistentLevel' has LevelScriptBlueprint '/Game/LD35.LD35:PersistentLevel.LD35' with GeneratedClass '/Game/LD35.LD35_C' with ClassGeneratedBy '/Game/LD35.LD35:PersistentLevel.LD35'
[2016.04.14-09.01.06:504][132]LogPlayLevel: PlayLevel: No blueprints needed recompiling
[2016.04.14-09.01.06:504][132]PIE: New page: PIE session: LD35 (Apr 14, 2016, 5:01:06 PM)
[2016.04.14-09.01.06:504][132]LogPlayLevel: Creating play world package: /Game/UEDPIE_0_LD35
[2016.04.14-09.01.06:510][132]LogPlayLevel: PIE: StaticDuplicateObject took: (0.005370s)
[2016.04.14-09.01.06:510][132]LogAIModule: Creating AISystem for world LD35
[2016.04.14-09.01.06:510][132]LogPlayLevel: PIE: World Init took: (0.000584s)
[2016.04.14-09.01.06:510][132]LogPlayLevel: PIE: Created PIE world by copying editor world from /Game/LD35.LD35 to /Game/UEDPIE_0_LD35.LD35 (0.006147s)
[2016.04.14-09.01.06:533][132]LogInit: XAudio2 using 'Динамики (Realtek High Definition Audio)' : 2 channels at 48 kHz using 32 bits per sample (channel mask 0x3)
[2016.04.14-09.01.06:538][132]LogInit: FAudioDevice initialized.
[2016.04.14-09.01.06:610][132]LogWorld: Game class is 'MyGameMode_C'
[2016.04.14-09.01.06:616][132]LogWorld: Bringing World /Game/UEDPIE_0_LD35.LD35 up for play (max tick rate 0) at 2016.04.14-13.01.06
[2016.04.14-09.01.06:616][132]LogActor:Warning: GameSession /Game/UEDPIE_0_LD35.LD35:PersistentLevel.GameSession_6 has natively added scene component(s), but none of them were set as the actor's RootComponent - picking one arbitrarily
[2016.04.14-09.01.06:616][132]LogActor:Warning: GameNetworkManager /Game/UEDPIE_0_LD35.LD35:PersistentLevel.GameNetworkManager_6 has natively added scene component(s), but none of them were set as the actor's RootComponent - picking one arbitrarily
[2016.04.14-09.01.06:617][132]LogWorld: Bringing up level for play took: 0.005430
[2016.04.14-09.01.06:618][132]LogGameMode: Warning - PATHS NOT DEFINED or NO PLAYERSTART with positive rating
[2016.04.14-09.01.06:618][132]LogScript:Warning: Accessed None 'Video'
	LD35_C /Game/UEDPIE_0_LD35.LD35:PersistentLevel.LD35_C_0
	Function /Game/LD35.LD35_C:ExecuteUbergraph_LD35:004C
[2016.04.14-09.01.06:619][132]PIE:Error: Error Accessed None 'Video' from node Play in graph 'EventGraph' in blueprint LD35
[2016.04.14-09.01.06:634][132]PIE: Info Play in editor start time for /Game/UEDPIE_0_LD35 0.126
[2016.04.14-09.01.06:635][132]LogBlueprintUserMessages: Late PlayInEditor Detection: Level '/Game/LD35.LD35:PersistentLevel' has LevelScriptBlueprint '/Game/LD35.LD35:PersistentLevel.LD35' with GeneratedClass '/Game/LD35.LD35_C' with ClassGeneratedBy '/Game/LD35.LD35:PersistentLevel.LD35'
[2016.04.14-09.01.14:852][485]LogBlueprintUserMessages: Early EndPlayMap Detection: Level '/Game/LD35.LD35:PersistentLevel' has LevelScriptBlueprint '/Game/LD35.LD35:PersistentLevel.LD35' with GeneratedClass '/Game/LD35.LD35_C' with ClassGeneratedBy '/Game/LD35.LD35:PersistentLevel.LD35'
[2016.04.14-09.01.14:917][485]LogBlueprintUserMessages: Late EndPlayMap Detection: Level '/Game/LD35.LD35:PersistentLevel' has LevelScriptBlueprint '/Game/LD35.LD35:PersistentLevel.LD35' with GeneratedClass '/Game/LD35.LD35_C' with ClassGeneratedBy '/Game/LD35.LD35:PersistentLevel.LD35'
[2016.04.14-09.01.14:942][485]LogParticles: Destroying 0 GPU particle simulations for FXSystem 0x0000000007E73920
[2016.04.14-09.01.17:816][805]LogEditorViewport: Clicking on Actor (LMB): AmbientSound (ld35keynote)
[2016.04.14-09.01.51:302][782]LogBlueprintUserMessages: Early PlayInEditor Detection: Level '/Game/LD35.LD35:PersistentLevel' has LevelScriptBlueprint '/Game/LD35.LD35:PersistentLevel.LD35' with GeneratedClass '/Game/LD35.LD35_C' with ClassGeneratedBy '/Game/LD35.LD35:PersistentLevel.LD35'
[2016.04.14-09.01.51:302][782]LogPlayLevel: PlayLevel: No blueprints needed recompiling
[2016.04.14-09.01.51:302][782]PIE: New page: PIE session: LD35 (Apr 14, 2016, 5:01:51 PM)
[2016.04.14-09.01.51:302][782]LogPlayLevel: Creating play world package: /Game/UEDPIE_0_LD35
[2016.04.14-09.01.51:307][782]LogPlayLevel: PIE: StaticDuplicateObject took: (0.005170s)
[2016.04.14-09.01.51:307][782]LogAIModule: Creating AISystem for world LD35
[2016.04.14-09.01.51:308][782]LogPlayLevel: PIE: World Init took: (0.000553s)
[2016.04.14-09.01.51:308][782]LogPlayLevel: PIE: Created PIE world by copying editor world from /Game/LD35.LD35 to /Game/UEDPIE_0_LD35.LD35 (0.005893s)
[2016.04.14-09.01.51:329][782]LogInit: XAudio2 using 'Динамики (Realtek High Definition Audio)' : 2 channels at 48 kHz using 32 bits per sample (channel mask 0x3)
[2016.04.14-09.01.51:335][782]LogInit: FAudioDevice initialized.
[2016.04.14-09.01.51:412][782]LogWorld: Game class is 'MyGameMode_C'
[2016.04.14-09.01.51:419][782]LogWorld: Bringing World /Game/UEDPIE_0_LD35.LD35 up for play (max tick rate 0) at 2016.04.14-13.01.51
[2016.04.14-09.01.51:419][782]LogActor:Warning: GameSession /Game/UEDPIE_0_LD35.LD35:PersistentLevel.GameSession_7 has natively added scene component(s), but none of them were set as the actor's RootComponent - picking one arbitrarily
[2016.04.14-09.01.51:419][782]LogActor:Warning: GameNetworkManager /Game/UEDPIE_0_LD35.LD35:PersistentLevel.GameNetworkManager_7 has natively added scene component(s), but none of them were set as the actor's RootComponent - picking one arbitrarily
[2016.04.14-09.01.51:419][782]LogWorld: Bringing up level for play took: 0.005252
[2016.04.14-09.01.51:421][782]LogScript:Warning: Accessed None 'Video'
	LD35_C /Game/UEDPIE_0_LD35.LD35:PersistentLevel.LD35_C_0
	Function /Game/LD35.LD35_C:ExecuteUbergraph_LD35:004C
[2016.04.14-09.01.51:421][782]PIE:Error: Error Accessed None 'Video' from node Play in graph 'EventGraph' in blueprint LD35
[2016.04.14-09.01.51:454][782]PIE: Info Play in editor start time for /Game/UEDPIE_0_LD35 0.944
[2016.04.14-09.01.51:454][782]LogBlueprintUserMessages: Late PlayInEditor Detection: Level '/Game/LD35.LD35:PersistentLevel' has LevelScriptBlueprint '/Game/LD35.LD35:PersistentLevel.LD35' with GeneratedClass '/Game/LD35.LD35_C' with ClassGeneratedBy '/Game/LD35.LD35:PersistentLevel.LD35'
[2016.04.14-09.01.55:854][982]LogBlueprintUserMessages: Early EndPlayMap Detection: Level '/Game/LD35.LD35:PersistentLevel' has LevelScriptBlueprint '/Game/LD35.LD35:PersistentLevel.LD35' with GeneratedClass '/Game/LD35.LD35_C' with ClassGeneratedBy '/Game/LD35.LD35:PersistentLevel.LD35'
[2016.04.14-09.01.55:912][982]LogBlueprintUserMessages: Late EndPlayMap Detection: Level '/Game/LD35.LD35:PersistentLevel' has LevelScriptBlueprint '/Game/LD35.LD35:PersistentLevel.LD35' with GeneratedClass '/Game/LD35.LD35_C' with ClassGeneratedBy '/Game/LD35.LD35:PersistentLevel.LD35'
[2016.04.14-09.01.55:937][982]LogParticles: Destroying 0 GPU particle simulations for FXSystem 0x0000000007E73D80
[2016.04.14-09.01.57:505][126]LogEditorViewport: Clicking on Actor (LMB): StaticMeshActor (screen)
[2016.04.14-09.02.05:516][746]LogEditorViewport: Clicking on Actor (LMB): StaticMeshActor (box)
[2016.04.14-09.02.07:740][996]LogEditorViewport: Clicking on Actor (LMB): StaticMeshActor (txt_keynote)
[2016.04.14-09.02.09:405][176]LogEditorViewport: Clicking on Actor (LMB): StaticMeshActor (Floor)
[2016.04.14-09.02.31:407][438]LogEditorViewport: Clicking on Actor (LMB): StaticMeshActor (txt_keynote)
[2016.04.14-09.02.38:781][189]LogBlueprintUserMessages: Early PlayInEditor Detection: Level '/Game/LD35.LD35:PersistentLevel' has LevelScriptBlueprint '/Game/LD35.LD35:PersistentLevel.LD35' with GeneratedClass '/Game/LD35.LD35_C' with ClassGeneratedBy '/Game/LD35.LD35:PersistentLevel.LD35'
[2016.04.14-09.02.38:781][189]LogPlayLevel: PlayLevel: No blueprints needed recompiling
[2016.04.14-09.02.38:781][189]PIE: New page: PIE session: LD35 (Apr 14, 2016, 5:02:38 PM)
[2016.04.14-09.02.38:781][189]LogPlayLevel: Creating play world package: /Game/UEDPIE_0_LD35
[2016.04.14-09.02.38:787][189]LogPlayLevel: PIE: StaticDuplicateObject took: (0.005200s)
[2016.04.14-09.02.38:787][189]LogAIModule: Creating AISystem for world LD35
[2016.04.14-09.02.38:787][189]LogPlayLevel: PIE: World Init took: (0.000562s)
[2016.04.14-09.02.38:787][189]LogPlayLevel: PIE: Created PIE world by copying editor world from /Game/LD35.LD35 to /Game/UEDPIE_0_LD35.LD35 (0.005937s)
[2016.04.14-09.02.38:810][189]LogInit: XAudio2 using 'Динамики (Realtek High Definition Audio)' : 2 channels at 48 kHz using 32 bits per sample (channel mask 0x3)
[2016.04.14-09.02.38:815][189]LogInit: FAudioDevice initialized.
[2016.04.14-09.02.38:885][189]LogWorld: Game class is 'MyGameMode_C'
[2016.04.14-09.02.38:891][189]LogWorld: Bringing World /Game/UEDPIE_0_LD35.LD35 up for play (max tick rate 0) at 2016.04.14-13.02.38
[2016.04.14-09.02.38:891][189]LogActor:Warning: GameSession /Game/UEDPIE_0_LD35.LD35:PersistentLevel.GameSession_8 has natively added scene component(s), but none of them were set as the actor's RootComponent - picking one arbitrarily
[2016.04.14-09.02.38:892][189]LogActor:Warning: GameNetworkManager /Game/UEDPIE_0_LD35.LD35:PersistentLevel.GameNetworkManager_8 has natively added scene component(s), but none of them were set as the actor's RootComponent - picking one arbitrarily
[2016.04.14-09.02.38:892][189]LogWorld: Bringing up level for play took: 0.005070
[2016.04.14-09.02.38:894][189]LogScript:Warning: Accessed None 'Video'
	LD35_C /Game/UEDPIE_0_LD35.LD35:PersistentLevel.LD35_C_0
	Function /Game/LD35.LD35_C:ExecuteUbergraph_LD35:004C
[2016.04.14-09.02.38:894][189]PIE:Error: Error Accessed None 'Video' from node Play in graph 'EventGraph' in blueprint LD35
[2016.04.14-09.02.38:926][189]PIE: Info Play in editor start time for /Game/UEDPIE_0_LD35 0.416
[2016.04.14-09.02.38:926][189]LogBlueprintUserMessages: Late PlayInEditor Detection: Level '/Game/LD35.LD35:PersistentLevel' has LevelScriptBlueprint '/Game/LD35.LD35:PersistentLevel.LD35' with GeneratedClass '/Game/LD35.LD35_C' with ClassGeneratedBy '/Game/LD35.LD35:PersistentLevel.LD35'
[2016.04.14-09.02.59:379][100]LogBlueprintUserMessages: Early EndPlayMap Detection: Level '/Game/LD35.LD35:PersistentLevel' has LevelScriptBlueprint '/Game/LD35.LD35:PersistentLevel.LD35' with GeneratedClass '/Game/LD35.LD35_C' with ClassGeneratedBy '/Game/LD35.LD35:PersistentLevel.LD35'
[2016.04.14-09.02.59:439][100]LogBlueprintUserMessages: Late EndPlayMap Detection: Level '/Game/LD35.LD35:PersistentLevel' has LevelScriptBlueprint '/Game/LD35.LD35:PersistentLevel.LD35' with GeneratedClass '/Game/LD35.LD35_C' with ClassGeneratedBy '/Game/LD35.LD35:PersistentLevel.LD35'
[2016.04.14-09.02.59:464][100]LogParticles: Destroying 0 GPU particle simulations for FXSystem 0x000000004638DB20
[2016.04.14-09.03.02:428][322]Cmd: OBJ SAVEPACKAGE PACKAGE="/Game/LD35" FILE="F:/_Good_Job/Unreal Projects/LD35/LD35/Content/LD35.umap" SILENT=true AUTOSAVING=false KEEPDIRTY=false
[2016.04.14-09.03.02:512][322]LogSavePackage: Save=64.569435ms
[2016.04.14-09.03.02:512][322]LogSavePackage: Moving 'F:/_Good_Job/Unreal Projects/LD35/LD35/Saved/LD35131DD93C4B5112FB132934A0EFB3A0E1.tmp' to 'F:/_Good_Job/Unreal Projects/LD35/LD35/Content/LD35.umap'
[2016.04.14-09.03.02:513][322]LogSavePackage: Total save time: 67.941312ms
[2016.04.14-09.03.02:513][322]LogSavePackage:Display: Finished SavePackage F:/_Good_Job/Unreal Projects/LD35/LD35/Content/LD35.umap
[2016.04.14-09.03.02:527][322]LogFileHelpers: Saving map 'LD35' took 0.153
[2016.04.14-09.03.05:057][559]LogBlueprintUserMessages: Early PlayInEditor Detection: Level '/Game/LD35.LD35:PersistentLevel' has LevelScriptBlueprint '/Game/LD35.LD35:PersistentLevel.LD35' with GeneratedClass '/Game/LD35.LD35_C' with ClassGeneratedBy '/Game/LD35.LD35:PersistentLevel.LD35'
[2016.04.14-09.03.05:057][559]LogPlayLevel: PlayLevel: No blueprints needed recompiling
[2016.04.14-09.03.05:057][559]PIE: New page: PIE session: LD35 (Apr 14, 2016, 5:03:05 PM)
[2016.04.14-09.03.05:058][559]LogPlayLevel: Creating play world package: /Game/UEDPIE_0_LD35
[2016.04.14-09.03.05:063][559]LogPlayLevel: PIE: StaticDuplicateObject took: (0.005227s)
[2016.04.14-09.03.05:063][559]LogAIModule: Creating AISystem for world LD35
[2016.04.14-09.03.05:063][559]LogPlayLevel: PIE: World Init took: (0.000569s)
[2016.04.14-09.03.05:064][559]LogPlayLevel: PIE: Created PIE world by copying editor world from /Game/LD35.LD35 to /Game/UEDPIE_0_LD35.LD35 (0.005980s)
[2016.04.14-09.03.05:085][559]LogInit: XAudio2 using 'Динамики (Realtek High Definition Audio)' : 2 channels at 48 kHz using 32 bits per sample (channel mask 0x3)
[2016.04.14-09.03.05:091][559]LogInit: FAudioDevice initialized.
[2016.04.14-09.03.05:173][559]LogWorld: Game class is 'MyGameMode_C'
[2016.04.14-09.03.05:175][559]LogWorld: Bringing World /Game/UEDPIE_0_LD35.LD35 up for play (max tick rate 0) at 2016.04.14-13.03.05
[2016.04.14-09.03.05:175][559]LogActor:Warning: GameSession /Game/UEDPIE_0_LD35.LD35:PersistentLevel.GameSession_9 has natively added scene component(s), but none of them were set as the actor's RootComponent - picking one arbitrarily
[2016.04.14-09.03.05:176][559]LogActor:Warning: GameNetworkManager /Game/UEDPIE_0_LD35.LD35:PersistentLevel.GameNetworkManager_9 has natively added scene component(s), but none of them were set as the actor's RootComponent - picking one arbitrarily
[2016.04.14-09.03.05:176][559]LogWorld: Bringing up level for play took: 0.002085
[2016.04.14-09.03.05:176][559]LogScript:Warning: Accessed None 'Video'
	LD35_C /Game/UEDPIE_0_LD35.LD35:PersistentLevel.LD35_C_1
	Function /Game/LD35.LD35_C:ExecuteUbergraph_LD35:004C
[2016.04.14-09.03.05:177][559]PIE:Error: Error Accessed None 'Video' from node Play in graph 'EventGraph' in blueprint LD35
[2016.04.14-09.03.05:189][559]PIE: Info Play in editor start time for /Game/UEDPIE_0_LD35 0.678
[2016.04.14-09.03.05:189][559]LogBlueprintUserMessages: Late PlayInEditor Detection: Level '/Game/LD35.LD35:PersistentLevel' has LevelScriptBlueprint '/Game/LD35.LD35:PersistentLevel.LD35' with GeneratedClass '/Game/LD35.LD35_C' with ClassGeneratedBy '/Game/LD35.LD35:PersistentLevel.LD35'
[2016.04.14-09.03.08:400][707]LogBlueprintUserMessages: Early EndPlayMap Detection: Level '/Game/LD35.LD35:PersistentLevel' has LevelScriptBlueprint '/Game/LD35.LD35:PersistentLevel.LD35' with GeneratedClass '/Game/LD35.LD35_C' with ClassGeneratedBy '/Game/LD35.LD35:PersistentLevel.LD35'
[2016.04.14-09.03.08:455][707]LogBlueprintUserMessages: Late EndPlayMap Detection: Level '/Game/LD35.LD35:PersistentLevel' has LevelScriptBlueprint '/Game/LD35.LD35:PersistentLevel.LD35' with GeneratedClass '/Game/LD35.LD35_C' with ClassGeneratedBy '/Game/LD35.LD35:PersistentLevel.LD35'
[2016.04.14-09.03.08:473][707]LogParticles: Destroying 0 GPU particle simulations for FXSystem 0x0000000076B1A5C0
[2016.04.14-09.03.48:168][671]LogClient: High resolution screenshot saved as F:/_Good_Job/Unreal Projects/LD35/LD35/Saved/Screenshots/Windows/HighresScreenshot00000.png
[2016.04.14-09.04.07:498][ 61]LogEditorViewport: Clicking on Actor (LMB): StaticMeshActor (txt_keynote)
[2016.04.14-09.04.18:388][161]Cmd: OBJ SAVEPACKAGE PACKAGE="/Game/LD35" FILE="F:/_Good_Job/Unreal Projects/LD35/LD35/Content/LD35.umap" SILENT=true AUTOSAVING=false KEEPDIRTY=false
[2016.04.14-09.04.18:473][161]LogSavePackage: Save=64.483604ms
[2016.04.14-09.04.18:473][161]LogSavePackage: Moving 'F:/_Good_Job/Unreal Projects/LD35/LD35/Saved/LD3514FFEFD542EC5CE474231BBD34ECE088.tmp' to 'F:/_Good_Job/Unreal Projects/LD35/LD35/Content/LD35.umap'
[2016.04.14-09.04.18:474][161]LogSavePackage: Total save time: 68.313252ms
[2016.04.14-09.04.18:474][161]LogSavePackage:Display: Finished SavePackage F:/_Good_Job/Unreal Projects/LD35/LD35/Content/LD35.umap
[2016.04.14-09.04.18:487][161]LogFileHelpers: Saving map 'LD35' took 0.152
[2016.04.14-09.04.45:693][853]LogMaterial: Missing cached shader map for material ld35keynote_Tex_Mat, compiling. 
[2016.04.14-09.04.45:693][853]LogMaterial:Warning: Failed to compile Material /Game/Video/ld35keynote_Tex_Mat.ld35keynote_Tex_Mat for platform PCD3D_SM5, Default Material will be used in game.
[2016.04.14-09.04.45:693][853]LogMaterial:Warning: 	(Node TextureSample) TextureSample> Missing input texture
[2016.04.14-09.04.45:694][853]LogMaterial: Missing cached shader map for material ld35keynote_Tex_Mat, compiling. 
[2016.04.14-09.04.45:695][853]LogMaterial:Warning: Failed to compile Material /Game/Video/ld35keynote_Tex_Mat.ld35keynote_Tex_Mat for platform PCD3D_SM5, Default Material will be used in game.
[2016.04.14-09.04.45:695][853]LogMaterial:Warning: 	(Node TextureSample) TextureSample> Missing input texture
[2016.04.14-09.04.45:865][853]LogParticles: Destroying 0 GPU particle simulations for FXSystem 0x0000000010499120
[2016.04.14-09.04.57:413][869]LogMaterial: Missing cached shader map for material ld35keynote_Tex_Mat, compiling. 
[2016.04.14-09.04.59:655][101]Cmd: OBJ SAVEPACKAGE PACKAGE="/Game/LD35" FILE="F:/_Good_Job/Unreal Projects/LD35/LD35/Content/LD35.umap" SILENT=true AUTOSAVING=false KEEPDIRTY=false
[2016.04.14-09.04.59:738][101]LogSavePackage: Save=63.698460ms
[2016.04.14-09.04.59:738][101]LogSavePackage: Moving 'F:/_Good_Job/Unreal Projects/LD35/LD35/Saved/LD351A57711F4CCAD663BBF050ABC0B223CC.tmp' to 'F:/_Good_Job/Unreal Projects/LD35/LD35/Content/LD35.umap'
[2016.04.14-09.04.59:739][101]LogSavePackage: Total save time: 66.950165ms
[2016.04.14-09.04.59:739][101]LogSavePackage:Display: Finished SavePackage F:/_Good_Job/Unreal Projects/LD35/LD35/Content/LD35.umap
[2016.04.14-09.04.59:752][101]LogFileHelpers: Saving map 'LD35' took 0.151
[2016.04.14-09.04.59:763][101]Cmd: OBJ SAVEPACKAGE PACKAGE="/Game/Video/ld35keynote_Tex" FILE="F:/_Good_Job/Unreal Projects/LD35/LD35/Content/Video/ld35keynote_Tex.uasset" SILENT=true
[2016.04.14-09.04.59:766][101]LogSavePackage: Save=1.996440ms
[2016.04.14-09.04.59:766][101]LogSavePackage: Moving 'F:/_Good_Job/Unreal Projects/LD35/LD35/Saved/ld35keynote_Tex3CE01B1D4F0FA5222E076FA7D6498ED4.tmp' to 'F:/_Good_Job/Unreal Projects/LD35/LD35/Content/Video/ld35keynote_Tex.uasset'
[2016.04.14-09.04.59:766][101]LogSavePackage: Total save time: 2.944518ms
[2016.04.14-09.04.59:766][101]LogSavePackage:Display: Finished SavePackage F:/_Good_Job/Unreal Projects/LD35/LD35/Content/Video/ld35keynote_Tex.uasset
[2016.04.14-09.04.59:787][101]Cmd: OBJ SAVEPACKAGE PACKAGE="/Game/Video/ld35keynote_Tex_Mat" FILE="F:/_Good_Job/Unreal Projects/LD35/LD35/Content/Video/ld35keynote_Tex_Mat.uasset" SILENT=true
[2016.04.14-09.04.59:796][101]LogSavePackage: Save=8.539307ms
[2016.04.14-09.04.59:796][101]LogSavePackage: Moving 'F:/_Good_Job/Unreal Projects/LD35/LD35/Saved/ld35keynote_Tex_MatD3F7158F4EBDD4C6E193E5A3E0FDE48E.tmp' to 'F:/_Good_Job/Unreal Projects/LD35/LD35/Content/Video/ld35keynote_Tex_Mat.uasset'
[2016.04.14-09.04.59:797][101]LogSavePackage: Total save time: 9.515092ms
[2016.04.14-09.04.59:797][101]LogSavePackage:Display: Finished SavePackage F:/_Good_Job/Unreal Projects/LD35/LD35/Content/Video/ld35keynote_Tex_Mat.uasset
[2016.04.14-09.05.03:433][456]LogBlueprintUserMessages: Early PlayInEditor Detection: Level '/Game/LD35.LD35:PersistentLevel' has LevelScriptBlueprint '/Game/LD35.LD35:PersistentLevel.LD35' with GeneratedClass '/Game/LD35.LD35_C' with ClassGeneratedBy '/Game/LD35.LD35:PersistentLevel.LD35'
[2016.04.14-09.05.03:433][456]LogPlayLevel: PlayLevel: No blueprints needed recompiling
[2016.04.14-09.05.03:433][456]PIE: New page: PIE session: LD35 (Apr 14, 2016, 5:05:03 PM)
[2016.04.14-09.05.03:433][456]LogPlayLevel: Creating play world package: /Game/UEDPIE_0_LD35
[2016.04.14-09.05.03:438][456]LogPlayLevel: PIE: StaticDuplicateObject took: (0.005384s)
[2016.04.14-09.05.03:439][456]LogAIModule: Creating AISystem for world LD35
[2016.04.14-09.05.03:439][456]LogPlayLevel: PIE: World Init took: (0.000557s)
[2016.04.14-09.05.03:439][456]LogPlayLevel: PIE: Created PIE world by copying editor world from /Game/LD35.LD35 to /Game/UEDPIE_0_LD35.LD35 (0.006120s)
[2016.04.14-09.05.03:460][456]LogInit: XAudio2 using 'Динамики (Realtek High Definition Audio)' : 2 channels at 48 kHz using 32 bits per sample (channel mask 0x3)
[2016.04.14-09.05.03:466][456]LogInit: FAudioDevice initialized.
[2016.04.14-09.05.03:531][456]LogWorld: Game class is 'MyGameMode_C'
[2016.04.14-09.05.03:533][456]LogWorld: Bringing World /Game/UEDPIE_0_LD35.LD35 up for play (max tick rate 0) at 2016.04.14-13.05.03
[2016.04.14-09.05.03:534][456]LogActor:Warning: GameSession /Game/UEDPIE_0_LD35.LD35:PersistentLevel.GameSession_10 has natively added scene component(s), but none of them were set as the actor's RootComponent - picking one arbitrarily
[2016.04.14-09.05.03:534][456]LogActor:Warning: GameNetworkManager /Game/UEDPIE_0_LD35.LD35:PersistentLevel.GameNetworkManager_10 has natively added scene component(s), but none of them were set as the actor's RootComponent - picking one arbitrarily
[2016.04.14-09.05.03:534][456]LogWorld: Bringing up level for play took: 0.002119
[2016.04.14-09.05.03:535][456]LogScript:Warning: Accessed None 'Video'
	LD35_C /Game/UEDPIE_0_LD35.LD35:PersistentLevel.LD35_C_1
	Function /Game/LD35.LD35_C:ExecuteUbergraph_LD35:004C
[2016.04.14-09.05.03:535][456]PIE:Error: Error Accessed None 'Video' from node Play in graph 'EventGraph' in blueprint LD35
[2016.04.14-09.05.03:547][456]PIE: Info Play in editor start time for /Game/UEDPIE_0_LD35 1.033
[2016.04.14-09.05.03:547][456]LogBlueprintUserMessages: Late PlayInEditor Detection: Level '/Game/LD35.LD35:PersistentLevel' has LevelScriptBlueprint '/Game/LD35.LD35:PersistentLevel.LD35' with GeneratedClass '/Game/LD35.LD35_C' with ClassGeneratedBy '/Game/LD35.LD35:PersistentLevel.LD35'
[2016.04.14-09.05.07:793][650]LogBlueprintUserMessages: Early EndPlayMap Detection: Level '/Game/LD35.LD35:PersistentLevel' has LevelScriptBlueprint '/Game/LD35.LD35:PersistentLevel.LD35' with GeneratedClass '/Game/LD35.LD35_C' with ClassGeneratedBy '/Game/LD35.LD35:PersistentLevel.LD35'
[2016.04.14-09.05.07:845][650]LogBlueprintUserMessages: Late EndPlayMap Detection: Level '/Game/LD35.LD35:PersistentLevel' has LevelScriptBlueprint '/Game/LD35.LD35:PersistentLevel.LD35' with GeneratedClass '/Game/LD35.LD35_C' with ClassGeneratedBy '/Game/LD35.LD35:PersistentLevel.LD35'
[2016.04.14-09.05.07:862][650]LogParticles: Destroying 0 GPU particle simulations for FXSystem 0x0000000068A19EE0
[2016.04.14-09.05.09:976][822]LogMaterial: Missing cached shader map for material ld35keynote_Tex_Mat, compiling. 
[2016.04.14-09.05.10:019][822]LogMaterial: Missing cached shader map for material ld35keynote_Tex_Mat, compiling. 
[2016.04.14-09.05.10:022][822]LogMaterial: 0.000018 seconds spent updating 1 materials, 1 interfaces, 0 instances, 0 with static permutations.
[2016.04.14-09.05.10:047][822]LogMaterial: Missing cached shader map for material FMatExpressionPreview MaterialExpressionTextureSample_0, compiling. 
[2016.04.14-09.05.10:636][858]MaterialEditorStats: Info Base pass shader with only dynamic lighting: 32 instructions
[2016.04.14-09.05.10:636][858]MaterialEditorStats: Info Vertex shader: 33 instructions
[2016.04.14-09.05.10:636][858]MaterialEditorStats: Info Texture samplers: 1/16
[2016.04.14-09.05.19:648][656]LogContentBrowser: Native class hierarchy updated for 'TextureEditor' in 0.0003 seconds. Added 1 classes and 2 folders.
[2016.04.14-09.05.32:650][140]LogParticles: Destroying 0 GPU particle simulations for FXSystem 0x000000001043D440
[2016.04.14-09.05.32:664][140]Cmd: OBJ SAVEPACKAGE PACKAGE="/Game/Video/ld35keynote" FILE="F:/_Good_Job/Unreal Projects/LD35/LD35/Content/Video/ld35keynote.uasset" SILENT=true
[2016.04.14-09.05.32:668][140]LogSavePackage: Save=0.656545ms
[2016.04.14-09.05.32:668][140]LogSavePackage: Moving 'F:/_Good_Job/Unreal Projects/LD35/LD35/Saved/ld35keynote7547BBE04BD76C96FE7ED8B2234434A4.tmp' to 'F:/_Good_Job/Unreal Projects/LD35/LD35/Content/Video/ld35keynote.uasset'
[2016.04.14-09.05.32:669][140]LogSavePackage: Total save time: 3.926925ms
[2016.04.14-09.05.32:669][140]LogSavePackage:Display: Finished SavePackage F:/_Good_Job/Unreal Projects/LD35/LD35/Content/Video/ld35keynote.uasset
[2016.04.14-09.06.45:371][714]Cmd: OBJ SAVEPACKAGE PACKAGE="/Game/LD35" FILE="F:/_Good_Job/Unreal Projects/LD35/LD35/Content/LD35.umap" SILENT=true AUTOSAVING=false KEEPDIRTY=false
[2016.04.14-09.06.45:458][714]LogSavePackage: Save=64.659782ms
[2016.04.14-09.06.45:458][714]LogSavePackage: Moving 'F:/_Good_Job/Unreal Projects/LD35/LD35/Saved/LD358F78093D4A1534C8400F6A9334511965.tmp' to 'F:/_Good_Job/Unreal Projects/LD35/LD35/Content/LD35.umap'
[2016.04.14-09.06.45:459][714]LogSavePackage: Total save time: 69.249880ms
[2016.04.14-09.06.45:459][714]LogSavePackage:Display: Finished SavePackage F:/_Good_Job/Unreal Projects/LD35/LD35/Content/LD35.umap
[2016.04.14-09.06.45:472][714]LogFileHelpers: Saving map 'LD35' took 0.154
[2016.04.14-09.06.46:308][813]LogBlueprintUserMessages: Early PlayInEditor Detection: Level '/Game/LD35.LD35:PersistentLevel' has LevelScriptBlueprint '/Game/LD35.LD35:PersistentLevel.LD35' with GeneratedClass '/Game/LD35.LD35_C' with ClassGeneratedBy '/Game/LD35.LD35:PersistentLevel.LD35'
[2016.04.14-09.06.46:308][813]LogPlayLevel: PlayLevel: No blueprints needed recompiling
[2016.04.14-09.06.46:308][813]PIE: New page: PIE session: LD35 (Apr 14, 2016, 5:06:46 PM)
[2016.04.14-09.06.46:309][813]LogPlayLevel: Creating play world package: /Game/UEDPIE_0_LD35
[2016.04.14-09.06.46:314][813]LogPlayLevel: PIE: StaticDuplicateObject took: (0.005395s)
[2016.04.14-09.06.46:314][813]LogAIModule: Creating AISystem for world LD35
[2016.04.14-09.06.46:315][813]LogPlayLevel: PIE: World Init took: (0.000569s)
[2016.04.14-09.06.46:315][813]LogPlayLevel: PIE: Created PIE world by copying editor world from /Game/LD35.LD35 to /Game/UEDPIE_0_LD35.LD35 (0.006165s)
[2016.04.14-09.06.46:337][813]LogInit: XAudio2 using 'Динамики (Realtek High Definition Audio)' : 2 channels at 48 kHz using 32 bits per sample (channel mask 0x3)
[2016.04.14-09.06.46:342][813]LogInit: FAudioDevice initialized.
[2016.04.14-09.06.46:411][813]LogWorld: Game class is 'MyGameMode_C'
[2016.04.14-09.06.46:413][813]LogWorld: Bringing World /Game/UEDPIE_0_LD35.LD35 up for play (max tick rate 0) at 2016.04.14-13.06.46
[2016.04.14-09.06.46:413][813]LogActor:Warning: GameSession /Game/UEDPIE_0_LD35.LD35:PersistentLevel.GameSession_11 has natively added scene component(s), but none of them were set as the actor's RootComponent - picking one arbitrarily
[2016.04.14-09.06.46:413][813]LogActor:Warning: GameNetworkManager /Game/UEDPIE_0_LD35.LD35:PersistentLevel.GameNetworkManager_11 has natively added scene component(s), but none of them were set as the actor's RootComponent - picking one arbitrarily
[2016.04.14-09.06.46:413][813]LogWorld: Bringing up level for play took: 0.002168
[2016.04.14-09.06.46:414][813]LogGameMode: Warning - PATHS NOT DEFINED or NO PLAYERSTART with positive rating
[2016.04.14-09.06.46:414][813]LogScript:Warning: Accessed None 'Video'
	LD35_C /Game/UEDPIE_0_LD35.LD35:PersistentLevel.LD35_C_0
	Function /Game/LD35.LD35_C:ExecuteUbergraph_LD35:001F
[2016.04.14-09.06.46:414][813]PIE:Error: Error Accessed None 'Video' from node Play in graph 'EventGraph' in blueprint LD35
[2016.04.14-09.06.46:421][813]PIE: Info Play in editor start time for /Game/UEDPIE_0_LD35 -0.094
[2016.04.14-09.06.46:422][813]LogBlueprintUserMessages: Late PlayInEditor Detection: Level '/Game/LD35.LD35:PersistentLevel' has LevelScriptBlueprint '/Game/LD35.LD35:PersistentLevel.LD35' with GeneratedClass '/Game/LD35.LD35_C' with ClassGeneratedBy '/Game/LD35.LD35:PersistentLevel.LD35'
[2016.04.14-09.06.50:647][995]LogBlueprintUserMessages: Early EndPlayMap Detection: Level '/Game/LD35.LD35:PersistentLevel' has LevelScriptBlueprint '/Game/LD35.LD35:PersistentLevel.LD35' with GeneratedClass '/Game/LD35.LD35_C' with ClassGeneratedBy '/Game/LD35.LD35:PersistentLevel.LD35'
[2016.04.14-09.06.50:702][995]LogBlueprintUserMessages: Late EndPlayMap Detection: Level '/Game/LD35.LD35:PersistentLevel' has LevelScriptBlueprint '/Game/LD35.LD35:PersistentLevel.LD35' with GeneratedClass '/Game/LD35.LD35_C' with ClassGeneratedBy '/Game/LD35.LD35:PersistentLevel.LD35'
[2016.04.14-09.06.50:720][995]LogParticles: Destroying 0 GPU particle simulations for FXSystem 0x00000000724DF420
[2016.04.14-09.06.59:829][853]LogBlueprintUserMessages: Early PlayInEditor Detection: Level '/Game/LD35.LD35:PersistentLevel' has LevelScriptBlueprint '/Game/LD35.LD35:PersistentLevel.LD35' with GeneratedClass '/Game/LD35.LD35_C' with ClassGeneratedBy '/Game/LD35.LD35:PersistentLevel.LD35'
[2016.04.14-09.06.59:829][853]LogPlayLevel: PlayLevel: No blueprints needed recompiling
[2016.04.14-09.06.59:830][853]PIE: New page: PIE session: LD35 (Apr 14, 2016, 5:06:59 PM)
[2016.04.14-09.06.59:830][853]LogPlayLevel: Creating play world package: /Game/UEDPIE_0_LD35
[2016.04.14-09.06.59:835][853]LogPlayLevel: PIE: StaticDuplicateObject took: (0.005320s)
[2016.04.14-09.06.59:835][853]LogAIModule: Creating AISystem for world LD35
[2016.04.14-09.06.59:836][853]LogPlayLevel: PIE: World Init took: (0.000598s)
[2016.04.14-09.06.59:836][853]LogPlayLevel: PIE: Created PIE world by copying editor world from /Game/LD35.LD35 to /Game/UEDPIE_0_LD35.LD35 (0.006091s)
[2016.04.14-09.06.59:857][853]LogInit: XAudio2 using 'Динамики (Realtek High Definition Audio)' : 2 channels at 48 kHz using 32 bits per sample (channel mask 0x3)
[2016.04.14-09.06.59:863][853]LogInit: FAudioDevice initialized.
[2016.04.14-09.06.59:944][853]LogWorld: Game class is 'MyGameMode_C'
[2016.04.14-09.06.59:950][853]LogWorld: Bringing World /Game/UEDPIE_0_LD35.LD35 up for play (max tick rate 0) at 2016.04.14-13.06.59
[2016.04.14-09.06.59:950][853]LogActor:Warning: GameSession /Game/UEDPIE_0_LD35.LD35:PersistentLevel.GameSession_12 has natively added scene component(s), but none of them were set as the actor's RootComponent - picking one arbitrarily
[2016.04.14-09.06.59:951][853]LogActor:Warning: GameNetworkManager /Game/UEDPIE_0_LD35.LD35:PersistentLevel.GameNetworkManager_12 has natively added scene component(s), but none of them were set as the actor's RootComponent - picking one arbitrarily
[2016.04.14-09.06.59:951][853]LogWorld: Bringing up level for play took: 0.004972
[2016.04.14-09.06.59:953][853]LogScript:Warning: Accessed None 'Video'
	LD35_C /Game/UEDPIE_0_LD35.LD35:PersistentLevel.LD35_C_0
	Function /Game/LD35.LD35_C:ExecuteUbergraph_LD35:001F
[2016.04.14-09.06.59:953][853]PIE:Error: Error Accessed None 'Video' from node Play in graph 'EventGraph' in blueprint LD35
[2016.04.14-09.06.59:978][853]PIE: Info Play in editor start time for /Game/UEDPIE_0_LD35 -0.538
[2016.04.14-09.06.59:978][853]LogBlueprintUserMessages: Late PlayInEditor Detection: Level '/Game/LD35.LD35:PersistentLevel' has LevelScriptBlueprint '/Game/LD35.LD35:PersistentLevel.LD35' with GeneratedClass '/Game/LD35.LD35_C' with ClassGeneratedBy '/Game/LD35.LD35:PersistentLevel.LD35'
[2016.04.14-09.07.04:615][ 62]LogBlueprintUserMessages: Early EndPlayMap Detection: Level '/Game/LD35.LD35:PersistentLevel' has LevelScriptBlueprint '/Game/LD35.LD35:PersistentLevel.LD35' with GeneratedClass '/Game/LD35.LD35_C' with ClassGeneratedBy '/Game/LD35.LD35:PersistentLevel.LD35'
[2016.04.14-09.07.04:669][ 62]LogBlueprintUserMessages: Late EndPlayMap Detection: Level '/Game/LD35.LD35:PersistentLevel' has LevelScriptBlueprint '/Game/LD35.LD35:PersistentLevel.LD35' with GeneratedClass '/Game/LD35.LD35_C' with ClassGeneratedBy '/Game/LD35.LD35:PersistentLevel.LD35'
[2016.04.14-09.07.04:694][ 62]LogParticles: Destroying 0 GPU particle simulations for FXSystem 0x0000000049575D00
[2016.04.14-09.07.06:743][270]Cmd: OBJ SAVEPACKAGE PACKAGE="/Game/LD35" FILE="F:/_Good_Job/Unreal Projects/LD35/LD35/Content/LD35.umap" SILENT=true AUTOSAVING=false KEEPDIRTY=false
[2016.04.14-09.07.06:828][270]LogSavePackage: Save=64.184845ms
[2016.04.14-09.07.06:828][270]LogSavePackage: Moving 'F:/_Good_Job/Unreal Projects/LD35/LD35/Saved/LD355732BCDD47435099CAD61C9E4DE22F55.tmp' to 'F:/_Good_Job/Unreal Projects/LD35/LD35/Content/LD35.umap'
[2016.04.14-09.07.06:829][270]LogSavePackage: Total save time: 67.526903ms
[2016.04.14-09.07.06:829][270]LogSavePackage:Display: Finished SavePackage F:/_Good_Job/Unreal Projects/LD35/LD35/Content/LD35.umap
[2016.04.14-09.07.06:842][270]LogFileHelpers: Saving map 'LD35' took 0.152
[2016.04.14-09.07.39:431][462]BlueprintLog: New page: Compile LD35
[2016.04.14-09.07.39:484][462]BlueprintEditorCompileResults: Info [0640.51] Compile of LD35 successful! [in 53 ms]
[2016.04.14-09.07.41:199][663]LogBlueprintUserMessages: Early PlayInEditor Detection: Level '/Game/LD35.LD35:PersistentLevel' has LevelScriptBlueprint '/Game/LD35.LD35:PersistentLevel.LD35' with GeneratedClass '/Game/LD35.LD35_C' with ClassGeneratedBy '/Game/LD35.LD35:PersistentLevel.LD35'
[2016.04.14-09.07.41:199][663]LogPlayLevel: PlayLevel: No blueprints needed recompiling
[2016.04.14-09.07.41:199][663]PIE: New page: PIE session: LD35 (Apr 14, 2016, 5:07:41 PM)
[2016.04.14-09.07.41:199][663]LogPlayLevel: Creating play world package: /Game/UEDPIE_0_LD35
[2016.04.14-09.07.41:205][663]LogPlayLevel: PIE: StaticDuplicateObject took: (0.005315s)
[2016.04.14-09.07.41:205][663]LogAIModule: Creating AISystem for world LD35
[2016.04.14-09.07.41:205][663]LogPlayLevel: PIE: World Init took: (0.000564s)
[2016.04.14-09.07.41:205][663]LogPlayLevel: PIE: Created PIE world by copying editor world from /Game/LD35.LD35 to /Game/UEDPIE_0_LD35.LD35 (0.006053s)
[2016.04.14-09.07.41:228][663]LogInit: XAudio2 using 'Динамики (Realtek High Definition Audio)' : 2 channels at 48 kHz using 32 bits per sample (channel mask 0x3)
[2016.04.14-09.07.41:233][663]LogInit: FAudioDevice initialized.
[2016.04.14-09.07.41:307][663]LogWorld: Game class is 'MyGameMode_C'
[2016.04.14-09.07.41:309][663]LogWorld: Bringing World /Game/UEDPIE_0_LD35.LD35 up for play (max tick rate 0) at 2016.04.14-13.07.41
[2016.04.14-09.07.41:309][663]LogActor:Warning: GameSession /Game/UEDPIE_0_LD35.LD35:PersistentLevel.GameSession_13 has natively added scene component(s), but none of them were set as the actor's RootComponent - picking one arbitrarily
[2016.04.14-09.07.41:310][663]LogActor:Warning: GameNetworkManager /Game/UEDPIE_0_LD35.LD35:PersistentLevel.GameNetworkManager_13 has natively added scene component(s), but none of them were set as the actor's RootComponent - picking one arbitrarily
[2016.04.14-09.07.41:310][663]LogWorld: Bringing up level for play took: 0.002098
[2016.04.14-09.07.41:311][663]LogScript:Warning: Accessed None 'Video'
	LD35_C /Game/UEDPIE_0_LD35.LD35:PersistentLevel.LD35_C_2
	Function /Game/LD35.LD35_C:ExecuteUbergraph_LD35:001F
[2016.04.14-09.07.41:311][663]PIE:Error: Error Accessed None 'Video' from node Play in graph 'EventGraph' in blueprint LD35
[2016.04.14-09.07.41:324][663]PIE: Info Play in editor start time for /Game/UEDPIE_0_LD35 0.806
[2016.04.14-09.07.41:324][663]LogBlueprintUserMessages: Late PlayInEditor Detection: Level '/Game/LD35.LD35:PersistentLevel' has LevelScriptBlueprint '/Game/LD35.LD35:PersistentLevel.LD35' with GeneratedClass '/Game/LD35.LD35_C' with ClassGeneratedBy '/Game/LD35.LD35:PersistentLevel.LD35'
[2016.04.14-09.07.44:488][806]LogBlueprintUserMessages: Early EndPlayMap Detection: Level '/Game/LD35.LD35:PersistentLevel' has LevelScriptBlueprint '/Game/LD35.LD35:PersistentLevel.LD35' with GeneratedClass '/Game/LD35.LD35_C' with ClassGeneratedBy '/Game/LD35.LD35:PersistentLevel.LD35'
[2016.04.14-09.07.44:547][806]LogBlueprintUserMessages: Late EndPlayMap Detection: Level '/Game/LD35.LD35:PersistentLevel' has LevelScriptBlueprint '/Game/LD35.LD35:PersistentLevel.LD35' with GeneratedClass '/Game/LD35.LD35_C' with ClassGeneratedBy '/Game/LD35.LD35:PersistentLevel.LD35'
[2016.04.14-09.07.44:573][806]LogParticles: Destroying 0 GPU particle simulations for FXSystem 0x00000000654C6AC0
[2016.04.14-09.08.27:850][ 99]LogCrashTracker: 


[2016.04.14-09.08.27:851][ 99]LogCrashTracker: 


[2016.04.14-09.08.27:851][ 99]LogWindows:Error: === Critical error: ===
Fatal error!



[2016.04.14-09.08.28:086][ 99]LogExit: Executing StaticShutdownAfterError
[2016.04.14-09.08.28:089][ 99]LogPhysics:Warning: PHYSX: ..\..\PhysX\src\NpScene.cpp (2946) 8 : PxScene::unlockWrite() called without matching call to PxScene::lockWrite(), behaviour will be undefined.
[2016.04.14-09.08.28:089][ 99]LogPhysics:Warning: PHYSX: ..\..\PhysX\src\NpScene.cpp (2946) 8 : PxScene::unlockWrite() called without matching call to PxScene::lockWrite(), behaviour will be undefined.
[2016.04.14-09.08.28:089][ 99]LogPhysics:Warning: PHYSX: ..\..\PhysX\src\NpScene.cpp (2946) 8 : PxScene::unlockWrite() called without matching call to PxScene::lockWrite(), behaviour will be undefined.
[2016.04.14-09.08.28:090][ 99]LogPhysics:Warning: PHYSX: ..\..\PhysX\src\NpScene.cpp (2946) 8 : PxScene::unlockWrite() called without matching call to PxScene::lockWrite(), behaviour will be undefined.
[2016.04.14-09.08.28:090][ 99]LogWindows: FPlatformMisc::RequestExit(1)
[2016.04.14-09.08.28:090][ 99]Log file closed, 04/14/16 13:08:28
