[2016.04.14-11.02.48:463][  0]Log file open, 04/14/16 15:02:48
[2016.04.14-11.02.48:463][  0]LogInit:Display: Running engine for game: LD35
[2016.04.14-11.02.48:463][  0]LogPlatformFile: Not using cached read wrapper
[2016.04.14-11.02.48:463][  0]LogInit:Display: RandInit(-1140420495) SRandInit(-1140420493).
[2016.04.14-11.02.48:463][  0]LogTaskGraph: Started task graph with 4 named threads and 7 total threads.
[2016.04.14-11.02.48:463][  0]LogStats: Stats thread started at 0.066426
[2016.04.14-11.02.48:463][  0]LogInit: Version: 4.10.2-2818068+++depot+UE4-Releases+4.10
[2016.04.14-11.02.48:463][  0]LogInit: API Version: 2758231
[2016.04.14-11.02.48:463][  0]LogInit: Compiled (64-bit): Jan  6 2016 17:36:42
[2016.04.14-11.02.48:463][  0]LogInit: Compiled with Visual C++: 19.00.23026.00
[2016.04.14-11.02.48:463][  0]LogInit: Build Configuration: Development
[2016.04.14-11.02.48:463][  0]LogInit: Branch Name: ++depot+UE4-Releases+4.10
[2016.04.14-11.02.48:463][  0]LogInit: Command line:  /Temp/Autosaves/Game/UEDPCLD35 -game -PIEVIACONSOLE -ResX=1280 -ResY=720  -Multiprocess 
[2016.04.14-11.02.48:463][  0]LogInit: Base directory: C:/Program Files/Epic Games/4.10/Engine/Binaries/Win64/
[2016.04.14-11.02.48:463][  0]LogInit: Rocket: 1
[2016.04.14-11.02.48:468][  0]LogInit: Using libcurl 7.41.0
[2016.04.14-11.02.48:468][  0]LogInit:  - built for x86_64-pc-win32
[2016.04.14-11.02.48:468][  0]LogInit:  - supports SSL with WinSSL
[2016.04.14-11.02.48:468][  0]LogInit:  - other features:
[2016.04.14-11.02.48:468][  0]LogInit:      CURL_VERSION_SSL
[2016.04.14-11.02.48:468][  0]LogInit:      CURL_VERSION_IPV6
[2016.04.14-11.02.48:468][  0]LogInit:      CURL_VERSION_ASYNCHDNS
[2016.04.14-11.02.48:468][  0]LogInit:      CURL_VERSION_LARGEFILE
[2016.04.14-11.02.48:468][  0]LogInit:      CURL_VERSION_IDN
[2016.04.14-11.02.48:468][  0]LogInit:  CurlRequestOptions (configurable via config and command line):
[2016.04.14-11.02.48:468][  0]LogInit:  - bVerifyPeer = true  - Libcurl will verify peer certificate
[2016.04.14-11.02.48:468][  0]LogInit:  - bUseHttpProxy = false  - Libcurl will NOT use HTTP proxy
[2016.04.14-11.02.48:468][  0]LogInit:  - bDontReuseConnections = false  - Libcurl will reuse connections
[2016.04.14-11.02.48:468][  0]LogInit:  - CertBundlePath = nullptr  - Libcurl will use whatever was configured at build time.
[2016.04.14-11.02.48:473][  0]LogInit: Presizing for 0 objects not considered by GC, pre-allocating 0 bytes.
[2016.04.14-11.02.48:478][  0]LogInit: Object subsystem initialized
[2016.04.14-11.02.48:479][  0]LogInit: Selected Device Profile: [Windows]
[2016.04.14-11.02.48:479][  0]LogInit: Applying CVar settings loaded from the selected device profile: [Windows]
[2016.04.14-11.02.48:481][  0]LogInit: Computer: MEGATRON
[2016.04.14-11.02.48:481][  0]LogInit: User: Supr
[2016.04.14-11.02.48:481][  0]LogInit: CPU Page size=4096, Cores=4
[2016.04.14-11.02.48:481][  0]LogInit: High frequency timer resolution =3.320410 MHz
[2016.04.14-11.02.48:481][  0]LogMemory: Memory total: Physical=12.0GB (12GB approx)
[2016.04.14-11.02.48:481][  0]LogMemory: Platform Memory Stats for Windows
[2016.04.14-11.02.48:481][  0]LogMemory: Process Physical Memory: 56.41 MB used, 56.41 MB peak
[2016.04.14-11.02.48:481][  0]LogMemory: Process Virtual Memory: 59.66 MB used, 59.66 MB peak
[2016.04.14-11.02.48:481][  0]LogMemory: Physical Memory: 9449.78 MB used, 12264.86 MB total
[2016.04.14-11.02.48:481][  0]LogMemory: Virtual Memory: 353.81 MB used, 8388608.00 MB total
[2016.04.14-11.02.48:519][  0]LogTextLocalizationManager: No translations for ('ru-RU') exist, falling back to 'en' for localization and internationalization data.
[2016.04.14-11.02.48:794][  0]LogD3D11RHI: Found D3D11 adapter 0: NVIDIA Quadro 4000 (Feature Level 11_0)
[2016.04.14-11.02.48:794][  0]LogD3D11RHI: Adapter has 1999MB of dedicated video memory, 0MB of dedicated system memory, and 5876MB of shared system memory, 1 output[s]
[2016.04.14-11.02.48:794][  0]LogD3D11RHI: Chosen D3D11 Adapter Id = 0
[2016.04.14-11.02.48:802][  0]LogD3D11RHI: !Direct3DDevice
[2016.04.14-11.02.48:802][  0]LogRHI: Texture pool is 1361 MB (70% of 1945 MB)
[2016.04.14-11.02.48:809][  0]LogD3D11RHI: Async texture creation enabled
[2016.04.14-11.02.48:821][  0]LogShaderCompilers: Guid format shader working directory is 6 characters bigger than the processId version (F:/_Good_Job/Unreal Projects/LD35/LD35/Intermediate/Shaders/WorkingDirectory/10428/).
[2016.04.14-11.02.48:822][  0]LogShaderCompilers: Cleaned the shader compiler working directory 'C:/Users/Supr/AppData/Local/Temp/UnrealShaderWorkingDir/58DCA7E644A46851F235738E7C396AD8/'.
[2016.04.14-11.02.48:822][  0]LogShaderCompilers:Display: Using Local Shader Compiler.
[2016.04.14-11.02.49:549][  0]LogTemp:Display: Loaded TP AllDesktopTargetPlatform
[2016.04.14-11.02.49:552][  0]LogTemp:Display: Loaded TP WindowsClientTargetPlatform
[2016.04.14-11.02.49:555][  0]LogTemp:Display: Loaded TP WindowsNoEditorTargetPlatform
[2016.04.14-11.02.49:558][  0]LogTemp:Display: Loaded TP WindowsServerTargetPlatform
[2016.04.14-11.02.49:561][  0]LogTemp:Display: Loaded TP WindowsTargetPlatform
[2016.04.14-11.02.49:564][  0]LogTemp:Display: Loaded TP AndroidTargetPlatform
[2016.04.14-11.02.49:566][  0]LogTemp:Display: Loaded TP Android_ASTCTargetPlatform
[2016.04.14-11.02.49:568][  0]LogTemp:Display: Loaded TP Android_ATCTargetPlatform
[2016.04.14-11.02.49:571][  0]LogTemp:Display: Loaded TP Android_DXTTargetPlatform
[2016.04.14-11.02.49:573][  0]LogTemp:Display: Loaded TP Android_ETC1TargetPlatform
[2016.04.14-11.02.49:575][  0]LogTemp:Display: Loaded TP Android_ETC2TargetPlatform
[2016.04.14-11.02.49:579][  0]LogTemp:Display: Loaded TP Android_MultiTargetPlatform
[2016.04.14-11.02.49:579][  0]LogTemp:Display: Loaded TP Android_PVRTCTargetPlatform
[2016.04.14-11.02.49:580][  0]LogTemp:Display: Loaded TP HTML5TargetPlatform
[2016.04.14-11.02.49:595][  0]LogTemp:Display: Loaded TP IOSTargetPlatform
[2016.04.14-11.02.49:597][  0]LogTemp:Display: Loaded TP LinuxNoEditorTargetPlatform
[2016.04.14-11.02.49:599][  0]LogTemp:Display: Loaded TP LinuxServerTargetPlatform
[2016.04.14-11.02.49:601][  0]LogTemp:Display: Loaded TP LinuxTargetPlatform
[2016.04.14-11.02.49:601][  0]LogTargetPlatformManager:Display: Building Assets For Windows
[2016.04.14-11.02.49:662][  0]LogDerivedDataCache:Display: Max Cache Size: 512 MB
[2016.04.14-11.02.49:698][  0]LogDerivedDataCache: Loaded boot cache 0.04s 42MB C:/Users/Supr/AppData/Local/UnrealEngine/4.10/DerivedDataCache/Boot.ddc.
[2016.04.14-11.02.49:698][  0]LogDerivedDataCache:Display: Loaded Boot cache: C:/Users/Supr/AppData/Local/UnrealEngine/4.10/DerivedDataCache/Boot.ddc
[2016.04.14-11.02.49:698][  0]LogDerivedDataCache: FDerivedDataBackendGraph:  Pak pak cache file F:/_Good_Job/Unreal Projects/LD35/LD35/DerivedDataCache/DDC.ddp not found, will not use a pak cache.
[2016.04.14-11.02.49:698][  0]LogDerivedDataCache: Unable to find inner node Pak for hierarchical cache Hierarchy.
[2016.04.14-11.02.49:698][  0]LogDerivedDataCache: FDerivedDataBackendGraph:  CompressedPak pak cache file F:/_Good_Job/Unreal Projects/LD35/LD35/DerivedDataCache/Compressed.ddp not found, will not use a pak cache.
[2016.04.14-11.02.49:698][  0]LogDerivedDataCache: Unable to find inner node CompressedPak for hierarchical cache Hierarchy.
[2016.04.14-11.02.49:745][  0]LogDerivedDataCache:Display: Pak cache opened for reading ../../../Engine/DerivedDataCache/Compressed.ddp.
[2016.04.14-11.02.49:756][  0]LogDerivedDataCache: Using Local data cache path C:/Users/Supr/AppData/Local/UnrealEngine/Common/DerivedDataCache: Writable
[2016.04.14-11.02.49:910][  0]LogInit: Selected Device Profile: [Windows]
[2016.04.14-11.02.49:910][  0]LogContentStreaming: Texture pool size is 1000.000000MB
[2016.04.14-11.02.49:922][  0]LogMeshUtilities: No automatic mesh reduction module available
[2016.04.14-11.02.49:922][  0]LogMeshUtilities: No automatic mesh merging module available
[2016.04.14-11.02.50:111][  0]LogLinker:Warning: Can't find file '/Game/SkyBox/M_SkyCustom'
[2016.04.14-11.02.50:111][  0]LoadErrors: Info Failed to load /Game/SkyBox/M_SkyCustom.M_SkyCustom Referenced by Sphere
[2016.04.14-11.02.50:111][  0]LogUObjectGlobals:Warning: Failed to load '/Game/SkyBox/M_SkyCustom': Can't find file '/Game/SkyBox/M_SkyCustom'
[2016.04.14-11.02.50:111][  0]LogLinker:Warning: Can't find file for asset '/Game/SkyBox/M_SkyCustom' while loading NULL.
[2016.04.14-11.02.50:111][  0]LoadErrors: Info Failed to load /Game/SkyBox/M_SkyCustom.M_SkyCustom Referenced by Sphere
[2016.04.14-11.02.50:111][  0]LogUObjectGlobals:Warning: Failed to load '/Game/SkyBox/M_SkyCustom': Can't find file for asset '/Game/SkyBox/M_SkyCustom' while loading NULL.
[2016.04.14-11.02.50:147][  0]LogInit: WinSock: version 1.1 (2.2), MaxSocks=32767, MaxUdp=65467
[2016.04.14-11.02.50:302][  0]LogWindowsMoviePlayer: Unable to load movie: F:/_Good_Job/Unreal Projects/LD35/LD35/Content/Movies/Default_Startup.mp4
[2016.04.14-11.02.50:388][  0]SourceControl: Info Source control is disabled
[2016.04.14-11.02.50:388][  0]SourceControl: Info Source control is disabled
[2016.04.14-11.02.50:397][  0]SourceControl: Info Source control is disabled
[2016.04.14-11.02.50:536][  0]LogObj: 27937 objects as part of root set at end of initial load.
[2016.04.14-11.02.50:536][  0]LogUObjectAllocator: 5830432 out of 0 bytes used by permanent object pool.
[2016.04.14-11.02.50:582][  0]LogEngine: Initializing Engine...
[2016.04.14-11.02.50:585][  0]LogHMD: Can't find Oculus library dev build: is proper Runtime installed? Version: 0.8.0.0
[2016.04.14-11.02.50:586][  0]LogHMD: SteamVR failed to initialize.  Err: 110
[2016.04.14-11.02.50:672][  0]LogInit: XAudio2 using 'Динамики (Realtek High Definition Audio)' : 2 channels at 48 kHz using 32 bits per sample (channel mask 0x3)
[2016.04.14-11.02.50:679][  0]LogInit: FAudioDevice initialized.
[2016.04.14-11.02.50:684][  0]LogInit: Texture streaming: Enabled
[2016.04.14-11.02.50:738][  0]LogNet: Browse: /Temp/Autosaves/Game/UEDPCLD35?Name=Player
[2016.04.14-11.02.50:738][  0]LogLoad: LoadMap: /Temp/Autosaves/Game/UEDPCLD35?Name=Player
[2016.04.14-11.02.50:745][  0]LogParticles: Destroying 0 GPU particle simulations for FXSystem 0x0000000012FA5080
[2016.04.14-11.02.50:752][  0]LogMemory: Platform Memory Stats for Windows
[2016.04.14-11.02.50:752][  0]LogMemory: Process Physical Memory: 379.71 MB used, 379.98 MB peak
[2016.04.14-11.02.50:752][  0]LogMemory: Process Virtual Memory: 454.84 MB used, 454.84 MB peak
[2016.04.14-11.02.50:752][  0]LogMemory: Physical Memory: 9705.87 MB used, 12264.86 MB total
[2016.04.14-11.02.50:752][  0]LogMemory: Virtual Memory: 990.25 MB used, 8388608.00 MB total
[2016.04.14-11.02.50:752][  0]LogMemory: 
[2016.04.14-11.02.50:752][  0]Allocator Stats for TBB: (not implemented)
[2016.04.14-11.02.50:852][  0]LogAIModule: Creating AISystem for world LD35
[2016.04.14-11.02.50:853][  0]LogWorld: Game class is 'MyGameMode_C'
[2016.04.14-11.02.50:854][  0]LogWorld: Bringing World /Temp/Autosaves/Game/UEDPCLD35.LD35 up for play (max tick rate 0) at 2016.04.14-15.02.50
[2016.04.14-11.02.50:855][  0]LogWorld: Bringing up level for play took: 0.001541
[2016.04.14-11.02.50:855][  0]LogInit:Display: Game Engine Initialized.
[2016.04.14-11.02.51:074][  0]LogLoad: Full Startup: 2.84 seconds (BP compile: 0.02 seconds)
[2016.04.14-11.02.51:099][  0]LogOcInput: Can't find Oculus library dev build: is proper Runtime installed? Version: 0.8.0.0
[2016.04.14-11.02.51:208][  2]LogRenderer: Reallocating scene render targets to support 1280x720 (Frame:2).
[2016.04.14-11.03.04:034][656]Closing by request
[2016.04.14-11.03.04:034][656]LogWindows: FPlatformMisc::RequestExit(0)
[2016.04.14-11.03.04:611][657]LogExit: Preparing to exit.
[2016.04.14-11.03.04:687][657]LogExit: Game engine shut down
[2016.04.14-11.03.04:687][657]LogParticles: Destroying 0 GPU particle simulations for FXSystem 0x0000000012E636A0
[2016.04.14-11.03.04:781][657]LogExit: Object subsystem successfully closed.
[2016.04.14-11.03.04:788][657]LogD3D11RHI: Shutdown
[2016.04.14-11.03.04:788][657]LogD3D11RHI: CleanupD3DDevice
[2016.04.14-11.03.04:826][657]LogD3D11RHI: ~FD3D11DynamicRHI
[2016.04.14-11.03.04:837][657]LogModuleManager: Shutting down and abandoning module AndroidDeviceDetection (117)
[2016.04.14-11.03.05:101][657]LogModuleManager: Shutting down and abandoning module AutomationController (116)
[2016.04.14-11.03.05:101][657]LogModuleManager: Shutting down and abandoning module AutomationWorker (115)
[2016.04.14-11.03.05:101][657]LogModuleManager: Shutting down and abandoning module CharacterAI (114)
[2016.04.14-11.03.05:101][657]LogModuleManager: Shutting down and abandoning module AITestSuite (113)
[2016.04.14-11.03.05:101][657]LogModuleManager: Shutting down and abandoning module GameplayDebugger (112)
[2016.04.14-11.03.05:101][657]LogModuleManager: Shutting down and abandoning module AIModule (111)
[2016.04.14-11.03.05:101][657]LogModuleManager: Shutting down and abandoning module MovieSceneCapture (110)
[2016.04.14-11.03.05:101][657]LogModuleManager: Shutting down and abandoning module GameLiveStreaming (109)
[2016.04.14-11.03.05:101][657]LogModuleManager: Shutting down and abandoning module StreamingPauseRendering (108)
[2016.04.14-11.03.05:101][657]LogModuleManager: Shutting down and abandoning module ProfilerService (107)
[2016.04.14-11.03.05:294][657]LogModuleManager: Shutting down and abandoning module TaskGraph (106)
[2016.04.14-11.03.05:294][657]LogModuleManager: Shutting down and abandoning module SlateRemote (105)
[2016.04.14-11.03.05:294][657]LogModuleManager: Shutting down and abandoning module SteamVRController (104)
[2016.04.14-11.03.05:294][657]LogModuleManager: Shutting down and abandoning module SteamVR (103)
[2016.04.14-11.03.05:294][657]LogModuleManager: Shutting down and abandoning module ProceduralMeshComponent (102)
[2016.04.14-11.03.05:294][657]LogModuleManager: Shutting down and abandoning module OculusLibrary (101)
[2016.04.14-11.03.05:294][657]LogModuleManager: Shutting down and abandoning module OculusInput (100)
[2016.04.14-11.03.05:294][657]LogModuleManager: Shutting down and abandoning module LeapMotionController (99)
[2016.04.14-11.03.05:309][657]LogModuleManager: Shutting down and abandoning module CustomMeshComponent (98)
[2016.04.14-11.03.05:309][657]LogModuleManager: Shutting down and abandoning module CableComponent (97)
[2016.04.14-11.03.05:309][657]LogModuleManager: Shutting down and abandoning module ArchVisCharacter (96)
[2016.04.14-11.03.05:309][657]LogModuleManager: Shutting down and abandoning module HTML5Networking (95)
[2016.04.14-11.03.05:309][657]LogModuleManager: Shutting down and abandoning module DesktopPlatform (94)
[2016.04.14-11.03.05:309][657]LogModuleManager: Shutting down and abandoning module DirectoryWatcher (93)
[2016.04.14-11.03.05:309][657]LogModuleManager: Shutting down and abandoning module HotReload (92)
[2016.04.14-11.03.05:309][657]LogModuleManager: Shutting down and abandoning module VisualStudioSourceCodeAccess (91)
[2016.04.14-11.03.05:309][657]LogModuleManager: Shutting down and abandoning module UObjectPlugin (90)
[2016.04.14-11.03.05:309][657]LogModuleManager: Shutting down and abandoning module SubversionSourceControl (89)
[2016.04.14-11.03.05:309][657]LogModuleManager: Shutting down and abandoning module SourceControl (88)
[2016.04.14-11.03.05:309][657]LogModuleManager: Shutting down and abandoning module PerforceSourceControl (87)
[2016.04.14-11.03.05:309][657]LogModuleManager: Shutting down and abandoning module UdpMessaging (86)
[2016.04.14-11.03.05:309][657]LogModuleManager: Shutting down and abandoning module LightPropagationVolumeRuntime (85)
[2016.04.14-11.03.05:309][657]LogModuleManager: Shutting down and abandoning module Paper2D (84)
[2016.04.14-11.03.05:309][657]LogModuleManager: Shutting down and abandoning module WindowsMoviePlayer (83)
[2016.04.14-11.03.05:311][657]LogModuleManager: Shutting down and abandoning module Media (82)
[2016.04.14-11.03.05:311][657]LogModuleManager: Shutting down and abandoning module WmfMedia (81)
[2016.04.14-11.03.05:312][657]LogModuleManager: Shutting down and abandoning module OnlineBlueprintSupport (80)
[2016.04.14-11.03.05:312][657]LogModuleManager: Shutting down and abandoning module GameplayTasksEditor (79)
[2016.04.14-11.03.05:312][657]LogModuleManager: Shutting down and abandoning module PropertyEditor (78)
[2016.04.14-11.03.05:312][657]LogModuleManager: Shutting down and abandoning module BehaviorTreeEditor (77)
[2016.04.14-11.03.05:312][657]LogModuleManager: Shutting down and abandoning module FunctionalTesting (76)
[2016.04.14-11.03.05:312][657]LogModuleManager: Shutting down and abandoning module CollisionAnalyzer (75)
[2016.04.14-11.03.05:312][657]LogModuleManager: Shutting down and abandoning module WorkspaceMenuStructure (74)
[2016.04.14-11.03.05:312][657]LogModuleManager: Shutting down and abandoning module MessageLog (73)
[2016.04.14-11.03.05:312][657]LogModuleManager: Shutting down and abandoning module Sequencer (72)
[2016.04.14-11.03.05:312][657]LogModuleManager: Shutting down and abandoning module AssetTools (71)
[2016.04.14-11.03.05:312][657]LogModuleManager: Shutting down and abandoning module UMGEditor (70)
[2016.04.14-11.03.05:312][657]LogModuleManager: Shutting down and abandoning module UMG (69)
[2016.04.14-11.03.05:312][657]LogModuleManager: Shutting down and abandoning module Slate (68)
[2016.04.14-11.03.05:312][657]LogModuleManager: Shutting down and abandoning module EditorStyle (67)
[2016.04.14-11.03.05:314][657]LogModuleManager: Shutting down and abandoning module SessionServices (66)
[2016.04.14-11.03.05:314][657]LogModuleManager: Shutting down and abandoning module SourceCodeAccess (65)
[2016.04.14-11.03.05:314][657]LogModuleManager: Shutting down and abandoning module HeadMountedDisplay (64)
[2016.04.14-11.03.05:314][657]LogModuleManager: Shutting down and abandoning module XAudio2 (63)
[2016.04.14-11.03.05:314][657]LogModuleManager: Shutting down and abandoning module Networking (61)
[2016.04.14-11.03.05:314][657]LogModuleManager: Shutting down and abandoning module Core (60)
[2016.04.14-11.03.05:314][657]LogModuleManager: Shutting down and abandoning module KismetCompiler (59)
[2016.04.14-11.03.05:314][657]LogModuleManager: Shutting down and abandoning module PhysXFormats (58)
[2016.04.14-11.03.05:314][657]LogModuleManager: Shutting down and abandoning module MeshUtilities (57)
[2016.04.14-11.03.05:314][657]LogModuleManager: Shutting down and abandoning module DerivedDataCache (56)
[2016.04.14-11.03.05:747][657]LogDerivedDataCache: Shutdown
[2016.04.14-11.03.05:747][657]LogModuleManager: Shutting down and abandoning module ShaderFormatOpenGL (55)
[2016.04.14-11.03.05:747][657]LogModuleManager: Shutting down and abandoning module ShaderFormatD3D (54)
[2016.04.14-11.03.05:747][657]LogModuleManager: Shutting down and abandoning module MetalShaderFormat (53)
[2016.04.14-11.03.05:747][657]LogModuleManager: Shutting down and abandoning module TextureFormatUncompressed (52)
[2016.04.14-11.03.05:747][657]LogModuleManager: Shutting down and abandoning module TextureFormatPVR (51)
[2016.04.14-11.03.05:747][657]LogModuleManager: Shutting down and abandoning module TextureFormatIntelISPCTexComp (50)
[2016.04.14-11.03.05:747][657]LogModuleManager: Shutting down and abandoning module TextureFormatDXT (49)
[2016.04.14-11.03.05:747][657]LogModuleManager: Shutting down and abandoning module ImageWrapper (48)
[2016.04.14-11.03.05:747][657]LogModuleManager: Shutting down and abandoning module TextureFormatASTC (47)
[2016.04.14-11.03.05:747][657]LogModuleManager: Shutting down and abandoning module TextureFormatAndroid (46)
[2016.04.14-11.03.05:747][657]LogModuleManager: Shutting down and abandoning module AudioFormatOpus (45)
[2016.04.14-11.03.05:747][657]LogModuleManager: Shutting down and abandoning module AudioFormatOgg (44)
[2016.04.14-11.03.05:747][657]LogModuleManager: Shutting down and abandoning module AudioFormatADPCM (43)
[2016.04.14-11.03.05:747][657]LogModuleManager: Shutting down and abandoning module LinuxTargetPlatform (42)
[2016.04.14-11.03.05:747][657]LogModuleManager: Shutting down and abandoning module LinuxServerTargetPlatform (41)
[2016.04.14-11.03.05:747][657]LogModuleManager: Shutting down and abandoning module LinuxNoEditorTargetPlatform (40)
[2016.04.14-11.03.05:747][657]LogModuleManager: Shutting down and abandoning module Messaging (39)
[2016.04.14-11.03.05:747][657]LogModuleManager: Shutting down and abandoning module IOSTargetPlatform (38)
[2016.04.14-11.03.05:747][657]LogModuleManager: Shutting down and abandoning module HTML5TargetPlatform (37)
[2016.04.14-11.03.05:747][657]LogModuleManager: Shutting down and abandoning module Android_PVRTCTargetPlatform (36)
[2016.04.14-11.03.05:747][657]LogModuleManager: Shutting down and abandoning module Android_MultiTargetPlatform (35)
[2016.04.14-11.03.05:747][657]LogModuleManager: Shutting down and abandoning module Android_ETC2TargetPlatform (34)
[2016.04.14-11.03.05:747][657]LogModuleManager: Shutting down and abandoning module Android_ETC1TargetPlatform (33)
[2016.04.14-11.03.05:747][657]LogModuleManager: Shutting down and abandoning module Android_DXTTargetPlatform (32)
[2016.04.14-11.03.05:747][657]LogModuleManager: Shutting down and abandoning module Android_ATCTargetPlatform (31)
[2016.04.14-11.03.05:747][657]LogModuleManager: Shutting down and abandoning module Android_ASTCTargetPlatform (30)
[2016.04.14-11.03.05:747][657]LogModuleManager: Shutting down and abandoning module AndroidTargetPlatform (29)
[2016.04.14-11.03.05:747][657]LogModuleManager: Shutting down and abandoning module WindowsTargetPlatform (28)
[2016.04.14-11.03.05:747][657]LogModuleManager: Shutting down and abandoning module WindowsServerTargetPlatform (27)
[2016.04.14-11.03.05:747][657]LogModuleManager: Shutting down and abandoning module WindowsNoEditorTargetPlatform (26)
[2016.04.14-11.03.05:747][657]LogModuleManager: Shutting down and abandoning module WindowsClientTargetPlatform (25)
[2016.04.14-11.03.05:747][657]LogModuleManager: Shutting down and abandoning module AllDesktopTargetPlatform (24)
[2016.04.14-11.03.05:747][657]LogModuleManager: Shutting down and abandoning module TargetPlatform (23)
[2016.04.14-11.03.05:747][657]LogModuleManager: Shutting down and abandoning module InputCore (22)
[2016.04.14-11.03.05:747][657]LogModuleManager: Shutting down and abandoning module Settings (21)
[2016.04.14-11.03.05:747][657]LogModuleManager: Shutting down and abandoning module OnlineSubsystem (19)
[2016.04.14-11.03.05:747][657]LogModuleManager: Shutting down and abandoning module HTTP (18)
[2016.04.14-11.03.05:747][657]LogModuleManager: Shutting down and abandoning module XMPP (17)
[2016.04.14-11.03.05:748][657]LogModuleManager: Shutting down and abandoning module OculusRift (16)
[2016.04.14-11.03.05:748][657]LogModuleManager: Shutting down and abandoning module ExampleDeviceProfileSelector (15)
[2016.04.14-11.03.05:748][657]LogModuleManager: Shutting down and abandoning module TextureCompressor (14)
[2016.04.14-11.03.05:748][657]LogModuleManager: Shutting down and abandoning module ShaderCore (13)
[2016.04.14-11.03.05:748][657]LogModuleManager: Shutting down and abandoning module Landscape (12)
[2016.04.14-11.03.05:748][657]LogModuleManager: Shutting down and abandoning module SlateRHIRenderer (11)
[2016.04.14-11.03.05:748][657]LogModuleManager: Shutting down and abandoning module OpenGLDrv (10)
[2016.04.14-11.03.05:748][657]LogModuleManager: Shutting down and abandoning module D3D11RHI (9)
[2016.04.14-11.03.05:748][657]LogModuleManager: Shutting down and abandoning module AnimGraphRuntime (8)
[2016.04.14-11.03.05:748][657]LogModuleManager: Shutting down and abandoning module Renderer (7)
[2016.04.14-11.03.05:748][657]LogModuleManager: Shutting down and abandoning module Engine (6)
[2016.04.14-11.03.05:748][657]LogModuleManager: Shutting down and abandoning module CoreUObject (5)
[2016.04.14-11.03.05:748][657]LogModuleManager: Shutting down and abandoning module NetworkFile (4)
[2016.04.14-11.03.05:748][657]LogModuleManager: Shutting down and abandoning module StreamingFile (3)
[2016.04.14-11.03.05:748][657]LogModuleManager: Shutting down and abandoning module SandboxFile (2)
[2016.04.14-11.03.05:748][657]LogModuleManager: Shutting down and abandoning module PakFile (1)
[2016.04.14-11.03.05:748][657]LogExit: Exiting.
[2016.04.14-11.03.05:749][657]Log file closed, 04/14/16 15:03:05
