[2016.04.14-08.55.50:559][  0]Log file open, 04/14/16 12:55:50
[2016.04.14-08.55.50:559][  0]LogInit:Display: Running engine for game: LD35
[2016.04.14-08.55.50:559][  0]LogPlatformFile: Not using cached read wrapper
[2016.04.14-08.55.50:559][  0]LogInit:Display: RandInit(-665111470) SRandInit(-665111468).
[2016.04.14-08.55.50:559][  0]LogTaskGraph: Started task graph with 4 named threads and 7 total threads.
[2016.04.14-08.55.50:559][  0]LogStats: Stats thread started at 0.061979
[2016.04.14-08.55.50:559][  0]LogInit: Version: 4.10.2-2818068+++depot+UE4-Releases+4.10
[2016.04.14-08.55.50:559][  0]LogInit: API Version: 2758231
[2016.04.14-08.55.50:559][  0]LogInit: Compiled (64-bit): Jan  6 2016 17:36:42
[2016.04.14-08.55.50:559][  0]LogInit: Compiled with Visual C++: 19.00.23026.00
[2016.04.14-08.55.50:559][  0]LogInit: Build Configuration: Development
[2016.04.14-08.55.50:559][  0]LogInit: Branch Name: ++depot+UE4-Releases+4.10
[2016.04.14-08.55.50:559][  0]LogInit: Command line:  
[2016.04.14-08.55.50:559][  0]LogInit: Base directory: C:/Program Files/Epic Games/4.10/Engine/Binaries/Win64/
[2016.04.14-08.55.50:559][  0]LogInit: Rocket: 1
[2016.04.14-08.55.50:563][  0]LogInit: Using libcurl 7.41.0
[2016.04.14-08.55.50:563][  0]LogInit:  - built for x86_64-pc-win32
[2016.04.14-08.55.50:563][  0]LogInit:  - supports SSL with WinSSL
[2016.04.14-08.55.50:563][  0]LogInit:  - other features:
[2016.04.14-08.55.50:563][  0]LogInit:      CURL_VERSION_SSL
[2016.04.14-08.55.50:563][  0]LogInit:      CURL_VERSION_IPV6
[2016.04.14-08.55.50:563][  0]LogInit:      CURL_VERSION_ASYNCHDNS
[2016.04.14-08.55.50:563][  0]LogInit:      CURL_VERSION_LARGEFILE
[2016.04.14-08.55.50:563][  0]LogInit:      CURL_VERSION_IDN
[2016.04.14-08.55.50:563][  0]LogInit:  CurlRequestOptions (configurable via config and command line):
[2016.04.14-08.55.50:563][  0]LogInit:  - bVerifyPeer = true  - Libcurl will verify peer certificate
[2016.04.14-08.55.50:563][  0]LogInit:  - bUseHttpProxy = false  - Libcurl will NOT use HTTP proxy
[2016.04.14-08.55.50:563][  0]LogInit:  - bDontReuseConnections = false  - Libcurl will reuse connections
[2016.04.14-08.55.50:563][  0]LogInit:  - CertBundlePath = nullptr  - Libcurl will use whatever was configured at build time.
[2016.04.14-08.55.50:568][  0]LogInit: Presizing for 0 objects not considered by GC, pre-allocating 0 bytes.
[2016.04.14-08.55.50:574][  0]LogInit: Object subsystem initialized
[2016.04.14-08.55.50:574][  0]LogInit: Selected Device Profile: [Windows]
[2016.04.14-08.55.50:574][  0]LogInit: Applying CVar settings loaded from the selected device profile: [Windows]
[2016.04.14-08.55.50:579][  0]LogInit: Computer: MEGATRON
[2016.04.14-08.55.50:579][  0]LogInit: User: Supr
[2016.04.14-08.55.50:579][  0]LogInit: CPU Page size=4096, Cores=4
[2016.04.14-08.55.50:579][  0]LogInit: High frequency timer resolution =3.320410 MHz
[2016.04.14-08.55.50:580][  0]LogMemory: Memory total: Physical=12.0GB (12GB approx)
[2016.04.14-08.55.50:580][  0]LogMemory: Platform Memory Stats for Windows
[2016.04.14-08.55.50:580][  0]LogMemory: Process Physical Memory: 56.80 MB used, 56.80 MB peak
[2016.04.14-08.55.50:580][  0]LogMemory: Process Virtual Memory: 58.69 MB used, 58.69 MB peak
[2016.04.14-08.55.50:580][  0]LogMemory: Physical Memory: 7308.23 MB used, 12264.86 MB total
[2016.04.14-08.55.50:580][  0]LogMemory: Virtual Memory: 352.88 MB used, 8388608.00 MB total
[2016.04.14-08.55.50:617][  0]LogTextLocalizationManager: No translations for ('ru-RU') exist, falling back to 'en' for localization and internationalization data.
[2016.04.14-08.55.50:941][  0]LogD3D11RHI: Found D3D11 adapter 0: NVIDIA Quadro 4000 (Feature Level 11_0)
[2016.04.14-08.55.50:941][  0]LogD3D11RHI: Adapter has 1999MB of dedicated video memory, 0MB of dedicated system memory, and 5876MB of shared system memory, 1 output[s]
[2016.04.14-08.55.50:941][  0]LogD3D11RHI: Chosen D3D11 Adapter Id = 0
[2016.04.14-08.55.50:949][  0]LogD3D11RHI: !Direct3DDevice
[2016.04.14-08.55.50:949][  0]LogRHI: Texture pool is 1361 MB (70% of 1945 MB)
[2016.04.14-08.55.50:957][  0]LogD3D11RHI: Async texture creation enabled
[2016.04.14-08.55.50:971][  0]LogShaderCompilers: Guid format shader working directory is 7 characters bigger than the processId version (F:/_Good_Job/Unreal Projects/LD35/LD35/Intermediate/Shaders/WorkingDirectory/9404/).
[2016.04.14-08.55.50:971][  0]LogShaderCompilers: Cleaned the shader compiler working directory 'C:/Users/Supr/AppData/Local/Temp/UnrealShaderWorkingDir/D75BC03B47720DEB3C8921AA26D0C246/'.
[2016.04.14-08.55.50:971][  0]LogShaderCompilers:Display: Using Local Shader Compiler.
[2016.04.14-08.55.51:723][  0]LogTemp:Display: Loaded TP AllDesktopTargetPlatform
[2016.04.14-08.55.51:727][  0]LogTemp:Display: Loaded TP WindowsClientTargetPlatform
[2016.04.14-08.55.51:730][  0]LogTemp:Display: Loaded TP WindowsNoEditorTargetPlatform
[2016.04.14-08.55.51:733][  0]LogTemp:Display: Loaded TP WindowsServerTargetPlatform
[2016.04.14-08.55.51:736][  0]LogTemp:Display: Loaded TP WindowsTargetPlatform
[2016.04.14-08.55.51:739][  0]LogTemp:Display: Loaded TP AndroidTargetPlatform
[2016.04.14-08.55.51:741][  0]LogTemp:Display: Loaded TP Android_ASTCTargetPlatform
[2016.04.14-08.55.51:743][  0]LogTemp:Display: Loaded TP Android_ATCTargetPlatform
[2016.04.14-08.55.51:745][  0]LogTemp:Display: Loaded TP Android_DXTTargetPlatform
[2016.04.14-08.55.51:747][  0]LogTemp:Display: Loaded TP Android_ETC1TargetPlatform
[2016.04.14-08.55.51:750][  0]LogTemp:Display: Loaded TP Android_ETC2TargetPlatform
[2016.04.14-08.55.51:754][  0]LogTemp:Display: Loaded TP Android_MultiTargetPlatform
[2016.04.14-08.55.51:754][  0]LogTemp:Display: Loaded TP Android_PVRTCTargetPlatform
[2016.04.14-08.55.51:755][  0]LogTemp:Display: Loaded TP HTML5TargetPlatform
[2016.04.14-08.55.51:769][  0]LogTemp:Display: Loaded TP IOSTargetPlatform
[2016.04.14-08.55.51:771][  0]LogTemp:Display: Loaded TP LinuxNoEditorTargetPlatform
[2016.04.14-08.55.51:773][  0]LogTemp:Display: Loaded TP LinuxServerTargetPlatform
[2016.04.14-08.55.51:775][  0]LogTemp:Display: Loaded TP LinuxTargetPlatform
[2016.04.14-08.55.51:775][  0]LogTargetPlatformManager:Display: Building Assets For Windows
[2016.04.14-08.55.51:836][  0]LogDerivedDataCache:Display: Max Cache Size: 512 MB
[2016.04.14-08.55.51:871][  0]LogDerivedDataCache: Loaded boot cache 0.03s 42MB C:/Users/Supr/AppData/Local/UnrealEngine/4.10/DerivedDataCache/Boot.ddc.
[2016.04.14-08.55.51:871][  0]LogDerivedDataCache:Display: Loaded Boot cache: C:/Users/Supr/AppData/Local/UnrealEngine/4.10/DerivedDataCache/Boot.ddc
[2016.04.14-08.55.51:871][  0]LogDerivedDataCache: FDerivedDataBackendGraph:  Pak pak cache file F:/_Good_Job/Unreal Projects/LD35/LD35/DerivedDataCache/DDC.ddp not found, will not use a pak cache.
[2016.04.14-08.55.51:871][  0]LogDerivedDataCache: Unable to find inner node Pak for hierarchical cache Hierarchy.
[2016.04.14-08.55.51:871][  0]LogDerivedDataCache: FDerivedDataBackendGraph:  CompressedPak pak cache file F:/_Good_Job/Unreal Projects/LD35/LD35/DerivedDataCache/Compressed.ddp not found, will not use a pak cache.
[2016.04.14-08.55.51:871][  0]LogDerivedDataCache: Unable to find inner node CompressedPak for hierarchical cache Hierarchy.
[2016.04.14-08.55.51:918][  0]LogDerivedDataCache:Display: Pak cache opened for reading ../../../Engine/DerivedDataCache/Compressed.ddp.
[2016.04.14-08.55.51:929][  0]LogDerivedDataCache: Using Local data cache path C:/Users/Supr/AppData/Local/UnrealEngine/Common/DerivedDataCache: Writable
[2016.04.14-08.55.52:077][  0]LogInit: Selected Device Profile: [Windows]
[2016.04.14-08.55.52:077][  0]LogContentStreaming: Texture pool size is 0.000000MB
[2016.04.14-08.55.52:106][  0]LogMeshUtilities: No automatic mesh reduction module available
[2016.04.14-08.55.52:106][  0]LogMeshUtilities: No automatic mesh merging module available
[2016.04.14-08.55.52:325][  0]LogLinker:Warning: Can't find file '/Game/SkyBox/M_SkyCustom'
[2016.04.14-08.55.52:325][  0]LogLinker:Warning: Can't find file for asset '/Game/SkyBox/M_SkyCustom' while loading ../../../Engine/Content/EngineMeshes/Sphere.uasset.
[2016.04.14-08.55.52:326][  0]LoadErrors:Error: Error /Engine/EngineMeshes/Sphere : Can't find file for asset. /Game/SkyBox/M_SkyCustom
[2016.04.14-08.55.52:326][  0]LogLinker:Warning: Can't find file '/Game/SkyBox/M_SkyCustom'
[2016.04.14-08.55.52:326][  0]LogLinker:Warning: Can't find file for asset '/Game/SkyBox/M_SkyCustom' while loading ../../../Engine/Content/EngineMeshes/Sphere.uasset.
[2016.04.14-08.55.52:326][  0]LoadErrors:Error: Error /Engine/EngineMeshes/Sphere : Can't find file for asset. /Game/SkyBox/M_SkyCustom
[2016.04.14-08.55.52:326][  0]LogLinker:Warning: Can't find file '/Game/SkyBox/M_SkyCustom'
[2016.04.14-08.55.52:326][  0]LoadErrors: Info Failed to load /Game/SkyBox/M_SkyCustom.M_SkyCustom Referenced by Sphere
[2016.04.14-08.55.52:326][  0]LogLinker:Warning: Can't find file for asset '/Game/SkyBox/M_SkyCustom' while loading NULL.
[2016.04.14-08.55.52:326][  0]LoadErrors: Info Failed to load /Game/SkyBox/M_SkyCustom.M_SkyCustom Referenced by Sphere
[2016.04.14-08.55.52:368][  0]LogInit: WinSock: version 1.1 (2.2), MaxSocks=32767, MaxUdp=65467
[2016.04.14-08.55.53:107][  0]UdpMessaging: Initializing bridge on interface 0.0.0.0:0 to multicast group 230.0.0.1:6666.
[2016.04.14-08.55.53:195][  0]LogAssetRegistry: FAssetRegistry took 0.0102 seconds to start up
[2016.04.14-08.55.53:321][  0]SourceControl: Info Source control is disabled
[2016.04.14-08.55.53:338][  0]SourceControl: Info Source control is disabled
[2016.04.14-08.55.53:347][  0]SourceControl: Info Source control is disabled
[2016.04.14-08.55.53:356][  0]SourceControl: Info Source control is disabled
[2016.04.14-08.55.53:558][  0]LogObj: 28635 objects as part of root set at end of initial load.
[2016.04.14-08.55.53:558][  0]LogUObjectAllocator: 6100120 out of 0 bytes used by permanent object pool.
[2016.04.14-08.55.53:602][  0]LogEngine: Initializing Engine...
[2016.04.14-08.55.53:606][  0]LogHMD: Can't find Oculus library dev build: is proper Runtime installed? Version: 0.8.0.0
[2016.04.14-08.55.53:606][  0]LogHMD: SteamVR failed to initialize.  Err: 110
[2016.04.14-08.55.53:698][  0]LogAIModule: Creating AISystem for world NewWorld
[2016.04.14-08.55.53:704][  0]LogInit: XAudio2 using 'Динамики (Realtek High Definition Audio)' : 2 channels at 48 kHz using 32 bits per sample (channel mask 0x3)
[2016.04.14-08.55.53:711][  0]LogInit: FAudioDevice initialized.
[2016.04.14-08.55.53:728][  0]LogDerivedDataCache: Saved boot cache 0.02s 41MB C:/Users/Supr/AppData/Local/UnrealEngine/4.10/DerivedDataCache/Boot.ddc.
[2016.04.14-08.55.53:732][  0]LogInit: Texture streaming: Enabled
[2016.04.14-08.55.53:736][  0]LogAnalytics: Creating configured Analytics provider AnalyticsET
[2016.04.14-08.55.53:736][  0]LogAnalytics: [UEEditor.Rocket.Release] APIServer = http://et2.epicgames.com/ET2/. AppVersion = 4.10.2-2818068+++depot+UE4-Releases+4.10
[2016.04.14-08.55.53:736][  0]LogAnalytics: [UEEditor.Rocket.Release] SetUserId 2603a47d4a20b96fefa063b29d8033c7|e55af7e451744c999a4762e2fdd1f9fe|0890e980-5389-4143-bb97-cee61de94ec7
[2016.04.14-08.55.53:736][  0]LogAnalytics: [UEEditor.Rocket.Release] AnalyticsET::StartSession
[2016.04.14-08.55.53:745][  0]LogInit: Transaction tracking system initialized
[2016.04.14-08.55.53:761][  0]BlueprintLog: New page: Editor Load
[2016.04.14-08.55.53:810][  0]LocalizationService: Info Localization service is disabled
[2016.04.14-08.55.53:878][  0]LogConsoleResponse:Display: 
[2016.04.14-08.55.53:965][  0]LogCook:Display: Done creating registry. It took  0.00s.
[2016.04.14-08.55.54:006][  0]LogFileCache: Scanning file cache for directory 'F:/_Good_Job/Unreal Projects/LD35/LD35/Content/' took 0.01s
[2016.04.14-08.55.54:006][  0]SourceControl: Info Source control is disabled
[2016.04.14-08.55.54:006][  0]Cmd: MAP LOAD FILE="F:/_Good_Job/Unreal Projects/LD35/LD35/Content/LD35.umap" TEMPLATE=0 SHOWPROGRESS=1 FEATURELEVEL=3
[2016.04.14-08.55.54:006][  0]LightingResults: New page: Lighting Build
[2016.04.14-08.55.54:008][  0]MapCheck: New page: Map Check
[2016.04.14-08.55.54:008][  0]LightingResults: New page: Lighting Build
[2016.04.14-08.55.54:016][  0]LogParticles: Destroying 0 GPU particle simulations for FXSystem 0x0000000020CA6AC0
[2016.04.14-08.55.54:097][  0]LogLinker:Warning: Can't find file '/Game/SkyBox/M_SkyCustom'
[2016.04.14-08.55.54:097][  0]LogLinker:Warning: Can't find file for asset '/Game/SkyBox/M_SkyCustom' while loading ../../../Engine/Content/EngineSky/BP_Sky_Sphere.uasset.
[2016.04.14-08.55.54:097][  0]LoadErrors:Error: Error /Engine/EngineSky/BP_Sky_Sphere : Can't find file for asset. /Game/SkyBox/M_SkyCustom
[2016.04.14-08.55.54:098][  0]LogLinker:Warning: Can't find file '/Game/SkyBox/M_SkyCustom'
[2016.04.14-08.55.54:098][  0]LogLinker:Warning: Can't find file for asset '/Game/SkyBox/M_SkyCustom' while loading ../../../Engine/Content/EngineSky/BP_Sky_Sphere.uasset.
[2016.04.14-08.55.54:098][  0]LoadErrors:Error: Error /Engine/EngineSky/BP_Sky_Sphere : Can't find file for asset. /Game/SkyBox/M_SkyCustom
[2016.04.14-08.55.54:098][  0]LogLinker:Warning: Can't find file '/Game/SkyBox/Mesh_SkySphere'
[2016.04.14-08.55.54:098][  0]LogLinker:Warning: Can't find file for asset '/Game/SkyBox/Mesh_SkySphere' while loading ../../../Engine/Content/EngineSky/BP_Sky_Sphere.uasset.
[2016.04.14-08.55.54:098][  0]LoadErrors:Error: Error /Engine/EngineSky/BP_Sky_Sphere : Can't find file for asset. /Game/SkyBox/Mesh_SkySphere
[2016.04.14-08.55.54:098][  0]LogLinker:Warning: Can't find file '/Game/SkyBox/Mesh_SkySphere'
[2016.04.14-08.55.54:098][  0]LogLinker:Warning: Can't find file for asset '/Game/SkyBox/Mesh_SkySphere' while loading ../../../Engine/Content/EngineSky/BP_Sky_Sphere.uasset.
[2016.04.14-08.55.54:099][  0]LoadErrors:Error: Error /Engine/EngineSky/BP_Sky_Sphere : Can't find file for asset. /Game/SkyBox/Mesh_SkySphere
[2016.04.14-08.55.54:101][  0]LogLinker:Warning: Can't find file '/Game/SkyBox/M_SkyCustom'
[2016.04.14-08.55.54:101][  0]LogLinker:Warning: Can't find file for asset '/Game/SkyBox/M_SkyCustom' while loading F:/_Good_Job/Unreal Projects/LD35/LD35/Content/LD35.umap.
[2016.04.14-08.55.54:101][  0]LoadErrors:Error: Error /Game/LD35 : Can't find file for asset. /Game/SkyBox/M_SkyCustom
[2016.04.14-08.55.54:101][  0]LogLinker:Warning: Can't find file '/Game/SkyBox/M_SkyCustom'
[2016.04.14-08.55.54:101][  0]LogLinker:Warning: Can't find file for asset '/Game/SkyBox/M_SkyCustom' while loading F:/_Good_Job/Unreal Projects/LD35/LD35/Content/LD35.umap.
[2016.04.14-08.55.54:101][  0]LoadErrors:Error: Error /Game/LD35 : Can't find file for asset. /Game/SkyBox/M_SkyCustom
[2016.04.14-08.55.54:101][  0]LogLinker:Warning: Can't find file '/Game/SkyBox/Mesh_SkySphere'
[2016.04.14-08.55.54:102][  0]LogLinker:Warning: Can't find file for asset '/Game/SkyBox/Mesh_SkySphere' while loading F:/_Good_Job/Unreal Projects/LD35/LD35/Content/LD35.umap.
[2016.04.14-08.55.54:102][  0]LoadErrors:Error: Error /Game/LD35 : Can't find file for asset. /Game/SkyBox/Mesh_SkySphere
[2016.04.14-08.55.54:102][  0]LogLinker:Warning: Can't find file '/Game/SkyBox/Mesh_SkySphere'
[2016.04.14-08.55.54:102][  0]LogLinker:Warning: Can't find file for asset '/Game/SkyBox/Mesh_SkySphere' while loading F:/_Good_Job/Unreal Projects/LD35/LD35/Content/LD35.umap.
[2016.04.14-08.55.54:102][  0]LoadErrors:Error: Error /Game/LD35 : Can't find file for asset. /Game/SkyBox/Mesh_SkySphere
[2016.04.14-08.55.54:130][  0]LogLinker:Warning: Can't find file '/Game/SkyBox/Mesh_SkySphere'
[2016.04.14-08.55.54:130][  0]LoadErrors: Info Failed to load /Game/SkyBox/Mesh_SkySphere.Mesh_SkySphere Referenced by StaticMeshComponent_12
[2016.04.14-08.55.54:130][  0]LogLinker:Warning: Can't find file for asset '/Game/SkyBox/Mesh_SkySphere' while loading F:/_Good_Job/Unreal Projects/LD35/LD35/Content/LD35.umap.
[2016.04.14-08.55.54:130][  0]LoadErrors: Info Failed to load /Game/SkyBox/Mesh_SkySphere.Mesh_SkySphere Referenced by StaticMeshComponent_12
[2016.04.14-08.55.54:130][  0]LoadErrors:Error: Error /Game/LD35 : Can't find file for asset. /Game/SkyBox/Mesh_SkySphere
[2016.04.14-08.55.54:130][  0]LogLinker:Warning: Can't find file '/Game/SkyBox/M_SkyCustom'
[2016.04.14-08.55.54:130][  0]LoadErrors: Info Failed to load /Game/SkyBox/M_SkyCustom.M_SkyCustom Referenced by StaticMeshComponent_12
[2016.04.14-08.55.54:130][  0]LogLinker:Warning: Can't find file for asset '/Game/SkyBox/M_SkyCustom' while loading F:/_Good_Job/Unreal Projects/LD35/LD35/Content/LD35.umap.
[2016.04.14-08.55.54:130][  0]LoadErrors: Info Failed to load /Game/SkyBox/M_SkyCustom.M_SkyCustom Referenced by StaticMeshComponent_12
[2016.04.14-08.55.54:130][  0]LoadErrors:Error: Error /Game/LD35 : Can't find file for asset. /Game/SkyBox/M_SkyCustom
[2016.04.14-08.55.54:211][  0]LogWmfMedia:Error: Failed to create source object from URL for F:/_Good_Job/Unreal Projects/LD35/LD35/Content/Video/ld35keynote.wmv
[2016.04.14-08.55.54:280][  0]LogAIModule: Creating AISystem for world LD35
[2016.04.14-08.55.54:285][  0]LogEditorServer: Finished looking for orphan Actors (0.000 secs)
[2016.04.14-08.55.54:285][  0]Cmd: MAP CHECKDEP NOCLEARLOG
[2016.04.14-08.55.54:331][  0]MapCheck: Info Map check complete: 0 Error(s), 0 Warning(s), took 45.605ms to complete.
[2016.04.14-08.55.54:331][  0]LogFileHelpers: Loading map 'LD35' took 0.325
[2016.04.14-08.55.54:429][  0]LogCollectionManager: Loaded 0 collections in 0.001240 seconds
[2016.04.14-08.55.54:464][  0]LogFileCache: Scanning file cache for directory 'F:/_Good_Job/Unreal Projects/LD35/LD35/Saved/Collections/' took 0.01s
[2016.04.14-08.55.54:464][  0]LogFileCache: Scanning file cache for directory 'F:/_Good_Job/Unreal Projects/LD35/LD35/Content/Developers/Supr/Collections/' took 0.01s
[2016.04.14-08.55.54:464][  0]LogFileCache: Scanning file cache for directory 'F:/_Good_Job/Unreal Projects/LD35/LD35/Content/Collections/' took 0.01s
[2016.04.14-08.55.54:464][  0]LogCollectionManager: Rebuilt the GUID cache for 0 collections in 0.000002 seconds
[2016.04.14-08.55.54:470][  0]LogContentBrowser: Native class hierarchy populated in 0.0062 seconds. Added 1893 classes and 338 folders.
[2016.04.14-08.55.54:474][  0]LogContentBrowser: Native class hierarchy updated for 'WidgetCarousel' in 0.0003 seconds. Added 0 classes and 0 folders.
[2016.04.14-08.55.54:526][  0]LogContentBrowser: Native class hierarchy updated for 'AddContentDialog' in 0.0003 seconds. Added 0 classes and 0 folders.
[2016.04.14-08.55.54:534][  0]LogContentBrowser: Native class hierarchy updated for 'SceneOutliner' in 0.0003 seconds. Added 1 classes and 2 folders.
[2016.04.14-08.55.54:569][  0]LogCrashTracker: Crashtracker disabled due to settings.
[2016.04.14-08.55.54:572][  0]LogUObjectGlobals:Warning: Failed to find object 'Class None.'
[2016.04.14-08.55.54:593][  0]LogLoad: Full Startup: 4.40 seconds (BP compile: 0.05 seconds)
[2016.04.14-08.55.54:613][  0]LogOcInput: Can't find Oculus library dev build: is proper Runtime installed? Version: 0.8.0.0
[2016.04.14-08.55.54:692][  0]LogContentStreaming: Texture pool size now 700 MB
[2016.04.14-08.55.54:801][  0]LogRenderer: Reallocating scene render targets to support 1396x808 (Frame:2).
[2016.04.14-08.55.55:057][  3]LogAssetRegistry: Asset discovery search completed in 1.8728 seconds
[2016.04.14-08.55.55:057][  3]LogCollectionManager: Rebuilt the object cache for 0 collections in 0.000001 seconds (found 0 objects)
[2016.04.14-08.55.55:057][  3]LogCollectionManager: Fixed up redirectors for 0 collections in 0.000026 seconds (updated 0 objects)
[2016.04.14-08.55.57:647][ 88]AssetReimport: New page: Outstanding source content changes 4:55:57 PM
[2016.04.14-08.56.00:970][358]AssetReimport: New page: Outstanding source content changes 4:56:00 PM
[2016.04.14-08.56.00:970][358]LogFactory: FactoryCreateBinary: MediaPlayer with MediaPlayerFactory (0 0 F:/_Good_Job/Unreal Projects/LD35/LD35/Content/Video/ld34keynote.wmv)
[2016.04.14-08.56.01:309][359]Cmd: OBJ SAVEPACKAGE PACKAGE="/Game/Video/ld34keynote" FILE="F:/_Good_Job/Unreal Projects/LD35/LD35/Content/Video/ld34keynote.uasset" SILENT=true
[2016.04.14-08.56.01:320][359]LogSavePackage: Save=0.971868ms
[2016.04.14-08.56.01:320][359]LogSavePackage: Moving 'F:/_Good_Job/Unreal Projects/LD35/LD35/Saved/ld34keynote6ACFC97E42AEED65D1CC89BFD8DC05A2.tmp' to 'F:/_Good_Job/Unreal Projects/LD35/LD35/Content/Video/ld34keynote.uasset'
[2016.04.14-08.56.01:321][359]LogSavePackage: Total save time: 11.869017ms
[2016.04.14-08.56.01:321][359]LogSavePackage:Display: Finished SavePackage F:/_Good_Job/Unreal Projects/LD35/LD35/Content/Video/ld34keynote.uasset
[2016.04.14-08.56.04:438][711]AssetReimport: Info Importing new asset /Game/Video/ld34keynote.
[2016.04.14-08.56.04:555][720]LogLinker:Warning: Asset '../../../Engine/Content/ArtTools/RenderToTexture/Macros/RenderToTextureMacros.uasset' has been saved with empty engine version. The asset will be loaded but may be incompatible.
[2016.04.14-08.56.04:893][720]LogContentBrowser: Native class hierarchy updated for 'BlueprintGraph' in 0.0006 seconds. Added 107 classes and 0 folders.
[2016.04.14-08.56.05:160][720]LogFileCache: Retrieving MD5 hashes for directory 'F:/_Good_Job/Unreal Projects/LD35/LD35/Content/' took 10.53s
[2016.04.14-08.56.19:189][273]AssetReimport: New page: Outstanding source content changes 4:56:19 PM
[2016.04.14-08.56.22:841][343]AssetReimport: New page: Outstanding source content changes 4:56:22 PM
[2016.04.14-08.56.25:850][676]AssetReimport:Warning: Warning Can't create a new asset at /Game/Video/ld35keynote - one already exists.
[2016.04.14-08.56.44:318][ 90]Cmd: QUIT_EDITOR
[2016.04.14-08.56.44:424][ 90]LogExit: Preparing to exit.
[2016.04.14-08.56.45:243][ 90]LogExit: Editor shut down
[2016.04.14-08.56.45:243][ 90]LogExit: Transaction tracking system shut down
[2016.04.14-08.56.45:245][ 90]LogParticles: Destroying 0 GPU particle simulations for FXSystem 0x000000000FD18F40
[2016.04.14-08.56.45:245][ 90]LogParticles: Destroying 0 GPU particle simulations for FXSystem 0x0000000035F87880
[2016.04.14-08.56.45:245][ 90]LogParticles: Destroying 0 GPU particle simulations for FXSystem 0x00000000123356C0
[2016.04.14-08.56.45:245][ 90]LogParticles: Destroying 0 GPU particle simulations for FXSystem 0x000000003B2E2A20
[2016.04.14-08.56.45:245][ 90]LogParticles: Destroying 0 GPU particle simulations for FXSystem 0x000000003B2E2840
[2016.04.14-08.56.45:245][ 90]LogParticles: Destroying 0 GPU particle simulations for FXSystem 0x0000000034911300
[2016.04.14-08.56.45:394][ 90]LogExit: Object subsystem successfully closed.
[2016.04.14-08.56.45:401][ 90]LogD3D11RHI: Shutdown
[2016.04.14-08.56.45:401][ 90]LogD3D11RHI: CleanupD3DDevice
[2016.04.14-08.56.45:438][ 90]LogD3D11RHI: ~FD3D11DynamicRHI
[2016.04.14-08.56.45:455][ 90]LogModuleManager: Shutting down and abandoning module BlueprintGraph (200)
[2016.04.14-08.56.45:455][ 90]LogModuleManager: Shutting down and abandoning module CookingStats (199)
[2016.04.14-08.56.45:455][ 90]LogModuleManager: Shutting down and abandoning module CrashTracker (198)
[2016.04.14-08.56.45:455][ 90]LogModuleManager: Shutting down and abandoning module SceneOutliner (197)
[2016.04.14-08.56.45:455][ 90]LogModuleManager: Shutting down and abandoning module SuperSearch (196)
[2016.04.14-08.56.45:455][ 90]LogModuleManager: Shutting down and abandoning module WidgetCarousel (195)
[2016.04.14-08.56.45:455][ 90]LogModuleManager: Shutting down and abandoning module AddContentDialog (194)
[2016.04.14-08.56.45:456][ 90]LogModuleManager: Shutting down and abandoning module EditorWidgets (193)
[2016.04.14-08.56.45:456][ 90]LogModuleManager: Shutting down and abandoning module CollectionManager (192)
[2016.04.14-08.56.45:456][ 90]LogModuleManager: Shutting down and abandoning module StatsViewer (191)
[2016.04.14-08.56.45:456][ 90]LogModuleManager: Shutting down and abandoning module FoliageEdit (190)
[2016.04.14-08.56.45:456][ 90]LogModuleManager: Shutting down and abandoning module LandscapeEditor (189)
[2016.04.14-08.56.45:456][ 90]LogModuleManager: Shutting down and abandoning module ActorPickerMode (188)
[2016.04.14-08.56.45:456][ 90]LogModuleManager: Shutting down and abandoning module GeometryMode (187)
[2016.04.14-08.56.45:456][ 90]LogModuleManager: Shutting down and abandoning module TextureAlignMode (186)
[2016.04.14-08.56.45:456][ 90]LogModuleManager: Shutting down and abandoning module BspMode (185)
[2016.04.14-08.56.45:456][ 90]LogModuleManager: Shutting down and abandoning module PlacementMode (184)
[2016.04.14-08.56.45:456][ 90]LogModuleManager: Shutting down and abandoning module AutomationWorker (183)
[2016.04.14-08.56.45:456][ 90]LogModuleManager: Shutting down and abandoning module CharacterAI (182)
[2016.04.14-08.56.45:456][ 90]LogModuleManager: Shutting down and abandoning module SmartSnapping (181)
[2016.04.14-08.56.45:456][ 90]LogModuleManager: Shutting down and abandoning module ViewportSnapping (180)
[2016.04.14-08.56.45:456][ 90]LogModuleManager: Shutting down and abandoning module LogVisualizer (179)
[2016.04.14-08.56.45:456][ 90]LogModuleManager: Shutting down and abandoning module GameProjectGeneration (178)
[2016.04.14-08.56.45:456][ 90]LogModuleManager: Shutting down and abandoning module IntroTutorials (177)
[2016.04.14-08.56.45:456][ 90]LogModuleManager: Shutting down and abandoning module EditorLiveStreaming (176)
[2016.04.14-08.56.45:456][ 90]LogModuleManager: Shutting down and abandoning module IOSPlatformEditor (175)
[2016.04.14-08.56.45:456][ 90]LogModuleManager: Shutting down and abandoning module HTML5PlatformEditor (174)
[2016.04.14-08.56.45:456][ 90]LogModuleManager: Shutting down and abandoning module AndroidDeviceDetection (173)
[2016.04.14-08.56.45:841][ 90]LogModuleManager: Shutting down and abandoning module AndroidPlatformEditor (172)
[2016.04.14-08.56.45:841][ 90]LogModuleManager: Shutting down and abandoning module IOSRuntimeSettings (171)
[2016.04.14-08.56.45:841][ 90]LogModuleManager: Shutting down and abandoning module AndroidRuntimeSettings (170)
[2016.04.14-08.56.45:841][ 90]LogModuleManager: Shutting down and abandoning module MergeActors (169)
[2016.04.14-08.56.45:841][ 90]LogModuleManager: Shutting down and abandoning module SizeMap (168)
[2016.04.14-08.56.45:841][ 90]LogModuleManager: Shutting down and abandoning module TreeMap (167)
[2016.04.14-08.56.45:841][ 90]LogModuleManager: Shutting down and abandoning module ReferenceViewer (166)
[2016.04.14-08.56.45:841][ 90]LogModuleManager: Shutting down and abandoning module LocalizationService (165)
[2016.04.14-08.56.45:841][ 90]LogModuleManager: Shutting down and abandoning module LocalizationDashboard (164)
[2016.04.14-08.56.45:841][ 90]LogModuleManager: Shutting down and abandoning module HardwareTargeting (163)
[2016.04.14-08.56.45:841][ 90]LogModuleManager: Shutting down and abandoning module DeviceProfileEditor (162)
[2016.04.14-08.56.45:841][ 90]LogModuleManager: Shutting down and abandoning module UndoHistory (161)
[2016.04.14-08.56.45:841][ 90]LogModuleManager: Shutting down and abandoning module GameplayTagsEditor (160)
[2016.04.14-08.56.45:841][ 90]LogModuleManager: Shutting down and abandoning module UserFeedback (159)
[2016.04.14-08.56.45:841][ 90]LogModuleManager: Shutting down and abandoning module XmlParser (158)
[2016.04.14-08.56.45:841][ 90]LogModuleManager: Shutting down and abandoning module Blutility (157)
[2016.04.14-08.56.45:841][ 90]LogModuleManager: Shutting down and abandoning module ProjectTargetPlatformEditor (156)
[2016.04.14-08.56.45:842][ 90]LogModuleManager: Shutting down and abandoning module ProjectSettingsViewer (155)
[2016.04.14-08.56.45:842][ 90]LogModuleManager: Shutting down and abandoning module InputBindingEditor (154)
[2016.04.14-08.56.45:842][ 90]LogModuleManager: Shutting down and abandoning module EditorSettingsViewer (153)
[2016.04.14-08.56.45:842][ 90]LogModuleManager: Shutting down and abandoning module SettingsEditor (152)
[2016.04.14-08.56.45:842][ 90]LogModuleManager: Shutting down and abandoning module ProjectLauncher (151)
[2016.04.14-08.56.45:842][ 90]LogModuleManager: Shutting down and abandoning module SessionFrontend (150)
[2016.04.14-08.56.45:842][ 90]LogModuleManager: Shutting down and abandoning module ProfilerClient (149)
[2016.04.14-08.56.45:842][ 90]LogModuleManager: Shutting down and abandoning module TargetDeviceServices (148)
[2016.04.14-08.56.45:842][ 90]LogModuleManager: Shutting down and abandoning module DeviceManager (147)
[2016.04.14-08.56.45:842][ 90]LogModuleManager: Shutting down and abandoning module AutomationController (146)
[2016.04.14-08.56.45:842][ 90]LogModuleManager: Shutting down and abandoning module AutomationWindow (145)
[2016.04.14-08.56.45:842][ 90]LogModuleManager: Shutting down and abandoning module Layers (144)
[2016.04.14-08.56.45:842][ 90]LogModuleManager: Shutting down and abandoning module ComponentVisualizers (143)
[2016.04.14-08.56.45:842][ 90]LogModuleManager: Shutting down and abandoning module DetailCustomizations (142)
[2016.04.14-08.56.45:842][ 90]LogModuleManager: Shutting down and abandoning module PackagesDialog (141)
[2016.04.14-08.56.45:843][ 90]LogModuleManager: Shutting down and abandoning module Persona (140)
[2016.04.14-08.56.45:843][ 90]LogModuleManager: Shutting down and abandoning module Kismet (139)
[2016.04.14-08.56.45:843][ 90]LogModuleManager: Shutting down and abandoning module GraphEditor (138)
[2016.04.14-08.56.45:843][ 90]LogModuleManager: Shutting down and abandoning module ClassViewer (137)
[2016.04.14-08.56.45:843][ 90]LogModuleManager: Shutting down and abandoning module Toolbox (136)
[2016.04.14-08.56.45:843][ 90]LogModuleManager: Shutting down and abandoning module ModuleUI (135)
[2016.04.14-08.56.45:843][ 90]LogModuleManager: Shutting down and abandoning module MovieSceneTools (134)
[2016.04.14-08.56.45:843][ 90]LogModuleManager: Shutting down and abandoning module OutputLog (133)
[2016.04.14-08.56.45:843][ 90]LogModuleManager: Shutting down and abandoning module GammaUI (132)
[2016.04.14-08.56.45:843][ 90]LogModuleManager: Shutting down and abandoning module Documentation (131)
[2016.04.14-08.56.45:843][ 90]LogModuleManager: Shutting down and abandoning module GameLiveStreaming (130)
[2016.04.14-08.56.45:843][ 90]LogModuleManager: Shutting down and abandoning module StreamingPauseRendering (129)
[2016.04.14-08.56.45:843][ 90]LogModuleManager: Shutting down and abandoning module AnalyticsET (128)
[2016.04.14-08.56.45:843][ 90]LogModuleManager: Shutting down and abandoning module Analytics (127)
[2016.04.14-08.56.45:843][ 90]LogModuleManager: Shutting down and abandoning module AITestSuite (126)
[2016.04.14-08.56.45:843][ 90]LogModuleManager: Shutting down and abandoning module GameplayDebugger (125)
[2016.04.14-08.56.45:843][ 90]LogModuleManager: Shutting down and abandoning module AIModule (124)
[2016.04.14-08.56.45:843][ 90]LogModuleManager: Shutting down and abandoning module ProfilerService (123)
[2016.04.14-08.56.46:068][ 90]LogModuleManager: Shutting down and abandoning module TaskGraph (122)
[2016.04.14-08.56.46:068][ 90]LogModuleManager: Shutting down and abandoning module SlateRemote (121)
[2016.04.14-08.56.46:068][ 90]LogModuleManager: Shutting down and abandoning module SteamVRController (120)
[2016.04.14-08.56.46:068][ 90]LogModuleManager: Shutting down and abandoning module SteamVR (119)
[2016.04.14-08.56.46:068][ 90]LogModuleManager: Shutting down and abandoning module ProceduralMeshComponent (118)
[2016.04.14-08.56.46:068][ 90]LogModuleManager: Shutting down and abandoning module OculusLibrary (117)
[2016.04.14-08.56.46:068][ 90]LogModuleManager: Shutting down and abandoning module OculusInput (116)
[2016.04.14-08.56.46:068][ 90]LogModuleManager: Shutting down and abandoning module LeapMotionController (115)
[2016.04.14-08.56.46:099][ 90]LogModuleManager: Shutting down and abandoning module CustomMeshComponent (114)
[2016.04.14-08.56.46:099][ 90]LogModuleManager: Shutting down and abandoning module CableComponent (113)
[2016.04.14-08.56.46:099][ 90]LogModuleManager: Shutting down and abandoning module ArchVisCharacter (112)
[2016.04.14-08.56.46:099][ 90]LogModuleManager: Shutting down and abandoning module MessagingDebugger (111)
[2016.04.14-08.56.46:099][ 90]LogModuleManager: Shutting down and abandoning module MediaPlayerEditor (110)
[2016.04.14-08.56.46:100][ 90]LogModuleManager: Shutting down and abandoning module HTML5Networking (109)
[2016.04.14-08.56.46:100][ 90]LogModuleManager: Shutting down and abandoning module SpeedTreeImporter (108)
[2016.04.14-08.56.46:100][ 90]LogModuleManager: Shutting down and abandoning module PluginBrowser (107)
[2016.04.14-08.56.46:100][ 90]LogModuleManager: Shutting down and abandoning module EpicSurvey (106)
[2016.04.14-08.56.46:100][ 90]LogModuleManager: Shutting down and abandoning module DesktopPlatform (105)
[2016.04.14-08.56.46:100][ 90]LogModuleManager: Shutting down and abandoning module VisualStudioSourceCodeAccess (104)
[2016.04.14-08.56.46:100][ 90]LogModuleManager: Shutting down and abandoning module UObjectPlugin (103)
[2016.04.14-08.56.46:100][ 90]LogModuleManager: Shutting down and abandoning module SubversionSourceControl (102)
[2016.04.14-08.56.46:100][ 90]LogModuleManager: Shutting down and abandoning module PerforceSourceControl (101)
[2016.04.14-08.56.46:100][ 90]LogModuleManager: Shutting down and abandoning module SourceControl (100)
[2016.04.14-08.56.46:100][ 90]LogModuleManager: Shutting down and abandoning module GitSourceControl (99)
[2016.04.14-08.56.46:100][ 90]LogModuleManager: Shutting down and abandoning module LightPropagationVolumeEditor (98)
[2016.04.14-08.56.46:100][ 90]LogModuleManager: Shutting down and abandoning module PaperTiledImporter (97)
[2016.04.14-08.56.46:100][ 90]LogModuleManager: Shutting down and abandoning module PaperSpriteSheetImporter (96)
[2016.04.14-08.56.46:100][ 90]LogModuleManager: Shutting down and abandoning module MeshPaint (95)
[2016.04.14-08.56.46:100][ 90]LogModuleManager: Shutting down and abandoning module SlateReflector (94)
[2016.04.14-08.56.46:100][ 90]LogModuleManager: Shutting down and abandoning module HotReload (93)
[2016.04.14-08.56.46:100][ 90]LogModuleManager: Shutting down and abandoning module MainFrame (92)
[2016.04.14-08.56.46:100][ 90]LogModuleManager: Shutting down and abandoning module LevelEditor (91)
[2016.04.14-08.56.46:101][ 90]LogModuleManager: Shutting down and abandoning module DirectoryWatcher (90)
[2016.04.14-08.56.46:102][ 90]LogModuleManager: Shutting down and abandoning module AssetRegistry (89)
[2016.04.14-08.56.46:236][ 90]LogModuleManager: Shutting down and abandoning module ContentBrowser (88)
[2016.04.14-08.56.46:237][ 90]LogModuleManager: Shutting down and abandoning module Paper2DEditor (87)
[2016.04.14-08.56.46:237][ 90]LogModuleManager: Shutting down and abandoning module UdpMessaging (86)
[2016.04.14-08.56.46:337][ 90]LogModuleManager: Shutting down and abandoning module LightPropagationVolumeRuntime (85)
[2016.04.14-08.56.46:337][ 90]LogModuleManager: Shutting down and abandoning module Paper2D (84)
[2016.04.14-08.56.46:337][ 90]LogModuleManager: Shutting down and abandoning module WindowsMoviePlayer (83)
[2016.04.14-08.56.46:341][ 90]LogModuleManager: Shutting down and abandoning module Media (82)
[2016.04.14-08.56.46:342][ 90]LogModuleManager: Shutting down and abandoning module WmfMedia (81)
[2016.04.14-08.56.46:342][ 90]LogModuleManager: Shutting down and abandoning module OnlineBlueprintSupport (80)
[2016.04.14-08.56.46:342][ 90]LogModuleManager: Shutting down and abandoning module GameplayTasksEditor (79)
[2016.04.14-08.56.46:342][ 90]LogModuleManager: Shutting down and abandoning module PropertyEditor (78)
[2016.04.14-08.56.46:342][ 90]LogModuleManager: Shutting down and abandoning module BehaviorTreeEditor (77)
[2016.04.14-08.56.46:342][ 90]LogModuleManager: Shutting down and abandoning module FunctionalTesting (76)
[2016.04.14-08.56.46:343][ 90]LogModuleManager: Shutting down and abandoning module CollisionAnalyzer (75)
[2016.04.14-08.56.46:343][ 90]LogModuleManager: Shutting down and abandoning module WorkspaceMenuStructure (74)
[2016.04.14-08.56.46:343][ 90]LogModuleManager: Shutting down and abandoning module MessageLog (73)
[2016.04.14-08.56.46:343][ 90]LogModuleManager: Shutting down and abandoning module Sequencer (72)
[2016.04.14-08.56.46:343][ 90]LogModuleManager: Shutting down and abandoning module AssetTools (71)
[2016.04.14-08.56.46:343][ 90]LogModuleManager: Shutting down and abandoning module UMGEditor (70)
[2016.04.14-08.56.46:343][ 90]LogModuleManager: Shutting down and abandoning module UMG (69)
[2016.04.14-08.56.46:343][ 90]LogModuleManager: Shutting down and abandoning module Slate (68)
[2016.04.14-08.56.46:343][ 90]LogModuleManager: Shutting down and abandoning module EditorStyle (67)
[2016.04.14-08.56.46:348][ 90]LogModuleManager: Shutting down and abandoning module SessionServices (66)
[2016.04.14-08.56.46:348][ 90]LogModuleManager: Shutting down and abandoning module SourceCodeAccess (65)
[2016.04.14-08.56.46:348][ 90]LogModuleManager: Shutting down and abandoning module HeadMountedDisplay (64)
[2016.04.14-08.56.46:348][ 90]LogModuleManager: Shutting down and abandoning module XAudio2 (63)
[2016.04.14-08.56.46:348][ 90]LogModuleManager: Shutting down and abandoning module Networking (61)
[2016.04.14-08.56.46:348][ 90]LogModuleManager: Shutting down and abandoning module Core (60)
[2016.04.14-08.56.46:348][ 90]LogModuleManager: Shutting down and abandoning module KismetCompiler (59)
[2016.04.14-08.56.46:348][ 90]LogModuleManager: Shutting down and abandoning module PhysXFormats (58)
[2016.04.14-08.56.46:348][ 90]LogModuleManager: Shutting down and abandoning module MeshUtilities (57)
[2016.04.14-08.56.46:348][ 90]LogModuleManager: Shutting down and abandoning module DerivedDataCache (56)
[2016.04.14-08.56.46:423][ 90]LogDerivedDataCache: Shutdown
[2016.04.14-08.56.46:423][ 90]LogModuleManager: Shutting down and abandoning module ShaderFormatOpenGL (55)
[2016.04.14-08.56.46:423][ 90]LogModuleManager: Shutting down and abandoning module ShaderFormatD3D (54)
[2016.04.14-08.56.46:423][ 90]LogModuleManager: Shutting down and abandoning module MetalShaderFormat (53)
[2016.04.14-08.56.46:423][ 90]LogModuleManager: Shutting down and abandoning module TextureFormatUncompressed (52)
[2016.04.14-08.56.46:423][ 90]LogModuleManager: Shutting down and abandoning module TextureFormatPVR (51)
[2016.04.14-08.56.46:423][ 90]LogModuleManager: Shutting down and abandoning module TextureFormatIntelISPCTexComp (50)
[2016.04.14-08.56.46:423][ 90]LogModuleManager: Shutting down and abandoning module TextureFormatDXT (49)
[2016.04.14-08.56.46:423][ 90]LogModuleManager: Shutting down and abandoning module ImageWrapper (48)
[2016.04.14-08.56.46:423][ 90]LogModuleManager: Shutting down and abandoning module TextureFormatASTC (47)
[2016.04.14-08.56.46:423][ 90]LogModuleManager: Shutting down and abandoning module TextureFormatAndroid (46)
[2016.04.14-08.56.46:423][ 90]LogModuleManager: Shutting down and abandoning module AudioFormatOpus (45)
[2016.04.14-08.56.46:423][ 90]LogModuleManager: Shutting down and abandoning module AudioFormatOgg (44)
[2016.04.14-08.56.46:423][ 90]LogModuleManager: Shutting down and abandoning module AudioFormatADPCM (43)
[2016.04.14-08.56.46:423][ 90]LogModuleManager: Shutting down and abandoning module LinuxTargetPlatform (42)
[2016.04.14-08.56.46:423][ 90]LogModuleManager: Shutting down and abandoning module LinuxServerTargetPlatform (41)
[2016.04.14-08.56.46:423][ 90]LogModuleManager: Shutting down and abandoning module LinuxNoEditorTargetPlatform (40)
[2016.04.14-08.56.46:423][ 90]LogModuleManager: Shutting down and abandoning module Messaging (39)
[2016.04.14-08.56.46:424][ 90]LogModuleManager: Shutting down and abandoning module IOSTargetPlatform (38)
[2016.04.14-08.56.46:424][ 90]LogModuleManager: Shutting down and abandoning module HTML5TargetPlatform (37)
[2016.04.14-08.56.46:424][ 90]LogModuleManager: Shutting down and abandoning module Android_PVRTCTargetPlatform (36)
[2016.04.14-08.56.46:424][ 90]LogModuleManager: Shutting down and abandoning module Android_MultiTargetPlatform (35)
[2016.04.14-08.56.46:424][ 90]LogModuleManager: Shutting down and abandoning module Android_ETC2TargetPlatform (34)
[2016.04.14-08.56.46:424][ 90]LogModuleManager: Shutting down and abandoning module Android_ETC1TargetPlatform (33)
[2016.04.14-08.56.46:424][ 90]LogModuleManager: Shutting down and abandoning module Android_DXTTargetPlatform (32)
[2016.04.14-08.56.46:424][ 90]LogModuleManager: Shutting down and abandoning module Android_ATCTargetPlatform (31)
[2016.04.14-08.56.46:424][ 90]LogModuleManager: Shutting down and abandoning module Android_ASTCTargetPlatform (30)
[2016.04.14-08.56.46:424][ 90]LogModuleManager: Shutting down and abandoning module AndroidTargetPlatform (29)
[2016.04.14-08.56.46:424][ 90]LogModuleManager: Shutting down and abandoning module WindowsTargetPlatform (28)
[2016.04.14-08.56.46:424][ 90]LogModuleManager: Shutting down and abandoning module WindowsServerTargetPlatform (27)
[2016.04.14-08.56.46:424][ 90]LogModuleManager: Shutting down and abandoning module WindowsNoEditorTargetPlatform (26)
[2016.04.14-08.56.46:424][ 90]LogModuleManager: Shutting down and abandoning module WindowsClientTargetPlatform (25)
[2016.04.14-08.56.46:424][ 90]LogModuleManager: Shutting down and abandoning module AllDesktopTargetPlatform (24)
[2016.04.14-08.56.46:424][ 90]LogModuleManager: Shutting down and abandoning module TargetPlatform (23)
[2016.04.14-08.56.46:424][ 90]LogModuleManager: Shutting down and abandoning module InputCore (22)
[2016.04.14-08.56.46:424][ 90]LogModuleManager: Shutting down and abandoning module Settings (21)
[2016.04.14-08.56.46:424][ 90]LogModuleManager: Shutting down and abandoning module OnlineSubsystem (19)
[2016.04.14-08.56.46:424][ 90]LogModuleManager: Shutting down and abandoning module HTTP (18)
[2016.04.14-08.56.48:424][ 90]LogModuleManager: Shutting down and abandoning module XMPP (17)
[2016.04.14-08.56.48:424][ 90]LogModuleManager: Shutting down and abandoning module OculusRift (16)
[2016.04.14-08.56.48:424][ 90]LogModuleManager: Shutting down and abandoning module ExampleDeviceProfileSelector (15)
[2016.04.14-08.56.48:424][ 90]LogModuleManager: Shutting down and abandoning module TextureCompressor (14)
[2016.04.14-08.56.48:424][ 90]LogModuleManager: Shutting down and abandoning module ShaderCore (13)
[2016.04.14-08.56.48:424][ 90]LogModuleManager: Shutting down and abandoning module Landscape (12)
[2016.04.14-08.56.48:424][ 90]LogModuleManager: Shutting down and abandoning module SlateRHIRenderer (11)
[2016.04.14-08.56.48:425][ 90]LogModuleManager: Shutting down and abandoning module OpenGLDrv (10)
[2016.04.14-08.56.48:425][ 90]LogModuleManager: Shutting down and abandoning module D3D11RHI (9)
[2016.04.14-08.56.48:425][ 90]LogModuleManager: Shutting down and abandoning module AnimGraphRuntime (8)
[2016.04.14-08.56.48:425][ 90]LogModuleManager: Shutting down and abandoning module Renderer (7)
[2016.04.14-08.56.48:425][ 90]LogModuleManager: Shutting down and abandoning module Engine (6)
[2016.04.14-08.56.48:425][ 90]LogModuleManager: Shutting down and abandoning module CoreUObject (5)
[2016.04.14-08.56.48:425][ 90]LogModuleManager: Shutting down and abandoning module NetworkFile (4)
[2016.04.14-08.56.48:425][ 90]LogModuleManager: Shutting down and abandoning module StreamingFile (3)
[2016.04.14-08.56.48:426][ 90]LogModuleManager: Shutting down and abandoning module SandboxFile (2)
[2016.04.14-08.56.48:426][ 90]LogModuleManager: Shutting down and abandoning module PakFile (1)
[2016.04.14-08.56.48:427][ 90]LogExit: Exiting.
[2016.04.14-08.56.48:429][ 90]Log file closed, 04/14/16 12:56:48
