[2016.04.15-10.28.03:468][  0]Log file open, 04/15/16 14:28:03
[2016.04.15-10.28.03:468][  0]LogInit:Display: Running engine for game: LD35
[2016.04.15-10.28.03:468][  0]LogPlatformFile: Not using cached read wrapper
[2016.04.15-10.28.03:468][  0]LogInit:Display: RandInit(342248806) SRandInit(342248808).
[2016.04.15-10.28.03:468][  0]LogTaskGraph: Started task graph with 4 named threads and 7 total threads.
[2016.04.15-10.28.03:468][  0]LogStats: Stats thread started at 0.078496
[2016.04.15-10.28.03:468][  0]LogInit: Version: 4.10.2-2818068+++depot+UE4-Releases+4.10
[2016.04.15-10.28.03:468][  0]LogInit: API Version: 2758231
[2016.04.15-10.28.03:468][  0]LogInit: Compiled (64-bit): Jan  6 2016 17:36:42
[2016.04.15-10.28.03:468][  0]LogInit: Compiled with Visual C++: 19.00.23026.00
[2016.04.15-10.28.03:468][  0]LogInit: Build Configuration: Development
[2016.04.15-10.28.03:468][  0]LogInit: Branch Name: ++depot+UE4-Releases+4.10
[2016.04.15-10.28.03:468][  0]LogInit: Command line:  /Temp/Autosaves/Game/UEDPCLD35 -game -PIEVIACONSOLE -ResX=1280 -ResY=720  -Multiprocess 
[2016.04.15-10.28.03:468][  0]LogInit: Base directory: C:/Program Files/Epic Games/4.10/Engine/Binaries/Win64/
[2016.04.15-10.28.03:468][  0]LogInit: Rocket: 1
[2016.04.15-10.28.03:478][  0]LogInit: Using libcurl 7.41.0
[2016.04.15-10.28.03:478][  0]LogInit:  - built for x86_64-pc-win32
[2016.04.15-10.28.03:478][  0]LogInit:  - supports SSL with WinSSL
[2016.04.15-10.28.03:478][  0]LogInit:  - other features:
[2016.04.15-10.28.03:478][  0]LogInit:      CURL_VERSION_SSL
[2016.04.15-10.28.03:478][  0]LogInit:      CURL_VERSION_IPV6
[2016.04.15-10.28.03:478][  0]LogInit:      CURL_VERSION_ASYNCHDNS
[2016.04.15-10.28.03:478][  0]LogInit:      CURL_VERSION_LARGEFILE
[2016.04.15-10.28.03:478][  0]LogInit:      CURL_VERSION_IDN
[2016.04.15-10.28.03:478][  0]LogInit:  CurlRequestOptions (configurable via config and command line):
[2016.04.15-10.28.03:478][  0]LogInit:  - bVerifyPeer = true  - Libcurl will verify peer certificate
[2016.04.15-10.28.03:478][  0]LogInit:  - bUseHttpProxy = false  - Libcurl will NOT use HTTP proxy
[2016.04.15-10.28.03:478][  0]LogInit:  - bDontReuseConnections = false  - Libcurl will reuse connections
[2016.04.15-10.28.03:478][  0]LogInit:  - CertBundlePath = nullptr  - Libcurl will use whatever was configured at build time.
[2016.04.15-10.28.03:483][  0]LogInit: Presizing for 0 objects not considered by GC, pre-allocating 0 bytes.
[2016.04.15-10.28.03:489][  0]LogInit: Object subsystem initialized
[2016.04.15-10.28.03:489][  0]LogInit: Selected Device Profile: [Windows]
[2016.04.15-10.28.03:489][  0]LogInit: Applying CVar settings loaded from the selected device profile: [Windows]
[2016.04.15-10.28.03:492][  0]LogInit: Computer: MEGATRON
[2016.04.15-10.28.03:492][  0]LogInit: User: Supr
[2016.04.15-10.28.03:492][  0]LogInit: CPU Page size=4096, Cores=4
[2016.04.15-10.28.03:492][  0]LogInit: High frequency timer resolution =3.320419 MHz
[2016.04.15-10.28.03:492][  0]LogMemory: Memory total: Physical=12.0GB (12GB approx)
[2016.04.15-10.28.03:492][  0]LogMemory: Platform Memory Stats for Windows
[2016.04.15-10.28.03:492][  0]LogMemory: Process Physical Memory: 56.45 MB used, 56.45 MB peak
[2016.04.15-10.28.03:492][  0]LogMemory: Process Virtual Memory: 59.70 MB used, 59.70 MB peak
[2016.04.15-10.28.03:492][  0]LogMemory: Physical Memory: 6910.22 MB used, 12264.86 MB total
[2016.04.15-10.28.03:492][  0]LogMemory: Virtual Memory: 353.81 MB used, 8388608.00 MB total
[2016.04.15-10.28.03:531][  0]LogTextLocalizationManager: No translations for ('ru-RU') exist, falling back to 'en' for localization and internationalization data.
[2016.04.15-10.28.03:805][  0]LogD3D11RHI: Found D3D11 adapter 0: NVIDIA Quadro 4000 (Feature Level 11_0)
[2016.04.15-10.28.03:805][  0]LogD3D11RHI: Adapter has 1999MB of dedicated video memory, 0MB of dedicated system memory, and 5876MB of shared system memory, 1 output[s]
[2016.04.15-10.28.03:805][  0]LogD3D11RHI: Chosen D3D11 Adapter Id = 0
[2016.04.15-10.28.03:811][  0]LogD3D11RHI: !Direct3DDevice
[2016.04.15-10.28.03:811][  0]LogRHI: Texture pool is 1361 MB (70% of 1945 MB)
[2016.04.15-10.28.03:818][  0]LogD3D11RHI: Async texture creation enabled
[2016.04.15-10.28.03:831][  0]LogShaderCompilers: Guid format shader working directory is 3 characters bigger than the processId version (F:/_Good_Job/Unreal Projects/LD35copy/LD35/Intermediate/Shaders/WorkingDirectory/1928/).
[2016.04.15-10.28.03:832][  0]LogShaderCompilers: Cleaned the shader compiler working directory 'C:/Users/Supr/AppData/Local/Temp/UnrealShaderWorkingDir/58D0306D464517053486B8A4B4904336/'.
[2016.04.15-10.28.03:832][  0]LogShaderCompilers:Display: Using Local Shader Compiler.
[2016.04.15-10.28.04:848][  0]LogTemp:Display: Loaded TP AllDesktopTargetPlatform
[2016.04.15-10.28.04:851][  0]LogTemp:Display: Loaded TP WindowsClientTargetPlatform
[2016.04.15-10.28.04:855][  0]LogTemp:Display: Loaded TP WindowsNoEditorTargetPlatform
[2016.04.15-10.28.04:858][  0]LogTemp:Display: Loaded TP WindowsServerTargetPlatform
[2016.04.15-10.28.04:861][  0]LogTemp:Display: Loaded TP WindowsTargetPlatform
[2016.04.15-10.28.04:863][  0]LogTemp:Display: Loaded TP AndroidTargetPlatform
[2016.04.15-10.28.04:865][  0]LogTemp:Display: Loaded TP Android_ASTCTargetPlatform
[2016.04.15-10.28.04:867][  0]LogTemp:Display: Loaded TP Android_ATCTargetPlatform
[2016.04.15-10.28.04:869][  0]LogTemp:Display: Loaded TP Android_DXTTargetPlatform
[2016.04.15-10.28.04:872][  0]LogTemp:Display: Loaded TP Android_ETC1TargetPlatform
[2016.04.15-10.28.04:874][  0]LogTemp:Display: Loaded TP Android_ETC2TargetPlatform
[2016.04.15-10.28.04:878][  0]LogTemp:Display: Loaded TP Android_MultiTargetPlatform
[2016.04.15-10.28.04:878][  0]LogTemp:Display: Loaded TP Android_PVRTCTargetPlatform
[2016.04.15-10.28.04:879][  0]LogTemp:Display: Loaded TP HTML5TargetPlatform
[2016.04.15-10.28.04:893][  0]LogTemp:Display: Loaded TP IOSTargetPlatform
[2016.04.15-10.28.04:895][  0]LogTemp:Display: Loaded TP LinuxNoEditorTargetPlatform
[2016.04.15-10.28.04:897][  0]LogTemp:Display: Loaded TP LinuxServerTargetPlatform
[2016.04.15-10.28.04:900][  0]LogTemp:Display: Loaded TP LinuxTargetPlatform
[2016.04.15-10.28.04:900][  0]LogTargetPlatformManager:Display: Building Assets For Windows
[2016.04.15-10.28.04:963][  0]LogDerivedDataCache:Display: Max Cache Size: 512 MB
[2016.04.15-10.28.05:000][  0]LogDerivedDataCache: Loaded boot cache 0.04s 41MB C:/Users/Supr/AppData/Local/UnrealEngine/4.10/DerivedDataCache/Boot.ddc.
[2016.04.15-10.28.05:000][  0]LogDerivedDataCache:Display: Loaded Boot cache: C:/Users/Supr/AppData/Local/UnrealEngine/4.10/DerivedDataCache/Boot.ddc
[2016.04.15-10.28.05:000][  0]LogDerivedDataCache: FDerivedDataBackendGraph:  Pak pak cache file F:/_Good_Job/Unreal Projects/LD35copy/LD35/DerivedDataCache/DDC.ddp not found, will not use a pak cache.
[2016.04.15-10.28.05:000][  0]LogDerivedDataCache: Unable to find inner node Pak for hierarchical cache Hierarchy.
[2016.04.15-10.28.05:000][  0]LogDerivedDataCache: FDerivedDataBackendGraph:  CompressedPak pak cache file F:/_Good_Job/Unreal Projects/LD35copy/LD35/DerivedDataCache/Compressed.ddp not found, will not use a pak cache.
[2016.04.15-10.28.05:000][  0]LogDerivedDataCache: Unable to find inner node CompressedPak for hierarchical cache Hierarchy.
[2016.04.15-10.28.05:047][  0]LogDerivedDataCache:Display: Pak cache opened for reading ../../../Engine/DerivedDataCache/Compressed.ddp.
[2016.04.15-10.28.05:058][  0]LogDerivedDataCache: Using Local data cache path C:/Users/Supr/AppData/Local/UnrealEngine/Common/DerivedDataCache: Writable
[2016.04.15-10.28.05:222][  0]LogInit: Selected Device Profile: [Windows]
[2016.04.15-10.28.05:222][  0]LogContentStreaming: Texture pool size is 1000.000000MB
[2016.04.15-10.28.05:235][  0]LogMeshUtilities: No automatic mesh reduction module available
[2016.04.15-10.28.05:235][  0]LogMeshUtilities: No automatic mesh merging module available
[2016.04.15-10.28.05:430][  0]LogLinker:Warning: Can't find file '/Game/SkyBox/M_SkyCustom'
[2016.04.15-10.28.05:431][  0]LoadErrors: Info Failed to load /Game/SkyBox/M_SkyCustom.M_SkyCustom Referenced by Sphere
[2016.04.15-10.28.05:431][  0]LogUObjectGlobals:Warning: Failed to load '/Game/SkyBox/M_SkyCustom': Can't find file '/Game/SkyBox/M_SkyCustom'
[2016.04.15-10.28.05:431][  0]LogLinker:Warning: Can't find file for asset '/Game/SkyBox/M_SkyCustom' while loading NULL.
[2016.04.15-10.28.05:431][  0]LoadErrors: Info Failed to load /Game/SkyBox/M_SkyCustom.M_SkyCustom Referenced by Sphere
[2016.04.15-10.28.05:431][  0]LogUObjectGlobals:Warning: Failed to load '/Game/SkyBox/M_SkyCustom': Can't find file for asset '/Game/SkyBox/M_SkyCustom' while loading NULL.
[2016.04.15-10.28.05:467][  0]LogInit: WinSock: version 1.1 (2.2), MaxSocks=32767, MaxUdp=65467
[2016.04.15-10.28.05:624][  0]LogWindowsMoviePlayer: Unable to load movie: F:/_Good_Job/Unreal Projects/LD35copy/LD35/Content/Movies/Default_Startup.mp4
[2016.04.15-10.28.05:712][  0]SourceControl: Info Source control is disabled
[2016.04.15-10.28.05:712][  0]SourceControl: Info Source control is disabled
[2016.04.15-10.28.05:721][  0]SourceControl: Info Source control is disabled
[2016.04.15-10.28.05:866][  0]LogObj: 27937 objects as part of root set at end of initial load.
[2016.04.15-10.28.05:866][  0]LogUObjectAllocator: 5830432 out of 0 bytes used by permanent object pool.
[2016.04.15-10.28.05:913][  0]LogEngine: Initializing Engine...
[2016.04.15-10.28.05:917][  0]LogHMD: Can't find Oculus library dev build: is proper Runtime installed? Version: 0.8.0.0
[2016.04.15-10.28.05:917][  0]LogHMD: SteamVR failed to initialize.  Err: 110
[2016.04.15-10.28.06:005][  0]LogInit: XAudio2 using 'Динамики (Realtek High Definition Audio)' : 2 channels at 48 kHz using 32 bits per sample (channel mask 0x3)
[2016.04.15-10.28.06:012][  0]LogInit: FAudioDevice initialized.
[2016.04.15-10.28.06:018][  0]LogInit: Texture streaming: Enabled
[2016.04.15-10.28.06:071][  0]LogNet: Browse: /Temp/Autosaves/Game/UEDPCLD35?Name=Player
[2016.04.15-10.28.06:071][  0]LogLoad: LoadMap: /Temp/Autosaves/Game/UEDPCLD35?Name=Player
[2016.04.15-10.28.06:079][  0]LogParticles: Destroying 0 GPU particle simulations for FXSystem 0x0000000013275D00
[2016.04.15-10.28.06:086][  0]LogMemory: Platform Memory Stats for Windows
[2016.04.15-10.28.06:086][  0]LogMemory: Process Physical Memory: 379.23 MB used, 380.05 MB peak
[2016.04.15-10.28.06:086][  0]LogMemory: Process Virtual Memory: 456.89 MB used, 456.89 MB peak
[2016.04.15-10.28.06:086][  0]LogMemory: Physical Memory: 7183.70 MB used, 12264.86 MB total
[2016.04.15-10.28.06:086][  0]LogMemory: Virtual Memory: 993.19 MB used, 8388608.00 MB total
[2016.04.15-10.28.06:086][  0]LogMemory: 
[2016.04.15-10.28.06:086][  0]Allocator Stats for TBB: (not implemented)
[2016.04.15-10.28.06:194][  0]LogAIModule: Creating AISystem for world LD35
[2016.04.15-10.28.06:194][  0]LogWorld: Game class is 'MyGameMode_C'
[2016.04.15-10.28.06:196][  0]LogWorld: Bringing World /Temp/Autosaves/Game/UEDPCLD35.LD35 up for play (max tick rate 0) at 2016.04.15-14.28.06
[2016.04.15-10.28.06:196][  0]LogWorld: Bringing up level for play took: 0.001595
[2016.04.15-10.28.06:197][  0]LogInit:Display: Game Engine Initialized.
[2016.04.15-10.28.06:416][  0]LogLoad: Full Startup: 10.11 seconds (BP compile: 0.02 seconds)
[2016.04.15-10.28.06:442][  0]LogOcInput: Can't find Oculus library dev build: is proper Runtime installed? Version: 0.8.0.0
[2016.04.15-10.28.06:592][  2]LogRenderer: Reallocating scene render targets to support 1280x720 (Frame:2).
[2016.04.15-10.28.19:758][681]Closing by request
[2016.04.15-10.28.19:758][681]LogWindows: FPlatformMisc::RequestExit(0)
[2016.04.15-10.28.19:948][682]LogExit: Preparing to exit.
[2016.04.15-10.28.20:023][682]LogExit: Game engine shut down
[2016.04.15-10.28.20:024][682]LogParticles: Destroying 0 GPU particle simulations for FXSystem 0x00000000103816C0
[2016.04.15-10.28.20:122][682]LogExit: Object subsystem successfully closed.
[2016.04.15-10.28.20:141][682]LogD3D11RHI: Shutdown
[2016.04.15-10.28.20:141][682]LogD3D11RHI: CleanupD3DDevice
[2016.04.15-10.28.20:166][682]LogD3D11RHI: ~FD3D11DynamicRHI
[2016.04.15-10.28.20:177][682]LogModuleManager: Shutting down and abandoning module AndroidDeviceDetection (117)
[2016.04.15-10.28.20:451][682]LogModuleManager: Shutting down and abandoning module AutomationController (116)
[2016.04.15-10.28.20:451][682]LogModuleManager: Shutting down and abandoning module AutomationWorker (115)
[2016.04.15-10.28.20:451][682]LogModuleManager: Shutting down and abandoning module CharacterAI (114)
[2016.04.15-10.28.20:451][682]LogModuleManager: Shutting down and abandoning module AITestSuite (113)
[2016.04.15-10.28.20:451][682]LogModuleManager: Shutting down and abandoning module GameplayDebugger (112)
[2016.04.15-10.28.20:451][682]LogModuleManager: Shutting down and abandoning module AIModule (111)
[2016.04.15-10.28.20:451][682]LogModuleManager: Shutting down and abandoning module MovieSceneCapture (110)
[2016.04.15-10.28.20:451][682]LogModuleManager: Shutting down and abandoning module GameLiveStreaming (109)
[2016.04.15-10.28.20:451][682]LogModuleManager: Shutting down and abandoning module StreamingPauseRendering (108)
[2016.04.15-10.28.20:451][682]LogModuleManager: Shutting down and abandoning module ProfilerService (107)
[2016.04.15-10.28.20:624][682]LogModuleManager: Shutting down and abandoning module TaskGraph (106)
[2016.04.15-10.28.20:624][682]LogModuleManager: Shutting down and abandoning module SlateRemote (105)
[2016.04.15-10.28.20:624][682]LogModuleManager: Shutting down and abandoning module SteamVRController (104)
[2016.04.15-10.28.20:624][682]LogModuleManager: Shutting down and abandoning module SteamVR (103)
[2016.04.15-10.28.20:624][682]LogModuleManager: Shutting down and abandoning module ProceduralMeshComponent (102)
[2016.04.15-10.28.20:624][682]LogModuleManager: Shutting down and abandoning module OculusLibrary (101)
[2016.04.15-10.28.20:624][682]LogModuleManager: Shutting down and abandoning module OculusInput (100)
[2016.04.15-10.28.20:624][682]LogModuleManager: Shutting down and abandoning module LeapMotionController (99)
[2016.04.15-10.28.20:635][682]LogModuleManager: Shutting down and abandoning module CustomMeshComponent (98)
[2016.04.15-10.28.20:635][682]LogModuleManager: Shutting down and abandoning module CableComponent (97)
[2016.04.15-10.28.20:635][682]LogModuleManager: Shutting down and abandoning module ArchVisCharacter (96)
[2016.04.15-10.28.20:635][682]LogModuleManager: Shutting down and abandoning module HTML5Networking (95)
[2016.04.15-10.28.20:635][682]LogModuleManager: Shutting down and abandoning module DesktopPlatform (94)
[2016.04.15-10.28.20:635][682]LogModuleManager: Shutting down and abandoning module DirectoryWatcher (93)
[2016.04.15-10.28.20:635][682]LogModuleManager: Shutting down and abandoning module HotReload (92)
[2016.04.15-10.28.20:635][682]LogModuleManager: Shutting down and abandoning module VisualStudioSourceCodeAccess (91)
[2016.04.15-10.28.20:635][682]LogModuleManager: Shutting down and abandoning module UObjectPlugin (90)
[2016.04.15-10.28.20:635][682]LogModuleManager: Shutting down and abandoning module SubversionSourceControl (89)
[2016.04.15-10.28.20:635][682]LogModuleManager: Shutting down and abandoning module SourceControl (88)
[2016.04.15-10.28.20:635][682]LogModuleManager: Shutting down and abandoning module PerforceSourceControl (87)
[2016.04.15-10.28.20:635][682]LogModuleManager: Shutting down and abandoning module UdpMessaging (86)
[2016.04.15-10.28.20:635][682]LogModuleManager: Shutting down and abandoning module LightPropagationVolumeRuntime (85)
[2016.04.15-10.28.20:635][682]LogModuleManager: Shutting down and abandoning module Paper2D (84)
[2016.04.15-10.28.20:635][682]LogModuleManager: Shutting down and abandoning module WindowsMoviePlayer (83)
[2016.04.15-10.28.20:637][682]LogModuleManager: Shutting down and abandoning module Media (82)
[2016.04.15-10.28.20:637][682]LogModuleManager: Shutting down and abandoning module WmfMedia (81)
[2016.04.15-10.28.20:637][682]LogModuleManager: Shutting down and abandoning module OnlineBlueprintSupport (80)
[2016.04.15-10.28.20:637][682]LogModuleManager: Shutting down and abandoning module GameplayTasksEditor (79)
[2016.04.15-10.28.20:637][682]LogModuleManager: Shutting down and abandoning module PropertyEditor (78)
[2016.04.15-10.28.20:637][682]LogModuleManager: Shutting down and abandoning module BehaviorTreeEditor (77)
[2016.04.15-10.28.20:637][682]LogModuleManager: Shutting down and abandoning module FunctionalTesting (76)
[2016.04.15-10.28.20:637][682]LogModuleManager: Shutting down and abandoning module CollisionAnalyzer (75)
[2016.04.15-10.28.20:637][682]LogModuleManager: Shutting down and abandoning module WorkspaceMenuStructure (74)
[2016.04.15-10.28.20:637][682]LogModuleManager: Shutting down and abandoning module MessageLog (73)
[2016.04.15-10.28.20:637][682]LogModuleManager: Shutting down and abandoning module Sequencer (72)
[2016.04.15-10.28.20:637][682]LogModuleManager: Shutting down and abandoning module AssetTools (71)
[2016.04.15-10.28.20:637][682]LogModuleManager: Shutting down and abandoning module UMGEditor (70)
[2016.04.15-10.28.20:637][682]LogModuleManager: Shutting down and abandoning module UMG (69)
[2016.04.15-10.28.20:637][682]LogModuleManager: Shutting down and abandoning module Slate (68)
[2016.04.15-10.28.20:637][682]LogModuleManager: Shutting down and abandoning module EditorStyle (67)
[2016.04.15-10.28.20:639][682]LogModuleManager: Shutting down and abandoning module SessionServices (66)
[2016.04.15-10.28.20:639][682]LogModuleManager: Shutting down and abandoning module SourceCodeAccess (65)
[2016.04.15-10.28.20:639][682]LogModuleManager: Shutting down and abandoning module HeadMountedDisplay (64)
[2016.04.15-10.28.20:639][682]LogModuleManager: Shutting down and abandoning module XAudio2 (63)
[2016.04.15-10.28.20:639][682]LogModuleManager: Shutting down and abandoning module Networking (61)
[2016.04.15-10.28.20:639][682]LogModuleManager: Shutting down and abandoning module Core (60)
[2016.04.15-10.28.20:639][682]LogModuleManager: Shutting down and abandoning module KismetCompiler (59)
[2016.04.15-10.28.20:639][682]LogModuleManager: Shutting down and abandoning module PhysXFormats (58)
[2016.04.15-10.28.20:639][682]LogModuleManager: Shutting down and abandoning module MeshUtilities (57)
[2016.04.15-10.28.20:639][682]LogModuleManager: Shutting down and abandoning module DerivedDataCache (56)
[2016.04.15-10.28.21:049][682]LogDerivedDataCache: Shutdown
[2016.04.15-10.28.21:049][682]LogModuleManager: Shutting down and abandoning module ShaderFormatOpenGL (55)
[2016.04.15-10.28.21:049][682]LogModuleManager: Shutting down and abandoning module ShaderFormatD3D (54)
[2016.04.15-10.28.21:049][682]LogModuleManager: Shutting down and abandoning module MetalShaderFormat (53)
[2016.04.15-10.28.21:049][682]LogModuleManager: Shutting down and abandoning module TextureFormatUncompressed (52)
[2016.04.15-10.28.21:049][682]LogModuleManager: Shutting down and abandoning module TextureFormatPVR (51)
[2016.04.15-10.28.21:049][682]LogModuleManager: Shutting down and abandoning module TextureFormatIntelISPCTexComp (50)
[2016.04.15-10.28.21:049][682]LogModuleManager: Shutting down and abandoning module TextureFormatDXT (49)
[2016.04.15-10.28.21:049][682]LogModuleManager: Shutting down and abandoning module ImageWrapper (48)
[2016.04.15-10.28.21:049][682]LogModuleManager: Shutting down and abandoning module TextureFormatASTC (47)
[2016.04.15-10.28.21:049][682]LogModuleManager: Shutting down and abandoning module TextureFormatAndroid (46)
[2016.04.15-10.28.21:049][682]LogModuleManager: Shutting down and abandoning module AudioFormatOpus (45)
[2016.04.15-10.28.21:049][682]LogModuleManager: Shutting down and abandoning module AudioFormatOgg (44)
[2016.04.15-10.28.21:049][682]LogModuleManager: Shutting down and abandoning module AudioFormatADPCM (43)
[2016.04.15-10.28.21:050][682]LogModuleManager: Shutting down and abandoning module LinuxTargetPlatform (42)
[2016.04.15-10.28.21:050][682]LogModuleManager: Shutting down and abandoning module LinuxServerTargetPlatform (41)
[2016.04.15-10.28.21:050][682]LogModuleManager: Shutting down and abandoning module LinuxNoEditorTargetPlatform (40)
[2016.04.15-10.28.21:050][682]LogModuleManager: Shutting down and abandoning module Messaging (39)
[2016.04.15-10.28.21:050][682]LogModuleManager: Shutting down and abandoning module IOSTargetPlatform (38)
[2016.04.15-10.28.21:050][682]LogModuleManager: Shutting down and abandoning module HTML5TargetPlatform (37)
[2016.04.15-10.28.21:050][682]LogModuleManager: Shutting down and abandoning module Android_PVRTCTargetPlatform (36)
[2016.04.15-10.28.21:050][682]LogModuleManager: Shutting down and abandoning module Android_MultiTargetPlatform (35)
[2016.04.15-10.28.21:050][682]LogModuleManager: Shutting down and abandoning module Android_ETC2TargetPlatform (34)
[2016.04.15-10.28.21:050][682]LogModuleManager: Shutting down and abandoning module Android_ETC1TargetPlatform (33)
[2016.04.15-10.28.21:050][682]LogModuleManager: Shutting down and abandoning module Android_DXTTargetPlatform (32)
[2016.04.15-10.28.21:050][682]LogModuleManager: Shutting down and abandoning module Android_ATCTargetPlatform (31)
[2016.04.15-10.28.21:050][682]LogModuleManager: Shutting down and abandoning module Android_ASTCTargetPlatform (30)
[2016.04.15-10.28.21:050][682]LogModuleManager: Shutting down and abandoning module AndroidTargetPlatform (29)
[2016.04.15-10.28.21:050][682]LogModuleManager: Shutting down and abandoning module WindowsTargetPlatform (28)
[2016.04.15-10.28.21:050][682]LogModuleManager: Shutting down and abandoning module WindowsServerTargetPlatform (27)
[2016.04.15-10.28.21:050][682]LogModuleManager: Shutting down and abandoning module WindowsNoEditorTargetPlatform (26)
[2016.04.15-10.28.21:050][682]LogModuleManager: Shutting down and abandoning module WindowsClientTargetPlatform (25)
[2016.04.15-10.28.21:050][682]LogModuleManager: Shutting down and abandoning module AllDesktopTargetPlatform (24)
[2016.04.15-10.28.21:050][682]LogModuleManager: Shutting down and abandoning module TargetPlatform (23)
[2016.04.15-10.28.21:050][682]LogModuleManager: Shutting down and abandoning module InputCore (22)
[2016.04.15-10.28.21:050][682]LogModuleManager: Shutting down and abandoning module Settings (21)
[2016.04.15-10.28.21:050][682]LogModuleManager: Shutting down and abandoning module OnlineSubsystem (19)
[2016.04.15-10.28.21:050][682]LogModuleManager: Shutting down and abandoning module HTTP (18)
[2016.04.15-10.28.21:050][682]LogModuleManager: Shutting down and abandoning module XMPP (17)
[2016.04.15-10.28.21:050][682]LogModuleManager: Shutting down and abandoning module OculusRift (16)
[2016.04.15-10.28.21:050][682]LogModuleManager: Shutting down and abandoning module ExampleDeviceProfileSelector (15)
[2016.04.15-10.28.21:050][682]LogModuleManager: Shutting down and abandoning module TextureCompressor (14)
[2016.04.15-10.28.21:050][682]LogModuleManager: Shutting down and abandoning module ShaderCore (13)
[2016.04.15-10.28.21:050][682]LogModuleManager: Shutting down and abandoning module Landscape (12)
[2016.04.15-10.28.21:050][682]LogModuleManager: Shutting down and abandoning module SlateRHIRenderer (11)
[2016.04.15-10.28.21:050][682]LogModuleManager: Shutting down and abandoning module OpenGLDrv (10)
[2016.04.15-10.28.21:050][682]LogModuleManager: Shutting down and abandoning module D3D11RHI (9)
[2016.04.15-10.28.21:050][682]LogModuleManager: Shutting down and abandoning module AnimGraphRuntime (8)
[2016.04.15-10.28.21:050][682]LogModuleManager: Shutting down and abandoning module Renderer (7)
[2016.04.15-10.28.21:050][682]LogModuleManager: Shutting down and abandoning module Engine (6)
[2016.04.15-10.28.21:050][682]LogModuleManager: Shutting down and abandoning module CoreUObject (5)
[2016.04.15-10.28.21:050][682]LogModuleManager: Shutting down and abandoning module NetworkFile (4)
[2016.04.15-10.28.21:050][682]LogModuleManager: Shutting down and abandoning module StreamingFile (3)
[2016.04.15-10.28.21:050][682]LogModuleManager: Shutting down and abandoning module SandboxFile (2)
[2016.04.15-10.28.21:050][682]LogModuleManager: Shutting down and abandoning module PakFile (1)
[2016.04.15-10.28.21:050][682]LogExit: Exiting.
[2016.04.15-10.28.21:051][682]Log file closed, 04/15/16 14:28:21
